This file contains any messages produced by compilers while
running configure, to aid debugging if configure makes a mistake.

It was created by ESPRESSO configure 5.4.0, which was
generated by GNU Autoconf 2.69.  Invocation command line was

  $ ./install/configure --enable-parallel --with-hdf5=/home/nvarini/sofware/hdf5-1.8.17 --with-scalapack=intel MPIF90=mpiifort FC=ifort

## --------- ##
## Platform. ##
## --------- ##

hostname = theospc12
uname -m = x86_64
uname -r = 3.13.0-92-generic
uname -s = Linux
uname -v = #139-Ubuntu SMP Tue Jun 28 20:42:26 UTC 2016

/usr/bin/uname -p = unknown
/bin/uname -X     = unknown

/bin/arch              = unknown
/usr/bin/arch -k       = unknown
/usr/convex/getsysinfo = unknown
/usr/bin/hostinfo      = unknown
/bin/machine           = unknown
/usr/bin/oslevel       = unknown
/bin/universe          = unknown

PATH: /home/nvarini/bin
PATH: /home/nvarini/profiling/bin
PATH: /opt/cube/bin
PATH: /home/nvarini/aiida_epfl/bin
PATH: /opt/intel/vtune_amplifier_xe_2015.2.0.393444/bin64
PATH: /opt/intel/impi/5.0.3.048/intel64/bin
PATH: /opt/intel/composer_xe_2015.2.164/bin/intel64
PATH: /opt/intel/composer_xe_2015.2.164/debugger/gdb/intel64_mic/bin
PATH: /opt/intel/composer_xe_2015.2.164/bin/intel64
PATH: /opt/intel/composer_xe_2015.2.164/debugger/gdb/intel64_mic/bin
PATH: /usr/local/sbin
PATH: /usr/local/bin
PATH: /usr/sbin
PATH: /usr/bin
PATH: /sbin
PATH: /bin
PATH: /usr/games
PATH: /usr/local/games


## ----------- ##
## Core tests. ##
## ----------- ##

configure:2581: checking build system type
configure:2595: result: x86_64-pc-linux-gnu
configure:2619: checking ARCH
configure:2664: result: x86_64
configure:2684: checking setting AR... 
configure:2690: result: ar
configure:2694: checking setting ARFLAGS... 
configure:2709: result: ruv
configure:2843: checking for Fortran compiler version
configure:2852: ifort --version >&5
ifort (IFORT) 15.0.2 20150121
Copyright (C) 1985-2015 Intel Corporation.  All rights reserved.

configure:2863: $? = 0
configure:2852: ifort -v >&5
ifort version 15.0.2
configure:2863: $? = 0
configure:2852: ifort -V >&5
Intel(R) Fortran Intel(R) 64 Compiler XE for applications running on Intel(R) 64, Version 15.0.2.164 Build 20150121
Copyright (C) 1985-2015 Intel Corporation.  All rights reserved.

configure:2863: $? = 0
configure:2852: ifort -qversion >&5
ifort: command line warning #10006: ignoring unknown option '-qversion'
ifort: command line error: no files specified; for help type "ifort -help"
configure:2863: $? = 1
configure:2872: checking whether we are using the GNU Fortran compiler
configure:2885: ifort -c   conftest.F >&5
conftest.F(3): error #5082: Syntax error, found END-OF-STATEMENT when expecting one of: ( % [ : . = =>
       choke me
---------------^
conftest.F(3): error #6218: This statement is positioned incorrectly and/or has syntax errors.
       choke me
---------------^
compilation aborted for conftest.F (code 1)
configure:2885: $? = 1
configure: failed program was:
|       program main
| #ifndef __GNUC__
|        choke me
| #endif
| 
|       end
configure:2894: result: no
configure:2900: checking whether ifort accepts -g
configure:2911: ifort -c -g  conftest.f >&5
configure:2911: $? = 0
configure: failed program was:
|       program main
| 
|       end
configure:2919: result: no
configure:3157: checking for Fortran compiler version
configure:3166: ifort --version >&5
ifort (IFORT) 15.0.2 20150121
Copyright (C) 1985-2015 Intel Corporation.  All rights reserved.

configure:3177: $? = 0
configure:3166: ifort -v >&5
ifort version 15.0.2
configure:3177: $? = 0
configure:3166: ifort -V >&5
Intel(R) Fortran Intel(R) 64 Compiler XE for applications running on Intel(R) 64, Version 15.0.2.164 Build 20150121
Copyright (C) 1985-2015 Intel Corporation.  All rights reserved.

configure:3177: $? = 0
configure:3166: ifort -qversion >&5
ifort: command line warning #10006: ignoring unknown option '-qversion'
ifort: command line error: no files specified; for help type "ifort -help"
configure:3177: $? = 1
configure:3192: checking whether the Fortran compiler works
configure:3214: ifort    conftest.f  >&5
configure:3218: $? = 0
configure:3266: result: yes
configure:3269: checking for Fortran compiler default output file name
configure:3271: result: a.out
configure:3277: checking for suffix of executables
configure:3284: ifort -o conftest    conftest.f  >&5
configure:3288: $? = 0
configure:3310: result: 
configure:3326: checking whether we are cross compiling
configure:3364: result: yes
configure:3369: checking for suffix of object files
configure:3385: ifort -c   conftest.f >&5
configure:3389: $? = 0
configure:3410: result: o
configure:3418: checking whether we are using the GNU Fortran compiler
configure:3440: result: no
configure:3446: checking whether ifort accepts -g
configure:3465: result: no
configure:3499: checking for Fortran flag to compile .f90 files
configure:3519: ifort -c   conftest.f90 >&5
configure:3519: $? = 0
configure:3528: result: none
configure:3878: checking for Fortran compiler version
configure:3887: ifort --version >&5
ifort (IFORT) 15.0.2 20150121
Copyright (C) 1985-2015 Intel Corporation.  All rights reserved.

configure:3898: $? = 0
configure:3887: ifort -v >&5
ifort version 15.0.2
configure:3898: $? = 0
configure:3887: ifort -V >&5
Intel(R) Fortran Intel(R) 64 Compiler XE for applications running on Intel(R) 64, Version 15.0.2.164 Build 20150121
Copyright (C) 1985-2015 Intel Corporation.  All rights reserved.

configure:3898: $? = 0
configure:3887: ifort -qversion >&5
ifort: command line warning #10006: ignoring unknown option '-qversion'
ifort: command line error: no files specified; for help type "ifort -help"
configure:3898: $? = 1
configure:3907: checking whether we are using the GNU Fortran compiler
configure:3920: ifort -c   conftest.F >&5
conftest.F(3): error #5082: Syntax error, found END-OF-STATEMENT when expecting one of: ( % [ : . = =>
       choke me
---------------^
conftest.F(3): error #6218: This statement is positioned incorrectly and/or has syntax errors.
       choke me
---------------^
compilation aborted for conftest.F (code 1)
configure:3920: $? = 1
configure: failed program was:
|       program main
| #ifndef __GNUC__
|        choke me
| #endif
| 
|       end
configure:3929: result: no
configure:3935: checking whether ifort accepts -g
configure:3946: ifort -c -g  conftest.f90 >&5
configure:3946: $? = 0
configure:3954: result: yes
configure:4252: checking for icc
configure:4268: found /opt/intel/composer_xe_2015.2.164/bin/intel64/icc
configure:4279: result: icc
configure:4295: WARNING: using cross tools not prefixed with host triplet
configure:4310: checking for C compiler version
configure:4319: icc --version >&5
icc (ICC) 15.0.2 20150121
Copyright (C) 1985-2015 Intel Corporation.  All rights reserved.

configure:4330: $? = 0
configure:4319: icc -v >&5
icc version 15.0.2 (gcc version 4.8.0 compatibility)
configure:4330: $? = 0
configure:4319: icc -V >&5
Intel(R) C Intel(R) 64 Compiler XE for applications running on Intel(R) 64, Version 15.0.2.164 Build 20150121
Copyright (C) 1985-2015 Intel Corporation.  All rights reserved.

configure:4330: $? = 0
configure:4319: icc -qversion >&5
icc: command line warning #10006: ignoring unknown option '-qversion'
icc: command line error: no files specified; for help type "icc -help"
configure:4330: $? = 1
configure:4334: checking whether we are using the GNU C compiler
configure:4353: icc -c   conftest.c >&5
configure:4353: $? = 0
configure:4362: result: yes
configure:4371: checking whether icc accepts -g
configure:4391: icc -c -g  conftest.c >&5
configure:4391: $? = 0
configure:4432: result: yes
configure:4449: checking for icc option to accept ISO C89
configure:4512: icc  -c -g -O2  conftest.c >&5
configure:4512: $? = 0
configure:4525: result: none needed
configure:4616: checking how to run the C preprocessor
configure:4647: icc -E  conftest.c
configure:4647: $? = 0
configure:4661: icc -E  conftest.c
conftest.c(9): error #2379: cannot open source file "ac_nonexistent.h"
  #include <ac_nonexistent.h>
                             ^

configure:4661: $? = 2
configure: failed program was:
| /* confdefs.h */
| #define PACKAGE_NAME "ESPRESSO"
| #define PACKAGE_TARNAME "espresso"
| #define PACKAGE_VERSION "5.4.0"
| #define PACKAGE_STRING "ESPRESSO 5.4.0"
| #define PACKAGE_BUGREPORT ""
| #define PACKAGE_URL ""
| /* end confdefs.h.  */
| #include <ac_nonexistent.h>
configure:4686: result: icc -E
configure:4706: icc -E  conftest.c
configure:4706: $? = 0
configure:4720: icc -E  conftest.c
conftest.c(9): error #2379: cannot open source file "ac_nonexistent.h"
  #include <ac_nonexistent.h>
                             ^

configure:4720: $? = 2
configure: failed program was:
| /* confdefs.h */
| #define PACKAGE_NAME "ESPRESSO"
| #define PACKAGE_TARNAME "espresso"
| #define PACKAGE_VERSION "5.4.0"
| #define PACKAGE_STRING "ESPRESSO 5.4.0"
| #define PACKAGE_BUGREPORT ""
| #define PACKAGE_URL ""
| /* end confdefs.h.  */
| #include <ac_nonexistent.h>
configure:4749: checking for grep that handles long lines and -e
configure:4807: result: /bin/grep
configure:4812: checking for egrep
configure:4874: result: /bin/grep -E
configure:4879: checking for ANSI C header files
configure:4899: icc -c -g -O2  conftest.c >&5
configure:4899: $? = 0
configure:4983: result: yes
configure:4996: checking for sys/types.h
configure:4996: icc -c -g -O2  conftest.c >&5
configure:4996: $? = 0
configure:4996: result: yes
configure:4996: checking for sys/stat.h
configure:4996: icc -c -g -O2  conftest.c >&5
configure:4996: $? = 0
configure:4996: result: yes
configure:4996: checking for stdlib.h
configure:4996: icc -c -g -O2  conftest.c >&5
configure:4996: $? = 0
configure:4996: result: yes
configure:4996: checking for string.h
configure:4996: icc -c -g -O2  conftest.c >&5
configure:4996: $? = 0
configure:4996: result: yes
configure:4996: checking for memory.h
configure:4996: icc -c -g -O2  conftest.c >&5
configure:4996: $? = 0
configure:4996: result: yes
configure:4996: checking for strings.h
configure:4996: icc -c -g -O2  conftest.c >&5
configure:4996: $? = 0
configure:4996: result: yes
configure:4996: checking for inttypes.h
configure:4996: icc -c -g -O2  conftest.c >&5
configure:4996: $? = 0
configure:4996: result: yes
configure:4996: checking for stdint.h
configure:4996: icc -c -g -O2  conftest.c >&5
configure:4996: $? = 0
configure:4996: result: yes
configure:4996: checking for unistd.h
configure:4996: icc -c -g -O2  conftest.c >&5
configure:4996: $? = 0
configure:4996: result: yes
configure:5017: checking size of int *
configure:5022: icc -c -g -O2  conftest.c >&5
configure:5022: $? = 0
configure:5022: icc -c -g -O2  conftest.c >&5
conftest.c(55): error: the size of an array must be greater than zero
  static int test_array [1 - 2 * !(((long int) (sizeof (int *))) <= 0)];
                         ^

compilation aborted for conftest.c (code 2)
configure:5022: $? = 2
configure: failed program was:
| /* confdefs.h */
| #define PACKAGE_NAME "ESPRESSO"
| #define PACKAGE_TARNAME "espresso"
| #define PACKAGE_VERSION "5.4.0"
| #define PACKAGE_STRING "ESPRESSO 5.4.0"
| #define PACKAGE_BUGREPORT ""
| #define PACKAGE_URL ""
| #define STDC_HEADERS 1
| #define HAVE_SYS_TYPES_H 1
| #define HAVE_SYS_STAT_H 1
| #define HAVE_STDLIB_H 1
| #define HAVE_STRING_H 1
| #define HAVE_MEMORY_H 1
| #define HAVE_STRINGS_H 1
| #define HAVE_INTTYPES_H 1
| #define HAVE_STDINT_H 1
| #define HAVE_UNISTD_H 1
| /* end confdefs.h.  */
| #include <stdio.h>
| #ifdef HAVE_SYS_TYPES_H
| # include <sys/types.h>
| #endif
| #ifdef HAVE_SYS_STAT_H
| # include <sys/stat.h>
| #endif
| #ifdef STDC_HEADERS
| # include <stdlib.h>
| # include <stddef.h>
| #else
| # ifdef HAVE_STDLIB_H
| #  include <stdlib.h>
| # endif
| #endif
| #ifdef HAVE_STRING_H
| # if !defined STDC_HEADERS && defined HAVE_MEMORY_H
| #  include <memory.h>
| # endif
| # include <string.h>
| #endif
| #ifdef HAVE_STRINGS_H
| # include <strings.h>
| #endif
| #ifdef HAVE_INTTYPES_H
| # include <inttypes.h>
| #endif
| #ifdef HAVE_STDINT_H
| # include <stdint.h>
| #endif
| #ifdef HAVE_UNISTD_H
| # include <unistd.h>
| #endif
| int
| main ()
| {
| static int test_array [1 - 2 * !(((long int) (sizeof (int *))) <= 0)];
| test_array [0] = 0;
| return test_array [0];
| 
|   ;
|   return 0;
| }
configure:5022: icc -c -g -O2  conftest.c >&5
conftest.c(55): error: the size of an array must be greater than zero
  static int test_array [1 - 2 * !(((long int) (sizeof (int *))) <= 1)];
                         ^

compilation aborted for conftest.c (code 2)
configure:5022: $? = 2
configure: failed program was:
| /* confdefs.h */
| #define PACKAGE_NAME "ESPRESSO"
| #define PACKAGE_TARNAME "espresso"
| #define PACKAGE_VERSION "5.4.0"
| #define PACKAGE_STRING "ESPRESSO 5.4.0"
| #define PACKAGE_BUGREPORT ""
| #define PACKAGE_URL ""
| #define STDC_HEADERS 1
| #define HAVE_SYS_TYPES_H 1
| #define HAVE_SYS_STAT_H 1
| #define HAVE_STDLIB_H 1
| #define HAVE_STRING_H 1
| #define HAVE_MEMORY_H 1
| #define HAVE_STRINGS_H 1
| #define HAVE_INTTYPES_H 1
| #define HAVE_STDINT_H 1
| #define HAVE_UNISTD_H 1
| /* end confdefs.h.  */
| #include <stdio.h>
| #ifdef HAVE_SYS_TYPES_H
| # include <sys/types.h>
| #endif
| #ifdef HAVE_SYS_STAT_H
| # include <sys/stat.h>
| #endif
| #ifdef STDC_HEADERS
| # include <stdlib.h>
| # include <stddef.h>
| #else
| # ifdef HAVE_STDLIB_H
| #  include <stdlib.h>
| # endif
| #endif
| #ifdef HAVE_STRING_H
| # if !defined STDC_HEADERS && defined HAVE_MEMORY_H
| #  include <memory.h>
| # endif
| # include <string.h>
| #endif
| #ifdef HAVE_STRINGS_H
| # include <strings.h>
| #endif
| #ifdef HAVE_INTTYPES_H
| # include <inttypes.h>
| #endif
| #ifdef HAVE_STDINT_H
| # include <stdint.h>
| #endif
| #ifdef HAVE_UNISTD_H
| # include <unistd.h>
| #endif
| int
| main ()
| {
| static int test_array [1 - 2 * !(((long int) (sizeof (int *))) <= 1)];
| test_array [0] = 0;
| return test_array [0];
| 
|   ;
|   return 0;
| }
configure:5022: icc -c -g -O2  conftest.c >&5
conftest.c(55): error: the size of an array must be greater than zero
  static int test_array [1 - 2 * !(((long int) (sizeof (int *))) <= 3)];
                         ^

compilation aborted for conftest.c (code 2)
configure:5022: $? = 2
configure: failed program was:
| /* confdefs.h */
| #define PACKAGE_NAME "ESPRESSO"
| #define PACKAGE_TARNAME "espresso"
| #define PACKAGE_VERSION "5.4.0"
| #define PACKAGE_STRING "ESPRESSO 5.4.0"
| #define PACKAGE_BUGREPORT ""
| #define PACKAGE_URL ""
| #define STDC_HEADERS 1
| #define HAVE_SYS_TYPES_H 1
| #define HAVE_SYS_STAT_H 1
| #define HAVE_STDLIB_H 1
| #define HAVE_STRING_H 1
| #define HAVE_MEMORY_H 1
| #define HAVE_STRINGS_H 1
| #define HAVE_INTTYPES_H 1
| #define HAVE_STDINT_H 1
| #define HAVE_UNISTD_H 1
| /* end confdefs.h.  */
| #include <stdio.h>
| #ifdef HAVE_SYS_TYPES_H
| # include <sys/types.h>
| #endif
| #ifdef HAVE_SYS_STAT_H
| # include <sys/stat.h>
| #endif
| #ifdef STDC_HEADERS
| # include <stdlib.h>
| # include <stddef.h>
| #else
| # ifdef HAVE_STDLIB_H
| #  include <stdlib.h>
| # endif
| #endif
| #ifdef HAVE_STRING_H
| # if !defined STDC_HEADERS && defined HAVE_MEMORY_H
| #  include <memory.h>
| # endif
| # include <string.h>
| #endif
| #ifdef HAVE_STRINGS_H
| # include <strings.h>
| #endif
| #ifdef HAVE_INTTYPES_H
| # include <inttypes.h>
| #endif
| #ifdef HAVE_STDINT_H
| # include <stdint.h>
| #endif
| #ifdef HAVE_UNISTD_H
| # include <unistd.h>
| #endif
| int
| main ()
| {
| static int test_array [1 - 2 * !(((long int) (sizeof (int *))) <= 3)];
| test_array [0] = 0;
| return test_array [0];
| 
|   ;
|   return 0;
| }
configure:5022: icc -c -g -O2  conftest.c >&5
conftest.c(55): error: the size of an array must be greater than zero
  static int test_array [1 - 2 * !(((long int) (sizeof (int *))) <= 7)];
                         ^

compilation aborted for conftest.c (code 2)
configure:5022: $? = 2
configure: failed program was:
| /* confdefs.h */
| #define PACKAGE_NAME "ESPRESSO"
| #define PACKAGE_TARNAME "espresso"
| #define PACKAGE_VERSION "5.4.0"
| #define PACKAGE_STRING "ESPRESSO 5.4.0"
| #define PACKAGE_BUGREPORT ""
| #define PACKAGE_URL ""
| #define STDC_HEADERS 1
| #define HAVE_SYS_TYPES_H 1
| #define HAVE_SYS_STAT_H 1
| #define HAVE_STDLIB_H 1
| #define HAVE_STRING_H 1
| #define HAVE_MEMORY_H 1
| #define HAVE_STRINGS_H 1
| #define HAVE_INTTYPES_H 1
| #define HAVE_STDINT_H 1
| #define HAVE_UNISTD_H 1
| /* end confdefs.h.  */
| #include <stdio.h>
| #ifdef HAVE_SYS_TYPES_H
| # include <sys/types.h>
| #endif
| #ifdef HAVE_SYS_STAT_H
| # include <sys/stat.h>
| #endif
| #ifdef STDC_HEADERS
| # include <stdlib.h>
| # include <stddef.h>
| #else
| # ifdef HAVE_STDLIB_H
| #  include <stdlib.h>
| # endif
| #endif
| #ifdef HAVE_STRING_H
| # if !defined STDC_HEADERS && defined HAVE_MEMORY_H
| #  include <memory.h>
| # endif
| # include <string.h>
| #endif
| #ifdef HAVE_STRINGS_H
| # include <strings.h>
| #endif
| #ifdef HAVE_INTTYPES_H
| # include <inttypes.h>
| #endif
| #ifdef HAVE_STDINT_H
| # include <stdint.h>
| #endif
| #ifdef HAVE_UNISTD_H
| # include <unistd.h>
| #endif
| int
| main ()
| {
| static int test_array [1 - 2 * !(((long int) (sizeof (int *))) <= 7)];
| test_array [0] = 0;
| return test_array [0];
| 
|   ;
|   return 0;
| }
configure:5022: icc -c -g -O2  conftest.c >&5
configure:5022: $? = 0
configure:5022: icc -c -g -O2  conftest.c >&5
configure:5022: $? = 0
configure:5022: icc -c -g -O2  conftest.c >&5
configure:5022: $? = 0
configure:5022: icc -c -g -O2  conftest.c >&5
configure:5022: $? = 0
configure:5036: result: 8
configure:5050: checking malloc.h usability
configure:5050: icc -c -g -O2  conftest.c >&5
configure:5050: $? = 0
configure:5050: result: yes
configure:5050: checking malloc.h presence
configure:5050: icc -E  conftest.c
configure:5050: $? = 0
configure:5050: result: yes
configure:5050: checking for malloc.h
configure:5050: result: yes
configure:5060: checking for struct mallinfo.arena
configure:5060: icc -c -g -O2  conftest.c >&5
configure:5060: $? = 0
configure:5060: result: yes
configure:5157: checking for ifort
configure:5173: found /opt/intel/composer_xe_2015.2.164/bin/intel64/ifort
configure:5184: result: ifort
configure:5210: checking for Fortran 77 compiler version
configure:5219: ifort --version >&5
ifort (IFORT) 15.0.2 20150121
Copyright (C) 1985-2015 Intel Corporation.  All rights reserved.

configure:5230: $? = 0
configure:5219: ifort -v >&5
ifort version 15.0.2
configure:5230: $? = 0
configure:5219: ifort -V >&5
Intel(R) Fortran Intel(R) 64 Compiler XE for applications running on Intel(R) 64, Version 15.0.2.164 Build 20150121
Copyright (C) 1985-2015 Intel Corporation.  All rights reserved.

configure:5230: $? = 0
configure:5219: ifort -qversion >&5
ifort: command line warning #10006: ignoring unknown option '-qversion'
ifort: command line error: no files specified; for help type "ifort -help"
configure:5230: $? = 1
configure:5239: checking whether we are using the GNU Fortran 77 compiler
configure:5252: ifort -c  conftest.F >&5
conftest.F(3): error #5082: Syntax error, found END-OF-STATEMENT when expecting one of: ( % [ : . = =>
       choke me
---------------^
conftest.F(3): error #6218: This statement is positioned incorrectly and/or has syntax errors.
       choke me
---------------^
compilation aborted for conftest.F (code 1)
configure:5252: $? = 1
configure: failed program was:
|       program main
| #ifndef __GNUC__
|        choke me
| #endif
| 
|       end
configure:5261: result: no
configure:5267: checking whether ifort accepts -g
configure:5278: ifort -c -g conftest.f >&5
configure:5278: $? = 0
configure:5286: result: yes
configure:5631: checking whether the Fortran compiler can perform preprocessing
configure:5648: ifort -c   conftest.f90 >&5
conftest.f90(3): warning #5117: Bad # preprocessor line
#define SUBSTME integer
-^
conftest.f90(4): error #5082: Syntax error, found '::' when expecting one of: ( % [ : . = =>
SUBSTME :: ii
--------^
compilation aborted for conftest.f90 (code 1)
configure:5648: $? = 1
configure: failed program was:
|       program main
| 
| #define SUBSTME integer
| SUBSTME :: ii
| 
|       end
configure:5652: result: no
configure:5725: checking whether make sets $(MAKE)
configure:5747: result: yes
configure:5772: checking host system type
configure:5785: result: x86_64-pc-linux-gnu
configure:5810: checking how to get verbose linking output from ifort
configure:5820: ifort -c -g conftest.f >&5
configure:5820: $? = 0
configure:5838: ifort -o conftest -g -v conftest.f
ifort version 15.0.2
/opt/intel/composer_xe_2015.2.164/bin/intel64/fortcom    -D__INTEL_COMPILER=1500 -D__INTEL_COMPILER_UPDATE=2 -D__unix__ -D__unix -D__linux__ -D__linux -D__gnu_linux__ -Dunix -Dlinux -D__ELF__ -D__x86_64 -D__x86_64__ -D__amd64 -D__amd64__ -D_MT -D__INTEL_COMPILER_BUILD_DATE=20150121 -D__INTEL_OFFLOAD -D__i686 -D__i686__ -D__pentiumpro -D__pentiumpro__ -D__pentium4 -D__pentium4__ -D__tune_pentium4__ -D__SSE2__ -D__SSE2_MATH__ -D__SSE__ -D__SSE_MATH__ -D__MMX__ -mGLOB_pack_sort_init_list -I. -I/opt/intel/composer_xe_2015.2.164/ipp/include -I/opt/intel/composer_xe_2015.2.164/mkl/include -I/opt/intel/composer_xe_2015.2.164/tbb/include -I/opt/intel/composer_xe_2015.2.164/ipp/include -I/opt/intel/composer_xe_2015.2.164/mkl/include -I/opt/intel/composer_xe_2015.2.164/tbb/include -I/opt/intel/composer_xe_2015.2.164/compiler/include/intel64 -I/opt/intel/composer_xe_2015.2.164/compiler/include -I/usr/local/include -I/usr/lib/gcc/x86_64-linux-gnu/4.8/include -I/usr/lib/gcc/x86_64-linux-gnu/4.8/include-fixed -I/usr/include/ -I/usr/include -I/usr/include/x86_64-linux-gnu "-fp_modbits honor_f32_conversion" "-fp_modbits honor_f64_conversion" -O0 -g2 -simd -offload_host -mP1OPT_version=15.0-intel64 -mGLOB_diag_file=/tmp/ifortHOUzMp.diag -mGLOB_source_language=GLOB_SOURCE_LANGUAGE_F90 -mP2OPT_static_promotion -mP1OPT_print_version=FALSE -mCG_use_gas_got_workaround=F -mP2OPT_align_option_used=TRUE -mGLOB_gcc_version=480 "-mGLOB_options_string=-o conftest -g -v" -mGLOB_cxx_limited_range=FALSE -mCG_extend_parms=FALSE -mGLOB_compiler_bin_directory=/opt/intel/composer_xe_2015.2.164/bin/intel64 -mP3OPT_emit_line_numbers -mP2OPT_suppress_unreferenced_locals=FALSE -mGLOB_debug_target=GLOB_DEBUG_TARGET_ALL -mDEBUG_info_level=2 -mDEBUG_use_indirect_strings=TRUE -mGLOB_debug_format=GLOB_DEBUG_FORMAT_DWARF30 -mGLOB_as_output_backup_file_name=/tmp/iforttlPrBlas_.s -mGLOB_em64t -mGLOB_instruction_tuning=0x0 -mGLOB_product_id_code=0x22006d8f -mGLOB_maintain_errno -mGLOB_noinline_intrinsics -mGLOB_use_base_pointer -mCG_bnl_movbe=T -mGLOB_extended_instructions=0x8 -mP3OPT_use_mspp_call_convention -mP2OPT_subs_out_of_bound=FALSE -mGLOB_ansi_alias -mIPOPT_ninl_limit=0 -mIPOPT_ninl_user_level=0 -mPGOPTI_value_profile_use=T -mGLOB_opt_report_use_source_name -mP2OPT_gen_linux_const_pooling=FALSE -mP2OPT_il0_array_sections=TRUE -mGLOB_offload_mode=1 -mP2OPT_offload_unique_var_string=ifort010133459842nFMbKG -mGLOB_opt_level=0 -mIPOPT_args_in_regs=0 -mP2OPT_disam_assume_nonstd_intent_in=FALSE -mGLOB_imf_mapping_library=/opt/intel/composer_xe_2015.2.164/bin/intel64/libiml_attr.so -mIPOPT_single_file_compile_and_link=TRUE -mP2OPT_hlo_embed_loopinfo -mPGOPTI_gen_threadsafe_level=0 -mIPOPT_lto_object_enabled -mIPOPT_lto_object_value=1 -mIPOPT_obj_output_file_name=/tmp/ifortHOUzMp.o -mIPOPT_whole_archive_fixup_file_name=/tmp/ifortwarchVbLyrh -mGLOB_linker_version=2.24 -mGLOB_long_size_64 -mGLOB_routine_pointer_size_64 -mGLOB_driver_tempfile_name=/tmp/iforttempfilehLZSmf -mP3OPT_asm_target=P3OPT_ASM_TARGET_GAS -mGLOB_async_unwind_tables=TRUE -mGLOB_obj_output_file=/tmp/ifortHOUzMp.o -mGLOB_source_dialect=GLOB_SOURCE_DIALECT_FORTRAN -mP1OPT_source_file_name=conftest.f -mP2OPT_symtab_type_copy=true conftest.f
#include "..." search starts here:
#include <...> search starts here:
 .
 /opt/intel/composer_xe_2015.2.164/ipp/include
 /opt/intel/composer_xe_2015.2.164/mkl/include
 /opt/intel/composer_xe_2015.2.164/tbb/include
 /opt/intel/composer_xe_2015.2.164/ipp/include
 /opt/intel/composer_xe_2015.2.164/mkl/include
 /opt/intel/composer_xe_2015.2.164/tbb/include
 /opt/intel/composer_xe_2015.2.164/compiler/include/intel64
 /opt/intel/composer_xe_2015.2.164/compiler/include
 /usr/local/include
 /usr/lib/gcc/x86_64-linux-gnu/4.8/include
 /usr/lib/gcc/x86_64-linux-gnu/4.8/include-fixed
 /usr/include/
 /usr/include
 /usr/include/x86_64-linux-gnu
End of search list.
ld    /usr/lib/gcc/x86_64-linux-gnu/4.8/../../../x86_64-linux-gnu/crt1.o /usr/lib/gcc/x86_64-linux-gnu/4.8/../../../x86_64-linux-gnu/crti.o /usr/lib/gcc/x86_64-linux-gnu/4.8/crtbegin.o --eh-frame-hdr --build-id -dynamic-linker /lib64/ld-linux-x86-64.so.2 -m elf_x86_64 -o conftest /opt/intel/composer_xe_2015.2.164/compiler/lib/intel64/for_main.o -L/opt/intel/composer_xe_2015.2.164/compiler/lib/intel64 -L/opt/intel/composer_xe_2015.2.164/ipp/../compiler/lib/intel64 -L/opt/intel/composer_xe_2015.2.164/ipp/lib/intel64 -L/opt/intel/composer_xe_2015.2.164/compiler/lib/intel64 -L/opt/intel/composer_xe_2015.2.164/mkl/lib/intel64 -L/opt/intel/composer_xe_2015.2.164/tbb/lib/intel64/gcc4.4 -L/opt/intel/composer_xe_2015.2.164/compiler/lib/intel64 -L/opt/intel/composer_xe_2015.2.164/ipp/../compiler/lib/intel64 -L/opt/intel/composer_xe_2015.2.164/ipp/lib/intel64 -L/opt/intel/composer_xe_2015.2.164/compiler/lib/intel64 -L/opt/intel/composer_xe_2015.2.164/mkl/lib/intel64 -L/opt/intel/composer_xe_2015.2.164/tbb/lib/intel64/gcc4.4 -L/opt/intel/composer_xe_2015.2.164/compiler/lib/intel64 -L/usr/lib/gcc/x86_64-linux-gnu/4.8/ -L/usr/lib/gcc/x86_64-linux-gnu/4.8/../../../x86_64-linux-gnu/ -L/usr/lib/gcc/x86_64-linux-gnu/4.8/../../../../lib/ -L/lib/x86_64-linux-gnu/ -L/lib/../lib64 -L/lib/../lib/ -L/usr/lib/x86_64-linux-gnu/ -L/usr/lib/../lib/ -L/opt/intel/composer_xe_2015.2.164/compiler/lib/intel64/ -L/opt/intel/composer_xe_2015.2.164/ipp/../compiler/lib/intel64/ -L/opt/intel/composer_xe_2015.2.164/ipp/lib/intel64/ -L/opt/intel/composer_xe_2015.2.164/mkl/lib/intel64/ -L/opt/intel/composer_xe_2015.2.164/tbb/lib/intel64/gcc4.4/ -L/usr/lib/gcc/x86_64-linux-gnu/4.8/../../../ -L/lib64 -L/lib/ -L/usr/lib -L/usr/lib/i386-linux-gnu /tmp/ifortHOUzMp.o -Bdynamic -Bstatic -lifport -lifcore -limf -lsvml -Bdynamic -lm -Bstatic -lipgo -lirc -Bdynamic -lpthread -Bstatic -lsvml -Bdynamic -lc -lgcc -lgcc_s -Bstatic -lirc_s -Bdynamic -ldl -lc /usr/lib/gcc/x86_64-linux-gnu/4.8/crtend.o /usr/lib/gcc/x86_64-linux-gnu/4.8/../../../x86_64-linux-gnu/crtn.o
configure:5921: result: -v
configure:5923: checking for Fortran 77 libraries of ifort
configure:5946: ifort -o conftest -g -v conftest.f
ifort version 15.0.2
/opt/intel/composer_xe_2015.2.164/bin/intel64/fortcom    -D__INTEL_COMPILER=1500 -D__INTEL_COMPILER_UPDATE=2 -D__unix__ -D__unix -D__linux__ -D__linux -D__gnu_linux__ -Dunix -Dlinux -D__ELF__ -D__x86_64 -D__x86_64__ -D__amd64 -D__amd64__ -D_MT -D__INTEL_COMPILER_BUILD_DATE=20150121 -D__INTEL_OFFLOAD -D__i686 -D__i686__ -D__pentiumpro -D__pentiumpro__ -D__pentium4 -D__pentium4__ -D__tune_pentium4__ -D__SSE2__ -D__SSE2_MATH__ -D__SSE__ -D__SSE_MATH__ -D__MMX__ -mGLOB_pack_sort_init_list -I. -I/opt/intel/composer_xe_2015.2.164/ipp/include -I/opt/intel/composer_xe_2015.2.164/mkl/include -I/opt/intel/composer_xe_2015.2.164/tbb/include -I/opt/intel/composer_xe_2015.2.164/ipp/include -I/opt/intel/composer_xe_2015.2.164/mkl/include -I/opt/intel/composer_xe_2015.2.164/tbb/include -I/opt/intel/composer_xe_2015.2.164/compiler/include/intel64 -I/opt/intel/composer_xe_2015.2.164/compiler/include -I/usr/local/include -I/usr/lib/gcc/x86_64-linux-gnu/4.8/include -I/usr/lib/gcc/x86_64-linux-gnu/4.8/include-fixed -I/usr/include/ -I/usr/include -I/usr/include/x86_64-linux-gnu "-fp_modbits honor_f32_conversion" "-fp_modbits honor_f64_conversion" -O0 -g2 -simd -offload_host -mP1OPT_version=15.0-intel64 -mGLOB_diag_file=/tmp/ifortgzYvmF.diag -mGLOB_source_language=GLOB_SOURCE_LANGUAGE_F90 -mP2OPT_static_promotion -mP1OPT_print_version=FALSE -mCG_use_gas_got_workaround=F -mP2OPT_align_option_used=TRUE -mGLOB_gcc_version=480 "-mGLOB_options_string=-o conftest -g -v" -mGLOB_cxx_limited_range=FALSE -mCG_extend_parms=FALSE -mGLOB_compiler_bin_directory=/opt/intel/composer_xe_2015.2.164/bin/intel64 -mP3OPT_emit_line_numbers -mP2OPT_suppress_unreferenced_locals=FALSE -mGLOB_debug_target=GLOB_DEBUG_TARGET_ALL -mDEBUG_info_level=2 -mDEBUG_use_indirect_strings=TRUE -mGLOB_debug_format=GLOB_DEBUG_FORMAT_DWARF30 -mGLOB_as_output_backup_file_name=/tmp/ifortoqxE0Bas_.s -mGLOB_em64t -mGLOB_instruction_tuning=0x0 -mGLOB_product_id_code=0x22006d8f -mGLOB_maintain_errno -mGLOB_noinline_intrinsics -mGLOB_use_base_pointer -mCG_bnl_movbe=T -mGLOB_extended_instructions=0x8 -mP3OPT_use_mspp_call_convention -mP2OPT_subs_out_of_bound=FALSE -mGLOB_ansi_alias -mIPOPT_ninl_limit=0 -mIPOPT_ninl_user_level=0 -mPGOPTI_value_profile_use=T -mGLOB_opt_report_use_source_name -mP2OPT_gen_linux_const_pooling=FALSE -mP2OPT_il0_array_sections=TRUE -mGLOB_offload_mode=1 -mP2OPT_offload_unique_var_string=ifort01011048963676vm10S -mGLOB_opt_level=0 -mIPOPT_args_in_regs=0 -mP2OPT_disam_assume_nonstd_intent_in=FALSE -mGLOB_imf_mapping_library=/opt/intel/composer_xe_2015.2.164/bin/intel64/libiml_attr.so -mIPOPT_single_file_compile_and_link=TRUE -mP2OPT_hlo_embed_loopinfo -mPGOPTI_gen_threadsafe_level=0 -mIPOPT_lto_object_enabled -mIPOPT_lto_object_value=1 -mIPOPT_obj_output_file_name=/tmp/ifortgzYvmF.o -mIPOPT_whole_archive_fixup_file_name=/tmp/ifortwarchMdcUFy -mGLOB_linker_version=2.24 -mGLOB_long_size_64 -mGLOB_routine_pointer_size_64 -mGLOB_driver_tempfile_name=/tmp/iforttempfilebHKJ0w -mP3OPT_asm_target=P3OPT_ASM_TARGET_GAS -mGLOB_async_unwind_tables=TRUE -mGLOB_obj_output_file=/tmp/ifortgzYvmF.o -mGLOB_source_dialect=GLOB_SOURCE_DIALECT_FORTRAN -mP1OPT_source_file_name=conftest.f -mP2OPT_symtab_type_copy=true conftest.f
#include "..." search starts here:
#include <...> search starts here:
 .
 /opt/intel/composer_xe_2015.2.164/ipp/include
 /opt/intel/composer_xe_2015.2.164/mkl/include
 /opt/intel/composer_xe_2015.2.164/tbb/include
 /opt/intel/composer_xe_2015.2.164/ipp/include
 /opt/intel/composer_xe_2015.2.164/mkl/include
 /opt/intel/composer_xe_2015.2.164/tbb/include
 /opt/intel/composer_xe_2015.2.164/compiler/include/intel64
 /opt/intel/composer_xe_2015.2.164/compiler/include
 /usr/local/include
 /usr/lib/gcc/x86_64-linux-gnu/4.8/include
 /usr/lib/gcc/x86_64-linux-gnu/4.8/include-fixed
 /usr/include/
 /usr/include
 /usr/include/x86_64-linux-gnu
End of search list.
ld    /usr/lib/gcc/x86_64-linux-gnu/4.8/../../../x86_64-linux-gnu/crt1.o /usr/lib/gcc/x86_64-linux-gnu/4.8/../../../x86_64-linux-gnu/crti.o /usr/lib/gcc/x86_64-linux-gnu/4.8/crtbegin.o --eh-frame-hdr --build-id -dynamic-linker /lib64/ld-linux-x86-64.so.2 -m elf_x86_64 -o conftest /opt/intel/composer_xe_2015.2.164/compiler/lib/intel64/for_main.o -L/opt/intel/composer_xe_2015.2.164/compiler/lib/intel64 -L/opt/intel/composer_xe_2015.2.164/ipp/../compiler/lib/intel64 -L/opt/intel/composer_xe_2015.2.164/ipp/lib/intel64 -L/opt/intel/composer_xe_2015.2.164/compiler/lib/intel64 -L/opt/intel/composer_xe_2015.2.164/mkl/lib/intel64 -L/opt/intel/composer_xe_2015.2.164/tbb/lib/intel64/gcc4.4 -L/opt/intel/composer_xe_2015.2.164/compiler/lib/intel64 -L/opt/intel/composer_xe_2015.2.164/ipp/../compiler/lib/intel64 -L/opt/intel/composer_xe_2015.2.164/ipp/lib/intel64 -L/opt/intel/composer_xe_2015.2.164/compiler/lib/intel64 -L/opt/intel/composer_xe_2015.2.164/mkl/lib/intel64 -L/opt/intel/composer_xe_2015.2.164/tbb/lib/intel64/gcc4.4 -L/opt/intel/composer_xe_2015.2.164/compiler/lib/intel64 -L/usr/lib/gcc/x86_64-linux-gnu/4.8/ -L/usr/lib/gcc/x86_64-linux-gnu/4.8/../../../x86_64-linux-gnu/ -L/usr/lib/gcc/x86_64-linux-gnu/4.8/../../../../lib/ -L/lib/x86_64-linux-gnu/ -L/lib/../lib64 -L/lib/../lib/ -L/usr/lib/x86_64-linux-gnu/ -L/usr/lib/../lib/ -L/opt/intel/composer_xe_2015.2.164/compiler/lib/intel64/ -L/opt/intel/composer_xe_2015.2.164/ipp/../compiler/lib/intel64/ -L/opt/intel/composer_xe_2015.2.164/ipp/lib/intel64/ -L/opt/intel/composer_xe_2015.2.164/mkl/lib/intel64/ -L/opt/intel/composer_xe_2015.2.164/tbb/lib/intel64/gcc4.4/ -L/usr/lib/gcc/x86_64-linux-gnu/4.8/../../../ -L/lib64 -L/lib/ -L/usr/lib -L/usr/lib/i386-linux-gnu /tmp/ifortgzYvmF.o -Bdynamic -Bstatic -lifport -lifcore -limf -lsvml -Bdynamic -lm -Bstatic -lipgo -lirc -Bdynamic -lpthread -Bstatic -lsvml -Bdynamic -lc -lgcc -lgcc_s -Bstatic -lirc_s -Bdynamic -ldl -lc /usr/lib/gcc/x86_64-linux-gnu/4.8/crtend.o /usr/lib/gcc/x86_64-linux-gnu/4.8/../../../x86_64-linux-gnu/crtn.o
configure:6142: result:  -L/opt/intel/composer_xe_2015.2.164/compiler/lib/intel64 -L/opt/intel/composer_xe_2015.2.164/ipp/../compiler/lib/intel64 -L/opt/intel/composer_xe_2015.2.164/ipp/lib/intel64 -L/opt/intel/composer_xe_2015.2.164/mkl/lib/intel64 -L/opt/intel/composer_xe_2015.2.164/tbb/lib/intel64/gcc4.4 -L/usr/lib/gcc/x86_64-linux-gnu/4.8/ -L/usr/lib/gcc/x86_64-linux-gnu/4.8/../../../x86_64-linux-gnu/ -L/usr/lib/gcc/x86_64-linux-gnu/4.8/../../../../lib/ -L/lib/x86_64-linux-gnu/ -L/lib/../lib64 -L/lib/../lib/ -L/usr/lib/x86_64-linux-gnu/ -L/usr/lib/../lib/ -L/opt/intel/composer_xe_2015.2.164/compiler/lib/intel64/ -L/opt/intel/composer_xe_2015.2.164/ipp/../compiler/lib/intel64/ -L/opt/intel/composer_xe_2015.2.164/ipp/lib/intel64/ -L/opt/intel/composer_xe_2015.2.164/mkl/lib/intel64/ -L/opt/intel/composer_xe_2015.2.164/tbb/lib/intel64/gcc4.4/ -L/usr/lib/gcc/x86_64-linux-gnu/4.8/../../../ -L/lib64 -L/lib/ -L/usr/lib -L/usr/lib/i386-linux-gnu -lifport -lifcore -limf -lsvml -lm -lipgo -lirc -lpthread -lirc_s -ldl
configure:6158: checking for dummy main to link with Fortran 77 libraries
configure:6192: icc -o conftest -g -O2   conftest.c   -L/opt/intel/composer_xe_2015.2.164/compiler/lib/intel64 -L/opt/intel/composer_xe_2015.2.164/ipp/../compiler/lib/intel64 -L/opt/intel/composer_xe_2015.2.164/ipp/lib/intel64 -L/opt/intel/composer_xe_2015.2.164/mkl/lib/intel64 -L/opt/intel/composer_xe_2015.2.164/tbb/lib/intel64/gcc4.4 -L/usr/lib/gcc/x86_64-linux-gnu/4.8/ -L/usr/lib/gcc/x86_64-linux-gnu/4.8/../../../x86_64-linux-gnu/ -L/usr/lib/gcc/x86_64-linux-gnu/4.8/../../../../lib/ -L/lib/x86_64-linux-gnu/ -L/lib/../lib64 -L/lib/../lib/ -L/usr/lib/x86_64-linux-gnu/ -L/usr/lib/../lib/ -L/opt/intel/composer_xe_2015.2.164/compiler/lib/intel64/ -L/opt/intel/composer_xe_2015.2.164/ipp/../compiler/lib/intel64/ -L/opt/intel/composer_xe_2015.2.164/ipp/lib/intel64/ -L/opt/intel/composer_xe_2015.2.164/mkl/lib/intel64/ -L/opt/intel/composer_xe_2015.2.164/tbb/lib/intel64/gcc4.4/ -L/usr/lib/gcc/x86_64-linux-gnu/4.8/../../../ -L/lib64 -L/lib/ -L/usr/lib -L/usr/lib/i386-linux-gnu -lifport -lifcore -limf -lsvml -lm -lipgo -lirc -lpthread -lirc_s -ldl >&5
configure:6192: $? = 0
configure:6237: result: none
configure:6270: checking for Fortran 77 name-mangling scheme
configure:6283: ifort -c -g conftest.f >&5
configure:6283: $? = 0
configure:6324: icc -o conftest -g -O2   conftest.c cfortran_test.o   -L/opt/intel/composer_xe_2015.2.164/compiler/lib/intel64 -L/opt/intel/composer_xe_2015.2.164/ipp/../compiler/lib/intel64 -L/opt/intel/composer_xe_2015.2.164/ipp/lib/intel64 -L/opt/intel/composer_xe_2015.2.164/mkl/lib/intel64 -L/opt/intel/composer_xe_2015.2.164/tbb/lib/intel64/gcc4.4 -L/usr/lib/gcc/x86_64-linux-gnu/4.8/ -L/usr/lib/gcc/x86_64-linux-gnu/4.8/../../../x86_64-linux-gnu/ -L/usr/lib/gcc/x86_64-linux-gnu/4.8/../../../../lib/ -L/lib/x86_64-linux-gnu/ -L/lib/../lib64 -L/lib/../lib/ -L/usr/lib/x86_64-linux-gnu/ -L/usr/lib/../lib/ -L/opt/intel/composer_xe_2015.2.164/compiler/lib/intel64/ -L/opt/intel/composer_xe_2015.2.164/ipp/../compiler/lib/intel64/ -L/opt/intel/composer_xe_2015.2.164/ipp/lib/intel64/ -L/opt/intel/composer_xe_2015.2.164/mkl/lib/intel64/ -L/opt/intel/composer_xe_2015.2.164/tbb/lib/intel64/gcc4.4/ -L/usr/lib/gcc/x86_64-linux-gnu/4.8/../../../ -L/lib64 -L/lib/ -L/usr/lib -L/usr/lib/i386-linux-gnu -lifport -lifcore -limf -lsvml -lm -lipgo -lirc -lpthread -lirc_s -ldl >&5
/tmp/iccSSOcKk.o: In function `main':
/home/nvarini/espresso_hdf5/espresso/conftest.c:40: undefined reference to `foobar'
configure:6324: $? = 1
configure: failed program was:
| /* confdefs.h */
| #define PACKAGE_NAME "ESPRESSO"
| #define PACKAGE_TARNAME "espresso"
| #define PACKAGE_VERSION "5.4.0"
| #define PACKAGE_STRING "ESPRESSO 5.4.0"
| #define PACKAGE_BUGREPORT ""
| #define PACKAGE_URL ""
| #define STDC_HEADERS 1
| #define HAVE_SYS_TYPES_H 1
| #define HAVE_SYS_STAT_H 1
| #define HAVE_STDLIB_H 1
| #define HAVE_STRING_H 1
| #define HAVE_MEMORY_H 1
| #define HAVE_STRINGS_H 1
| #define HAVE_INTTYPES_H 1
| #define HAVE_STDINT_H 1
| #define HAVE_UNISTD_H 1
| #define SIZEOF_INT_P 8
| #define HAVE_MALLINFO 1
| /* end confdefs.h.  */
| 
| /* Override any GCC internal prototype to avoid an error.
|    Use char because int might match the return type of a GCC
|    builtin and then its argument prototype would still apply.  */
| #ifdef __cplusplus
| extern "C"
| #endif
| char foobar ();
| #ifdef F77_DUMMY_MAIN
| 
| #  ifdef __cplusplus
|      extern "C"
| #  endif
|    int F77_DUMMY_MAIN() { return 1; }
| 
| #endif
| int
| main ()
| {
| return foobar ();
|   ;
|   return 0;
| }
configure:6324: icc -o conftest -g -O2   conftest.c cfortran_test.o   -L/opt/intel/composer_xe_2015.2.164/compiler/lib/intel64 -L/opt/intel/composer_xe_2015.2.164/ipp/../compiler/lib/intel64 -L/opt/intel/composer_xe_2015.2.164/ipp/lib/intel64 -L/opt/intel/composer_xe_2015.2.164/mkl/lib/intel64 -L/opt/intel/composer_xe_2015.2.164/tbb/lib/intel64/gcc4.4 -L/usr/lib/gcc/x86_64-linux-gnu/4.8/ -L/usr/lib/gcc/x86_64-linux-gnu/4.8/../../../x86_64-linux-gnu/ -L/usr/lib/gcc/x86_64-linux-gnu/4.8/../../../../lib/ -L/lib/x86_64-linux-gnu/ -L/lib/../lib64 -L/lib/../lib/ -L/usr/lib/x86_64-linux-gnu/ -L/usr/lib/../lib/ -L/opt/intel/composer_xe_2015.2.164/compiler/lib/intel64/ -L/opt/intel/composer_xe_2015.2.164/ipp/../compiler/lib/intel64/ -L/opt/intel/composer_xe_2015.2.164/ipp/lib/intel64/ -L/opt/intel/composer_xe_2015.2.164/mkl/lib/intel64/ -L/opt/intel/composer_xe_2015.2.164/tbb/lib/intel64/gcc4.4/ -L/usr/lib/gcc/x86_64-linux-gnu/4.8/../../../ -L/lib64 -L/lib/ -L/usr/lib -L/usr/lib/i386-linux-gnu -lifport -lifcore -limf -lsvml -lm -lipgo -lirc -lpthread -lirc_s -ldl >&5
configure:6324: $? = 0
configure:6382: icc -o conftest -g -O2   conftest.c cfortran_test.o   -L/opt/intel/composer_xe_2015.2.164/compiler/lib/intel64 -L/opt/intel/composer_xe_2015.2.164/ipp/../compiler/lib/intel64 -L/opt/intel/composer_xe_2015.2.164/ipp/lib/intel64 -L/opt/intel/composer_xe_2015.2.164/mkl/lib/intel64 -L/opt/intel/composer_xe_2015.2.164/tbb/lib/intel64/gcc4.4 -L/usr/lib/gcc/x86_64-linux-gnu/4.8/ -L/usr/lib/gcc/x86_64-linux-gnu/4.8/../../../x86_64-linux-gnu/ -L/usr/lib/gcc/x86_64-linux-gnu/4.8/../../../../lib/ -L/lib/x86_64-linux-gnu/ -L/lib/../lib64 -L/lib/../lib/ -L/usr/lib/x86_64-linux-gnu/ -L/usr/lib/../lib/ -L/opt/intel/composer_xe_2015.2.164/compiler/lib/intel64/ -L/opt/intel/composer_xe_2015.2.164/ipp/../compiler/lib/intel64/ -L/opt/intel/composer_xe_2015.2.164/ipp/lib/intel64/ -L/opt/intel/composer_xe_2015.2.164/mkl/lib/intel64/ -L/opt/intel/composer_xe_2015.2.164/tbb/lib/intel64/gcc4.4/ -L/usr/lib/gcc/x86_64-linux-gnu/4.8/../../../ -L/lib64 -L/lib/ -L/usr/lib -L/usr/lib/i386-linux-gnu -lifport -lifcore -limf -lsvml -lm -lipgo -lirc -lpthread -lirc_s -ldl >&5
configure:6382: $? = 0
configure:6424: result: lower case, underscore, no extra underscore
configure:7286: checking for library containing dgemm
configure:7304: ifort -o conftest -O2 -assume byterecl -g -traceback  -nomodule -static-intel    conftest.f  >&5
/tmp/ifort2XA34A.o: In function `main':
/home/nvarini/espresso_hdf5/espresso/conftest.f:2: undefined reference to `dgemm_'
configure:7304: $? = 1
configure: failed program was:
|       program main
|       call dgemm
|       end
configure:7304: ifort -o conftest -O2 -assume byterecl -g -traceback  -nomodule -static-intel    conftest.f -lmkl_intel_lp64 -lmkl_sequential -lmkl_core  >&5
configure:7304: $? = 0
configure:7321: result: -lmkl_intel_lp64
configure:8352: checking for library containing dspev
configure:8370: ifort -o conftest -O2 -assume byterecl -g -traceback  -nomodule -static-intel  conftest.f    -lmkl_intel_lp64  -lmkl_sequential -lmkl_core >&5
configure:8370: $? = 0
configure:8387: result: none required
configure:8741: checking FFT
configure:9146: checking for DftiComputeForward in -lmkl_intel_lp64
configure:9179: icc -o conftest -O3 -O3    conftest.c -lmkl_intel_lp64   -lmkl_intel_lp64  -lmkl_sequential -lmkl_core -lm  >&5
/opt/intel/composer_xe_2015.2.164/mkl/lib/intel64/libmkl_core.so: undefined reference to `pthread_mutex_trylock'
configure:9179: $? = 1
configure: failed program was:
| /* confdefs.h */
| #define PACKAGE_NAME "ESPRESSO"
| #define PACKAGE_TARNAME "espresso"
| #define PACKAGE_VERSION "5.4.0"
| #define PACKAGE_STRING "ESPRESSO 5.4.0"
| #define PACKAGE_BUGREPORT ""
| #define PACKAGE_URL ""
| #define STDC_HEADERS 1
| #define HAVE_SYS_TYPES_H 1
| #define HAVE_SYS_STAT_H 1
| #define HAVE_STDLIB_H 1
| #define HAVE_STRING_H 1
| #define HAVE_MEMORY_H 1
| #define HAVE_STRINGS_H 1
| #define HAVE_INTTYPES_H 1
| #define HAVE_STDINT_H 1
| #define HAVE_UNISTD_H 1
| #define SIZEOF_INT_P 8
| #define HAVE_MALLINFO 1
| #define F77_FUNC(name,NAME) name ## _
| #define F77_FUNC_(name,NAME) name ## _
| /* end confdefs.h.  */
| 
| /* Override any GCC internal prototype to avoid an error.
|    Use char because int might match the return type of a GCC
|    builtin and then its argument prototype would still apply.  */
| #ifdef __cplusplus
| extern "C"
| #endif
| char DftiComputeForward ();
| #ifdef F77_DUMMY_MAIN
| 
| #  ifdef __cplusplus
|      extern "C"
| #  endif
|    int F77_DUMMY_MAIN() { return 1; }
| 
| #endif
| int
| main ()
| {
| return DftiComputeForward ();
|   ;
|   return 0;
| }
configure:9188: result: no
configure:9303: checking for library containing dfftw_execute_dft
configure:9321: ifort -o conftest -O2 -assume byterecl -g -traceback  -nomodule    conftest.f  >&5
/tmp/ifort4rQpHn.o: In function `main':
/home/nvarini/espresso_hdf5/espresso/conftest.f:2: undefined reference to `dfftw_execute_dft_'
configure:9321: $? = 1
configure: failed program was:
|       program main
|       call dfftw_execute_dft
|       end
configure:9321: ifort -o conftest -O2 -assume byterecl -g -traceback  -nomodule    conftest.f -lfftw3 -lm  >&5
ld: cannot find -lfftw3
configure:9321: $? = 1
configure: failed program was:
|       program main
|       call dfftw_execute_dft
|       end
configure:9338: result: no
configure:9303: checking for library containing dfftw_execute_dft
configure:9321: ifort -o conftest -O2 -assume byterecl -g -traceback  -nomodule   -L/usr/local/lib conftest.f  >&5
/tmp/ifort39TagQ.o: In function `main':
/home/nvarini/espresso_hdf5/espresso/conftest.f:2: undefined reference to `dfftw_execute_dft_'
configure:9321: $? = 1
configure: failed program was:
|       program main
|       call dfftw_execute_dft
|       end
configure:9321: ifort -o conftest -O2 -assume byterecl -g -traceback  -nomodule   -L/usr/local/lib conftest.f -lfftw3 -lm  >&5
ld: cannot find -lfftw3
configure:9321: $? = 1
configure: failed program was:
|       program main
|       call dfftw_execute_dft
|       end
configure:9338: result: no
configure:9303: checking for library containing dfftw_execute_dft
configure:9321: ifort -o conftest -O2 -assume byterecl -g -traceback  -nomodule   -L/usr/local/lib conftest.f  >&5
/tmp/ifortW9zgKh.o: In function `main':
/home/nvarini/espresso_hdf5/espresso/conftest.f:2: undefined reference to `dfftw_execute_dft_'
configure:9321: $? = 1
configure: failed program was:
|       program main
|       call dfftw_execute_dft
|       end
configure:9321: ifort -o conftest -O2 -assume byterecl -g -traceback  -nomodule   -L/usr/local/lib conftest.f -lfftw3 -lm  >&5
ld: cannot find -lfftw3
configure:9321: $? = 1
configure: failed program was:
|       program main
|       call dfftw_execute_dft
|       end
configure:9338: result: no
configure:9303: checking for library containing dfftw_execute_dft
configure:9321: ifort -o conftest -O2 -assume byterecl -g -traceback  -nomodule   -L/home/nvarini/profiling/bin conftest.f  >&5
/tmp/ifortOrHerD.o: In function `main':
/home/nvarini/espresso_hdf5/espresso/conftest.f:2: undefined reference to `dfftw_execute_dft_'
configure:9321: $? = 1
configure: failed program was:
|       program main
|       call dfftw_execute_dft
|       end
configure:9321: ifort -o conftest -O2 -assume byterecl -g -traceback  -nomodule   -L/home/nvarini/profiling/bin conftest.f -lfftw3 -lm  >&5
ld: cannot find -lfftw3
configure:9321: $? = 1
configure: failed program was:
|       program main
|       call dfftw_execute_dft
|       end
configure:9338: result: no
configure:9303: checking for library containing dfftw_execute_dft
configure:9321: ifort -o conftest -O2 -assume byterecl -g -traceback  -nomodule   -L/opt/cube/lib conftest.f  >&5
/tmp/ifortU4IGZ7.o: In function `main':
/home/nvarini/espresso_hdf5/espresso/conftest.f:2: undefined reference to `dfftw_execute_dft_'
configure:9321: $? = 1
configure: failed program was:
|       program main
|       call dfftw_execute_dft
|       end
configure:9321: ifort -o conftest -O2 -assume byterecl -g -traceback  -nomodule   -L/opt/cube/lib conftest.f -lfftw3 -lm  >&5
ld: cannot find -lfftw3
configure:9321: $? = 1
configure: failed program was:
|       program main
|       call dfftw_execute_dft
|       end
configure:9338: result: no
configure:9303: checking for library containing dfftw_execute_dft
configure:9321: ifort -o conftest -O2 -assume byterecl -g -traceback  -nomodule   -L/opt/intel/impi/5.0.3.048/intel64/lib conftest.f  >&5
/tmp/ifortCiLUIz.o: In function `main':
/home/nvarini/espresso_hdf5/espresso/conftest.f:2: undefined reference to `dfftw_execute_dft_'
configure:9321: $? = 1
configure: failed program was:
|       program main
|       call dfftw_execute_dft
|       end
configure:9321: ifort -o conftest -O2 -assume byterecl -g -traceback  -nomodule   -L/opt/intel/impi/5.0.3.048/intel64/lib conftest.f -lfftw3 -lm  >&5
ld: cannot find -lfftw3
configure:9321: $? = 1
configure: failed program was:
|       program main
|       call dfftw_execute_dft
|       end
configure:9338: result: no
configure:9303: checking for library containing dfftw_execute_dft
configure:9321: ifort -o conftest -O2 -assume byterecl -g -traceback  -nomodule   -L/opt/intel/composer_xe_2015.2.164/compiler/lib/intel64 conftest.f  >&5
/tmp/ifortXgy41P.o: In function `main':
/home/nvarini/espresso_hdf5/espresso/conftest.f:2: undefined reference to `dfftw_execute_dft_'
configure:9321: $? = 1
configure: failed program was:
|       program main
|       call dfftw_execute_dft
|       end
configure:9321: ifort -o conftest -O2 -assume byterecl -g -traceback  -nomodule   -L/opt/intel/composer_xe_2015.2.164/compiler/lib/intel64 conftest.f -lfftw3 -lm  >&5
ld: cannot find -lfftw3
configure:9321: $? = 1
configure: failed program was:
|       program main
|       call dfftw_execute_dft
|       end
configure:9338: result: no
configure:9303: checking for library containing dfftw_execute_dft
configure:9321: ifort -o conftest -O2 -assume byterecl -g -traceback  -nomodule   -L/opt/intel/composer_xe_2015.2.164/mpirt/lib/intel64 conftest.f  >&5
/tmp/ifort5rlZEj.o: In function `main':
/home/nvarini/espresso_hdf5/espresso/conftest.f:2: undefined reference to `dfftw_execute_dft_'
configure:9321: $? = 1
configure: failed program was:
|       program main
|       call dfftw_execute_dft
|       end
configure:9321: ifort -o conftest -O2 -assume byterecl -g -traceback  -nomodule   -L/opt/intel/composer_xe_2015.2.164/mpirt/lib/intel64 conftest.f -lfftw3 -lm  >&5
ld: cannot find -lfftw3
configure:9321: $? = 1
configure: failed program was:
|       program main
|       call dfftw_execute_dft
|       end
configure:9338: result: no
configure:9303: checking for library containing dfftw_execute_dft
configure:9321: ifort -o conftest -O2 -assume byterecl -g -traceback  -nomodule   -L/opt/intel/composer_xe_2015.2.164/ipp/../compiler/lib/intel64 conftest.f  >&5
/tmp/ifortRztaeL.o: In function `main':
/home/nvarini/espresso_hdf5/espresso/conftest.f:2: undefined reference to `dfftw_execute_dft_'
configure:9321: $? = 1
configure: failed program was:
|       program main
|       call dfftw_execute_dft
|       end
configure:9321: ifort -o conftest -O2 -assume byterecl -g -traceback  -nomodule   -L/opt/intel/composer_xe_2015.2.164/ipp/../compiler/lib/intel64 conftest.f -lfftw3 -lm  >&5
ld: cannot find -lfftw3
configure:9321: $? = 1
configure: failed program was:
|       program main
|       call dfftw_execute_dft
|       end
configure:9338: result: no
configure:9303: checking for library containing dfftw_execute_dft
configure:9321: ifort -o conftest -O2 -assume byterecl -g -traceback  -nomodule   -L/opt/intel/composer_xe_2015.2.164/ipp/lib/intel64 conftest.f  >&5
/tmp/ifortEsW174.o: In function `main':
/home/nvarini/espresso_hdf5/espresso/conftest.f:2: undefined reference to `dfftw_execute_dft_'
configure:9321: $? = 1
configure: failed program was:
|       program main
|       call dfftw_execute_dft
|       end
configure:9321: ifort -o conftest -O2 -assume byterecl -g -traceback  -nomodule   -L/opt/intel/composer_xe_2015.2.164/ipp/lib/intel64 conftest.f -lfftw3 -lm  >&5
ld: cannot find -lfftw3
configure:9321: $? = 1
configure: failed program was:
|       program main
|       call dfftw_execute_dft
|       end
configure:9338: result: no
configure:9303: checking for library containing dfftw_execute_dft
configure:9321: ifort -o conftest -O2 -assume byterecl -g -traceback  -nomodule   -L/opt/intel/composer_xe_2015.2.164/ipp/tools/intel64/perfsys conftest.f  >&5
/tmp/ifortqBAtBw.o: In function `main':
/home/nvarini/espresso_hdf5/espresso/conftest.f:2: undefined reference to `dfftw_execute_dft_'
configure:9321: $? = 1
configure: failed program was:
|       program main
|       call dfftw_execute_dft
|       end
configure:9321: ifort -o conftest -O2 -assume byterecl -g -traceback  -nomodule   -L/opt/intel/composer_xe_2015.2.164/ipp/tools/intel64/perfsys conftest.f -lfftw3 -lm  >&5
ld: cannot find -lfftw3
configure:9321: $? = 1
configure: failed program was:
|       program main
|       call dfftw_execute_dft
|       end
configure:9338: result: no
configure:9303: checking for library containing dfftw_execute_dft
configure:9321: ifort -o conftest -O2 -assume byterecl -g -traceback  -nomodule   -L/opt/intel/composer_xe_2015.2.164/compiler/lib/intel64 conftest.f  >&5
/tmp/ifort2dtqm2.o: In function `main':
/home/nvarini/espresso_hdf5/espresso/conftest.f:2: undefined reference to `dfftw_execute_dft_'
configure:9321: $? = 1
configure: failed program was:
|       program main
|       call dfftw_execute_dft
|       end
configure:9321: ifort -o conftest -O2 -assume byterecl -g -traceback  -nomodule   -L/opt/intel/composer_xe_2015.2.164/compiler/lib/intel64 conftest.f -lfftw3 -lm  >&5
ld: cannot find -lfftw3
configure:9321: $? = 1
configure: failed program was:
|       program main
|       call dfftw_execute_dft
|       end
configure:9338: result: no
configure:9303: checking for library containing dfftw_execute_dft
configure:9321: ifort -o conftest -O2 -assume byterecl -g -traceback  -nomodule   -L/opt/intel/composer_xe_2015.2.164/mkl/lib/intel64 conftest.f  >&5
/tmp/ifortJIwNem.o: In function `main':
/home/nvarini/espresso_hdf5/espresso/conftest.f:2: undefined reference to `dfftw_execute_dft_'
configure:9321: $? = 1
configure: failed program was:
|       program main
|       call dfftw_execute_dft
|       end
configure:9321: ifort -o conftest -O2 -assume byterecl -g -traceback  -nomodule   -L/opt/intel/composer_xe_2015.2.164/mkl/lib/intel64 conftest.f -lfftw3 -lm  >&5
ld: cannot find -lfftw3
configure:9321: $? = 1
configure: failed program was:
|       program main
|       call dfftw_execute_dft
|       end
configure:9338: result: no
configure:9303: checking for library containing dfftw_execute_dft
configure:9321: ifort -o conftest -O2 -assume byterecl -g -traceback  -nomodule   -L/opt/intel/composer_xe_2015.2.164/tbb/lib/intel64/gcc4.4 conftest.f  >&5
/tmp/ifortHMf0vO.o: In function `main':
/home/nvarini/espresso_hdf5/espresso/conftest.f:2: undefined reference to `dfftw_execute_dft_'
configure:9321: $? = 1
configure: failed program was:
|       program main
|       call dfftw_execute_dft
|       end
configure:9321: ifort -o conftest -O2 -assume byterecl -g -traceback  -nomodule   -L/opt/intel/composer_xe_2015.2.164/tbb/lib/intel64/gcc4.4 conftest.f -lfftw3 -lm  >&5
ld: cannot find -lfftw3
configure:9321: $? = 1
configure: failed program was:
|       program main
|       call dfftw_execute_dft
|       end
configure:9338: result: no
configure:9303: checking for library containing dfftw_execute_dft
configure:9321: ifort -o conftest -O2 -assume byterecl -g -traceback  -nomodule   -L/opt/intel/composer_xe_2015.2.164/debugger/ipt/intel64/lib conftest.f  >&5
/tmp/ifort3s2Wlh.o: In function `main':
/home/nvarini/espresso_hdf5/espresso/conftest.f:2: undefined reference to `dfftw_execute_dft_'
configure:9321: $? = 1
configure: failed program was:
|       program main
|       call dfftw_execute_dft
|       end
configure:9321: ifort -o conftest -O2 -assume byterecl -g -traceback  -nomodule   -L/opt/intel/composer_xe_2015.2.164/debugger/ipt/intel64/lib conftest.f -lfftw3 -lm  >&5
ld: cannot find -lfftw3
configure:9321: $? = 1
configure: failed program was:
|       program main
|       call dfftw_execute_dft
|       end
configure:9338: result: no
configure:9303: checking for library containing dfftw_execute_dft
configure:9321: ifort -o conftest -O2 -assume byterecl -g -traceback  -nomodule   -L/opt/intel/composer_xe_2015.2.164/compiler/lib/intel64 conftest.f  >&5
/tmp/ifortJ7peqL.o: In function `main':
/home/nvarini/espresso_hdf5/espresso/conftest.f:2: undefined reference to `dfftw_execute_dft_'
configure:9321: $? = 1
configure: failed program was:
|       program main
|       call dfftw_execute_dft
|       end
configure:9321: ifort -o conftest -O2 -assume byterecl -g -traceback  -nomodule   -L/opt/intel/composer_xe_2015.2.164/compiler/lib/intel64 conftest.f -lfftw3 -lm  >&5
ld: cannot find -lfftw3
configure:9321: $? = 1
configure: failed program was:
|       program main
|       call dfftw_execute_dft
|       end
configure:9338: result: no
configure:9303: checking for library containing dfftw_execute_dft
configure:9321: ifort -o conftest -O2 -assume byterecl -g -traceback  -nomodule   -L/opt/intel/composer_xe_2015.2.164/mpirt/lib/intel64 conftest.f  >&5
/tmp/ifortkHUxT9.o: In function `main':
/home/nvarini/espresso_hdf5/espresso/conftest.f:2: undefined reference to `dfftw_execute_dft_'
configure:9321: $? = 1
configure: failed program was:
|       program main
|       call dfftw_execute_dft
|       end
configure:9321: ifort -o conftest -O2 -assume byterecl -g -traceback  -nomodule   -L/opt/intel/composer_xe_2015.2.164/mpirt/lib/intel64 conftest.f -lfftw3 -lm  >&5
ld: cannot find -lfftw3
configure:9321: $? = 1
configure: failed program was:
|       program main
|       call dfftw_execute_dft
|       end
configure:9338: result: no
configure:9303: checking for library containing dfftw_execute_dft
configure:9321: ifort -o conftest -O2 -assume byterecl -g -traceback  -nomodule   -L/opt/intel/composer_xe_2015.2.164/ipp/../compiler/lib/intel64 conftest.f  >&5
/tmp/ifortcALdgA.o: In function `main':
/home/nvarini/espresso_hdf5/espresso/conftest.f:2: undefined reference to `dfftw_execute_dft_'
configure:9321: $? = 1
configure: failed program was:
|       program main
|       call dfftw_execute_dft
|       end
configure:9321: ifort -o conftest -O2 -assume byterecl -g -traceback  -nomodule   -L/opt/intel/composer_xe_2015.2.164/ipp/../compiler/lib/intel64 conftest.f -lfftw3 -lm  >&5
ld: cannot find -lfftw3
configure:9321: $? = 1
configure: failed program was:
|       program main
|       call dfftw_execute_dft
|       end
configure:9338: result: no
configure:9303: checking for library containing dfftw_execute_dft
configure:9321: ifort -o conftest -O2 -assume byterecl -g -traceback  -nomodule   -L/opt/intel/composer_xe_2015.2.164/ipp/lib/intel64 conftest.f  >&5
/tmp/ifortcntk95.o: In function `main':
/home/nvarini/espresso_hdf5/espresso/conftest.f:2: undefined reference to `dfftw_execute_dft_'
configure:9321: $? = 1
configure: failed program was:
|       program main
|       call dfftw_execute_dft
|       end
configure:9321: ifort -o conftest -O2 -assume byterecl -g -traceback  -nomodule   -L/opt/intel/composer_xe_2015.2.164/ipp/lib/intel64 conftest.f -lfftw3 -lm  >&5
ld: cannot find -lfftw3
configure:9321: $? = 1
configure: failed program was:
|       program main
|       call dfftw_execute_dft
|       end
configure:9338: result: no
configure:9303: checking for library containing dfftw_execute_dft
configure:9321: ifort -o conftest -O2 -assume byterecl -g -traceback  -nomodule   -L/opt/intel/composer_xe_2015.2.164/ipp/tools/intel64/perfsys conftest.f  >&5
/tmp/ifortNX0ntq.o: In function `main':
/home/nvarini/espresso_hdf5/espresso/conftest.f:2: undefined reference to `dfftw_execute_dft_'
configure:9321: $? = 1
configure: failed program was:
|       program main
|       call dfftw_execute_dft
|       end
configure:9321: ifort -o conftest -O2 -assume byterecl -g -traceback  -nomodule   -L/opt/intel/composer_xe_2015.2.164/ipp/tools/intel64/perfsys conftest.f -lfftw3 -lm  >&5
ld: cannot find -lfftw3
configure:9321: $? = 1
configure: failed program was:
|       program main
|       call dfftw_execute_dft
|       end
configure:9338: result: no
configure:9303: checking for library containing dfftw_execute_dft
configure:9321: ifort -o conftest -O2 -assume byterecl -g -traceback  -nomodule   -L/opt/intel/composer_xe_2015.2.164/compiler/lib/intel64 conftest.f  >&5
/tmp/ifortxSnY6R.o: In function `main':
/home/nvarini/espresso_hdf5/espresso/conftest.f:2: undefined reference to `dfftw_execute_dft_'
configure:9321: $? = 1
configure: failed program was:
|       program main
|       call dfftw_execute_dft
|       end
configure:9321: ifort -o conftest -O2 -assume byterecl -g -traceback  -nomodule   -L/opt/intel/composer_xe_2015.2.164/compiler/lib/intel64 conftest.f -lfftw3 -lm  >&5
ld: cannot find -lfftw3
configure:9321: $? = 1
configure: failed program was:
|       program main
|       call dfftw_execute_dft
|       end
configure:9338: result: no
configure:9303: checking for library containing dfftw_execute_dft
configure:9321: ifort -o conftest -O2 -assume byterecl -g -traceback  -nomodule   -L/opt/intel/composer_xe_2015.2.164/mkl/lib/intel64 conftest.f  >&5
/tmp/ifortEpZymk.o: In function `main':
/home/nvarini/espresso_hdf5/espresso/conftest.f:2: undefined reference to `dfftw_execute_dft_'
configure:9321: $? = 1
configure: failed program was:
|       program main
|       call dfftw_execute_dft
|       end
configure:9321: ifort -o conftest -O2 -assume byterecl -g -traceback  -nomodule   -L/opt/intel/composer_xe_2015.2.164/mkl/lib/intel64 conftest.f -lfftw3 -lm  >&5
ld: cannot find -lfftw3
configure:9321: $? = 1
configure: failed program was:
|       program main
|       call dfftw_execute_dft
|       end
configure:9338: result: no
configure:9303: checking for library containing dfftw_execute_dft
configure:9321: ifort -o conftest -O2 -assume byterecl -g -traceback  -nomodule   -L/opt/intel/composer_xe_2015.2.164/tbb/lib/intel64/gcc4.4 conftest.f  >&5
/tmp/ifort6da3KD.o: In function `main':
/home/nvarini/espresso_hdf5/espresso/conftest.f:2: undefined reference to `dfftw_execute_dft_'
configure:9321: $? = 1
configure: failed program was:
|       program main
|       call dfftw_execute_dft
|       end
configure:9321: ifort -o conftest -O2 -assume byterecl -g -traceback  -nomodule   -L/opt/intel/composer_xe_2015.2.164/tbb/lib/intel64/gcc4.4 conftest.f -lfftw3 -lm  >&5
ld: cannot find -lfftw3
configure:9321: $? = 1
configure: failed program was:
|       program main
|       call dfftw_execute_dft
|       end
configure:9338: result: no
configure:9303: checking for library containing dfftw_execute_dft
configure:9321: ifort -o conftest -O2 -assume byterecl -g -traceback  -nomodule   -L/opt/intel/composer_xe_2015.2.164/debugger/ipt/intel64/lib conftest.f  >&5
/tmp/ifortqvShua.o: In function `main':
/home/nvarini/espresso_hdf5/espresso/conftest.f:2: undefined reference to `dfftw_execute_dft_'
configure:9321: $? = 1
configure: failed program was:
|       program main
|       call dfftw_execute_dft
|       end
configure:9321: ifort -o conftest -O2 -assume byterecl -g -traceback  -nomodule   -L/opt/intel/composer_xe_2015.2.164/debugger/ipt/intel64/lib conftest.f -lfftw3 -lm  >&5
ld: cannot find -lfftw3
configure:9321: $? = 1
configure: failed program was:
|       program main
|       call dfftw_execute_dft
|       end
configure:9338: result: no
configure:9387: result: 
configure:9415: checking MASS
configure:9652: result: 
configure:9682: checking for library containing mpi_init
configure:9700: ifort -o conftest -O2 -assume byterecl -g -traceback  -nomodule  conftest.f  >&5
/tmp/ifortpEDIoy.o: In function `main':
/home/nvarini/espresso_hdf5/espresso/conftest.f:2: undefined reference to `mpi_init_'
configure:9700: $? = 1
configure: failed program was:
|       program main
|       call mpi_init
|       end
configure:9700: ifort -o conftest -O2 -assume byterecl -g -traceback  -nomodule  conftest.f -lmpi   >&5
configure:9700: $? = 0
configure:9717: result: -lmpi
configure:9791: checking for library containing pdgemr2d
configure:9809: ifort -o conftest -O2 -assume byterecl -g -traceback  -nomodule  conftest.f -lmpi  >&5
/tmp/ifortPnETIW.o: In function `main':
/home/nvarini/espresso_hdf5/espresso/conftest.f:2: undefined reference to `pdgemr2d_'
configure:9809: $? = 1
configure: failed program was:
|       program main
|       call pdgemr2d
|       end
configure:9809: ifort -o conftest -O2 -assume byterecl -g -traceback  -nomodule  conftest.f -lmpi  >&5
/tmp/ifortIXOFvb.o: In function `main':
/home/nvarini/espresso_hdf5/espresso/conftest.f:2: undefined reference to `pdgemr2d_'
configure:9809: $? = 1
configure: failed program was:
|       program main
|       call pdgemr2d
|       end
configure:9826: result: no
configure:9846: checking for library containing pdgemr2d
configure:9864: ifort -o conftest -O2 -assume byterecl -g -traceback  -nomodule  conftest.f -lmkl_blacs_lp64 -lmpi    -lmkl_intel_lp64  -lmkl_sequential -lmkl_core >&5
ld: cannot find -lmkl_blacs_lp64
configure:9864: $? = 1
configure: failed program was:
|       program main
|       call pdgemr2d
|       end
configure:9864: ifort -o conftest -O2 -assume byterecl -g -traceback  -nomodule  conftest.f -lmkl_scalapack_lp64  -lmkl_blacs_lp64 -lmpi    -lmkl_intel_lp64  -lmkl_sequential -lmkl_core >&5
ld: cannot find -lmkl_scalapack_lp64
ld: cannot find -lmkl_blacs_lp64
configure:9864: $? = 1
configure: failed program was:
|       program main
|       call pdgemr2d
|       end
configure:9881: result: no
configure:9898: checking for library containing pdgemr2d
configure:9916: ifort -o conftest -O2 -assume byterecl -g -traceback  -nomodule  conftest.f -lmpi  -lsci >&5
ld: cannot find -lsci
configure:9916: $? = 1
configure: failed program was:
|       program main
|       call pdgemr2d
|       end
configure:9916: ifort -o conftest -O2 -assume byterecl -g -traceback  -nomodule  conftest.f -lmpi  -lsci >&5
ld: cannot find -lsci
configure:9916: $? = 1
configure: failed program was:
|       program main
|       call pdgemr2d
|       end
configure:9933: result: no
configure:9948: checking for library containing pdgemr2d
configure:9966: ifort -o conftest -O2 -assume byterecl -g -traceback  -nomodule  conftest.f -lmpi  -lscalapack >&5
ld: cannot find -lscalapack
configure:9966: $? = 1
configure: failed program was:
|       program main
|       call pdgemr2d
|       end
configure:9966: ifort -o conftest -O2 -assume byterecl -g -traceback  -nomodule  conftest.f -lmpi  -lscalapack >&5
ld: cannot find -lscalapack
configure:9966: $? = 1
configure: failed program was:
|       program main
|       call pdgemr2d
|       end
configure:9983: result: no
configure:9999: checking for library containing pdgemr2d
configure:10017: ifort -o conftest -O2 -assume byterecl -g -traceback  -nomodule  conftest.f -lmpi  -lscalapack -lblacs -lblacsF77init -lblacs >&5
ld: cannot find -lscalapack
ld: cannot find -lblacs
ld: cannot find -lblacsF77init
ld: cannot find -lblacs
configure:10017: $? = 1
configure: failed program was:
|       program main
|       call pdgemr2d
|       end
configure:10017: ifort -o conftest -O2 -assume byterecl -g -traceback  -nomodule  conftest.f -lmpi  -lscalapack -lblacs -lblacsF77init -lblacs >&5
ld: cannot find -lscalapack
ld: cannot find -lblacs
ld: cannot find -lblacsF77init
ld: cannot find -lblacs
configure:10017: $? = 1
configure: failed program was:
|       program main
|       call pdgemr2d
|       end
configure:10034: result: no
configure:10052: checking for library containing pdgemr2d
configure:10070: ifort -o conftest -O2 -assume byterecl -g -traceback  -nomodule  conftest.f -lmpi  -L/bgsys/local/scalapack/lib -lscalapack -L/bgsys/local/blacs/lib -lblacs -lblacsF77init -lblacs >&5
ld: cannot find -lscalapack
ld: cannot find -lblacs
ld: cannot find -lblacsF77init
ld: cannot find -lblacs
configure:10070: $? = 1
configure: failed program was:
|       program main
|       call pdgemr2d
|       end
configure:10070: ifort -o conftest -O2 -assume byterecl -g -traceback  -nomodule  conftest.f -lmpi  -L/bgsys/local/scalapack/lib -lscalapack -L/bgsys/local/blacs/lib -lblacs -lblacsF77init -lblacs >&5
ld: cannot find -lscalapack
ld: cannot find -lblacs
ld: cannot find -lblacsF77init
ld: cannot find -lblacs
configure:10070: $? = 1
configure: failed program was:
|       program main
|       call pdgemr2d
|       end
configure:10087: result: no
configure:10120: checking ELPA
configure:10163: result: 
configure:10173: checking hdf5
configure:10209: result: -L/home/nvarini/sofware/hdf5-1.8.17/lib -lhdf5_fortran -lhdf5
configure:10245: checking for ranlib
configure:10261: found /usr/bin/ranlib
configure:10273: result: ranlib
configure:10299: checking for wget
configure:10315: found /usr/bin/wget
configure:10326: result: wget -O
configure:10541: creating ./config.status

## ---------------------- ##
## Running config.status. ##
## ---------------------- ##

This file was extended by ESPRESSO config.status 5.4.0, which was
generated by GNU Autoconf 2.69.  Invocation command line was

  CONFIG_FILES    = 
  CONFIG_HEADERS  = 
  CONFIG_LINKS    = 
  CONFIG_COMMANDS = 
  $ ./config.status 

on theospc12

config.status:881: creating install/make_blas.inc
config.status:881: creating install/make_lapack.inc
config.status:881: creating include/fft_defs.h
config.status:881: creating include/configure.h
config.status:881: creating make.inc
config.status:881: creating configure.msg
config.status:881: creating install/make_wannier90.inc
config.status:881: creating include/c_defs.h
config.status:1036: include/c_defs.h is unchanged

## ---------------- ##
## Cache variables. ##
## ---------------- ##

ac_cv_build=x86_64-pc-linux-gnu
ac_cv_c_compiler_gnu=yes
ac_cv_env_CC_set=
ac_cv_env_CC_value=
ac_cv_env_CFLAGS_set=
ac_cv_env_CFLAGS_value=
ac_cv_env_CPPFLAGS_set=
ac_cv_env_CPPFLAGS_value=
ac_cv_env_CPP_set=
ac_cv_env_CPP_value=
ac_cv_env_EXTLIB_FLAGS_set=
ac_cv_env_EXTLIB_FLAGS_value=
ac_cv_env_F77_set=
ac_cv_env_F77_value=
ac_cv_env_FCFLAGS_set=
ac_cv_env_FCFLAGS_value=
ac_cv_env_FC_set=set
ac_cv_env_FC_value=ifort
ac_cv_env_FFLAGS_set=
ac_cv_env_FFLAGS_value=
ac_cv_env_LDFLAGS_set=
ac_cv_env_LDFLAGS_value=
ac_cv_env_LIBS_set=
ac_cv_env_LIBS_value=
ac_cv_env_build_alias_set=
ac_cv_env_build_alias_value=
ac_cv_env_host_alias_set=
ac_cv_env_host_alias_value=
ac_cv_env_target_alias_set=
ac_cv_env_target_alias_value=
ac_cv_f77_compiler_gnu=no
ac_cv_f77_dummy_main=none
ac_cv_f77_libs=' -L/opt/intel/composer_xe_2015.2.164/compiler/lib/intel64 -L/opt/intel/composer_xe_2015.2.164/ipp/../compiler/lib/intel64 -L/opt/intel/composer_xe_2015.2.164/ipp/lib/intel64 -L/opt/intel/composer_xe_2015.2.164/mkl/lib/intel64 -L/opt/intel/composer_xe_2015.2.164/tbb/lib/intel64/gcc4.4 -L/usr/lib/gcc/x86_64-linux-gnu/4.8/ -L/usr/lib/gcc/x86_64-linux-gnu/4.8/../../../x86_64-linux-gnu/ -L/usr/lib/gcc/x86_64-linux-gnu/4.8/../../../../lib/ -L/lib/x86_64-linux-gnu/ -L/lib/../lib64 -L/lib/../lib/ -L/usr/lib/x86_64-linux-gnu/ -L/usr/lib/../lib/ -L/opt/intel/composer_xe_2015.2.164/compiler/lib/intel64/ -L/opt/intel/composer_xe_2015.2.164/ipp/../compiler/lib/intel64/ -L/opt/intel/composer_xe_2015.2.164/ipp/lib/intel64/ -L/opt/intel/composer_xe_2015.2.164/mkl/lib/intel64/ -L/opt/intel/composer_xe_2015.2.164/tbb/lib/intel64/gcc4.4/ -L/usr/lib/gcc/x86_64-linux-gnu/4.8/../../../ -L/lib64 -L/lib/ -L/usr/lib -L/usr/lib/i386-linux-gnu -lifport -lifcore -limf -lsvml -lm -lipgo -lirc -lpthread -lirc_s -ldl'
ac_cv_f77_mangling='lower case, underscore, no extra underscore'
ac_cv_fc_compiler_gnu=no
ac_cv_fc_srcext_f90=none
ac_cv_fortran_dummy_main=none
ac_cv_header_inttypes_h=yes
ac_cv_header_malloc_h=yes
ac_cv_header_memory_h=yes
ac_cv_header_stdc=yes
ac_cv_header_stdint_h=yes
ac_cv_header_stdlib_h=yes
ac_cv_header_string_h=yes
ac_cv_header_strings_h=yes
ac_cv_header_sys_stat_h=yes
ac_cv_header_sys_types_h=yes
ac_cv_header_unistd_h=yes
ac_cv_host=x86_64-pc-linux-gnu
ac_cv_lib_mkl_intel_lp64_DftiComputeForward=no
ac_cv_member_struct_mallinfo_arena=yes
ac_cv_objext=o
ac_cv_path_EGREP='/bin/grep -E'
ac_cv_path_GREP=/bin/grep
ac_cv_prog_CPP='icc -E'
ac_cv_prog_ac_ct_CC=icc
ac_cv_prog_ac_ct_F77=ifort
ac_cv_prog_cc_c89=
ac_cv_prog_cc_g=yes
ac_cv_prog_f77_g=yes
ac_cv_prog_f77_v=-v
ac_cv_prog_fc_g=yes
ac_cv_prog_make_make_set=yes
ac_cv_prog_ranlib=ranlib
ac_cv_prog_wget='wget -O'
ac_cv_search_dfftw_execute_dft=no
ac_cv_search_dgemm=-lmkl_intel_lp64
ac_cv_search_dspev='none required'
ac_cv_search_mpi_init=-lmpi
ac_cv_search_pdgemr2d=no
ac_cv_sizeof_int_p=8

## ----------------- ##
## Output variables. ##
## ----------------- ##

        $(MPIF90) $(F90FLAGS) -c $(*)_tmp.f90 -o $(*).o'
CC='icc'
CFLAGS='-O3'
CPP='icc -E'
CPPFLAGS='-O3'
Configured for compilation of parallel executables.'
DEFS='-DHAVE_CONFIG_H'
ECHO_C=''
ECHO_N='-n'
ECHO_T=''
EGREP='/bin/grep -E'
EXEEXT=''
EXTLIB_FLAGS=''
F77='ifort'
FC='ifort'
FCFLAGS=''
FCFLAGS_f90=''
FFLAGS='$(FFLAGS) -I/home/nvarini/sofware/hdf5-1.8.17/include'
FLIBS=' -L/opt/intel/composer_xe_2015.2.164/compiler/lib/intel64 -L/opt/intel/composer_xe_2015.2.164/ipp/../compiler/lib/intel64 -L/opt/intel/composer_xe_2015.2.164/ipp/lib/intel64 -L/opt/intel/composer_xe_2015.2.164/mkl/lib/intel64 -L/opt/intel/composer_xe_2015.2.164/tbb/lib/intel64/gcc4.4 -L/usr/lib/gcc/x86_64-linux-gnu/4.8/ -L/usr/lib/gcc/x86_64-linux-gnu/4.8/../../../x86_64-linux-gnu/ -L/usr/lib/gcc/x86_64-linux-gnu/4.8/../../../../lib/ -L/lib/x86_64-linux-gnu/ -L/lib/../lib64 -L/lib/../lib/ -L/usr/lib/x86_64-linux-gnu/ -L/usr/lib/../lib/ -L/opt/intel/composer_xe_2015.2.164/compiler/lib/intel64/ -L/opt/intel/composer_xe_2015.2.164/ipp/../compiler/lib/intel64/ -L/opt/intel/composer_xe_2015.2.164/ipp/lib/intel64/ -L/opt/intel/composer_xe_2015.2.164/mkl/lib/intel64/ -L/opt/intel/composer_xe_2015.2.164/tbb/lib/intel64/gcc4.4/ -L/usr/lib/gcc/x86_64-linux-gnu/4.8/../../../ -L/lib64 -L/lib/ -L/usr/lib -L/usr/lib/i386-linux-gnu -lifport -lifcore -limf -lsvml -lm -lipgo -lirc -lpthread -lirc_s -ldl'
GREP='/bin/grep'
LDFLAGS=''
LIBOBJS=''
LIBS='-lmpi  -L/bgsys/local/scalapack/lib -lscalapack -L/bgsys/local/blacs/lib -lblacs -lblacsF77init -lblacs'
LTLIBOBJS=''
OBJEXT='o'
PACKAGE_BUGREPORT=''
PACKAGE_NAME='ESPRESSO'
PACKAGE_STRING='ESPRESSO 5.4.0'
PACKAGE_TARNAME='espresso'
PACKAGE_URL=''
PACKAGE_VERSION='5.4.0'
PATH_SEPARATOR=':'
SET_MAKE=''
SHELL='/bin/bash'
SIZEOF_INT_P='8'
ac_ct_CC='icc'
ac_ct_F77='ifort'
ac_ct_FC=''
ar='ar'
arch='x86_64'
arflags='ruv'
bindir='${exec_prefix}/bin'
blas_libs='  -lmkl_intel_lp64  -lmkl_sequential -lmkl_core'
blas_libs_switch='external'
blas_line='BLAS_LIBS=  -lmkl_intel_lp64  -lmkl_sequential -lmkl_core'
build='x86_64-pc-linux-gnu'
build_alias=''
build_cpu='x86_64'
build_os='linux-gnu'
build_vendor='pc'
cc='icc'
cflags='-O3'
cpp='cpp'
cppflags='-P -traditional'
datadir='${datarootdir}'
datarootdir='${prefix}/share'
dflags=' -D__INTEL -D__FFTW -D__MPI -D__PARA -D__HDF5'
docdir='${datarootdir}/doc/${PACKAGE_TARNAME}'
dvidir='${docdir}'
elpa_libs_switch='disabled'
exec_prefix='${prefix}'
extlib_flags='-O2'
f77='ifort'
f90='ifort'
f90flags='$(FFLAGS) -nomodule'
f90rule='$(CPP) $(CPPFLAGS) $< -o $(*)_tmp.f90 ; \
fdflags='$(DFLAGS) $(MANUAL_DFLAGS)'
fflags='-O2 -assume byterecl -g -traceback'
fflags_nomain='-nofor_main'
fflags_noopt='-O0 -assume byterecl -g -traceback'
fft_libs=''
fft_line='FFT_LIBS='
hdf5_libs='-L/home/nvarini/sofware/hdf5-1.8.17/lib -lhdf5_fortran -lhdf5'
hdf5_libs_switch='disabled'
host='x86_64-pc-linux-gnu'
host_alias=''
host_cpu='x86_64'
host_os='linux-gnu'
host_vendor='pc'
htmldir='${docdir}'
iflags='-I../include -I/home/nvarini/sofware/hdf5-1.8.17/include'
imod='-I'
includedir='${prefix}/include'
infodir='${datarootdir}/info'
lapack_libs=''
lapack_libs_switch='external'
lapack_line='LAPACK_LIBS='
ld='ifort'
ld_libs=''
ldflags='-static-intel '
libdir='${exec_prefix}/lib'
libexecdir='${exec_prefix}/libexec'
localedir='${datarootdir}/locale'
localstatedir='${prefix}/var'
mandir='${datarootdir}/man'
mass_libs=''
mass_line='@delete@'
mpi_libs='-lmpi '
mpi_line='MPI_LIBS=-lmpi '
mpif90='ifort'
oldincludedir='/usr/include'
parallel_report='Parallel environment detected successfully.\
pdfdir='${docdir}'
pre_fdflags='-fpp '
prefix='/usr/local'
program_transform_name='s,x,x,'
psdir='${docdir}'
ranlib='ranlib'
sbindir='${exec_prefix}/sbin'
scalapack_libs=''
scalapack_line='@delete@'
sharedstatedir='${prefix}/com'
sysconfdir='${prefix}/etc'
target_alias=''
topdir='/home/nvarini/espresso_hdf5/espresso'
wget='wget -O'

## ----------- ##
## confdefs.h. ##
## ----------- ##

/* confdefs.h */
#define PACKAGE_NAME "ESPRESSO"
#define PACKAGE_TARNAME "espresso"
#define PACKAGE_VERSION "5.4.0"
#define PACKAGE_STRING "ESPRESSO 5.4.0"
#define PACKAGE_BUGREPORT ""
#define PACKAGE_URL ""
#define STDC_HEADERS 1
#define HAVE_SYS_TYPES_H 1
#define HAVE_SYS_STAT_H 1
#define HAVE_STDLIB_H 1
#define HAVE_STRING_H 1
#define HAVE_MEMORY_H 1
#define HAVE_STRINGS_H 1
#define HAVE_INTTYPES_H 1
#define HAVE_STDINT_H 1
#define HAVE_UNISTD_H 1
#define SIZEOF_INT_P 8
#define HAVE_MALLINFO 1
#define F77_FUNC(name,NAME) name ## _
#define F77_FUNC_(name,NAME) name ## _

configure: exit 0
