     diagonalizing the dynamical matrix ...

 q =       0.0000      0.0000      0.0000
 **************************************************************************
     freq (    1) =      -0.000002 [THz] =      -0.000057 [cm-1]
 ( -0.052225   0.000000    -0.022850   0.000000     0.411085   0.000000   )
 (  0.004019   0.000000    -0.079094   0.000000     0.465668   0.000000   )
 ( -0.053285   0.000000    -0.020129   0.000000     0.408363   0.000000   )
 ( -0.109529   0.000000    -0.076373   0.000000     0.468389   0.000000   )
 ( -0.052755   0.000000    -0.049612   0.000000     0.438376   0.000000   )
     freq (    2) =      -0.000001 [THz] =      -0.000037 [cm-1]
 ( -0.029237   0.000000     0.204761   0.000000     0.252985   0.000000   )
 ( -0.048415   0.000000     0.223938   0.000000    -0.146378   0.000000   )
 (  0.488837   0.000000     0.066871   0.000000     0.390874   0.000000   )
 (  0.508015   0.000000     0.086049   0.000000    -0.284267   0.000000   )
 (  0.229800   0.000000     0.145405   0.000000     0.053303   0.000000   )
     freq (    3) =      -0.000001 [THz] =      -0.000034 [cm-1]
 (  0.464842   0.000000    -0.230210   0.000000    -0.019691   0.000000   )
 (  0.124010   0.000000     0.110622   0.000000     0.060545   0.000000   )
 ( -0.321682   0.000000     0.135246   0.000000    -0.385147   0.000000   )
 (  0.019150   0.000000     0.476078   0.000000     0.426000   0.000000   )
 (  0.071580   0.000000     0.122934   0.000000     0.020427   0.000000   )
     freq (    4) =      -0.000001 [THz] =      -0.000031 [cm-1]
 (  0.278706   0.000000     0.261500   0.000000    -0.477512   0.000000   )
 (  0.222007   0.000000     0.318199   0.000000     0.482739   0.000000   )
 ( -0.146829   0.000000    -0.329916   0.000000     0.113903   0.000000   )
 ( -0.090130   0.000000    -0.273217   0.000000    -0.108676   0.000000   )
 (  0.065938   0.000000    -0.005859   0.000000     0.002614   0.000000   )
     freq (    5) =       0.000001 [THz] =       0.000020 [cm-1]
 (  0.214652   0.000000    -0.306019   0.000000     0.067977   0.000000   )
 (  0.442556   0.000000    -0.533923   0.000000    -0.081691   0.000000   )
 (  0.270053   0.000000     0.016152   0.000000    -0.254194   0.000000   )
 (  0.042149   0.000000    -0.211752   0.000000     0.240480   0.000000   )
 (  0.242353   0.000000    -0.258885   0.000000    -0.006857   0.000000   )
     freq (    6) =       0.000001 [THz] =       0.000041 [cm-1]
 ( -0.216169   0.000000     0.398899   0.000000    -0.072998   0.000000   )
 (  0.435983   0.000000    -0.253253   0.000000     0.070420   0.000000   )
 (  0.228554   0.000000     0.462911   0.000000    -0.137010   0.000000   )
 ( -0.423599   0.000000    -0.189241   0.000000     0.134431   0.000000   )
 (  0.006192   0.000000     0.104829   0.000000    -0.001289   0.000000   )
     freq (    7) =      36.533028 [THz] =    1218.610632 [cm-1]
 ( -0.440688   0.000000     0.297388   0.000000     0.197367   0.000000   )
 ( -0.396735   0.000000     0.341342   0.000000    -0.126444   0.000000   )
 ( -0.276242   0.000000    -0.146915   0.000000    -0.246936   0.000000   )
 ( -0.320196   0.000000    -0.102961   0.000000     0.317860   0.000000   )
 (  0.119488   0.000000    -0.032405   0.000000    -0.011821   0.000000   )
     freq (    8) =      36.533028 [THz] =    1218.610632 [cm-1]
 (  0.127515   0.000000    -0.296796   0.000000     0.279894   0.000000   )
 (  0.122636   0.000000    -0.301675   0.000000    -0.287766   0.000000   )
 ( -0.323541   0.000000    -0.418279   0.000000     0.158411   0.000000   )
 ( -0.318662   0.000000    -0.423158   0.000000    -0.166283   0.000000   )
 (  0.032671   0.000000     0.119992   0.000000     0.001312   0.000000   )
     freq (    9) =      36.533028 [THz] =    1218.610632 [cm-1]
 (  0.188857   0.000000     0.263828   0.000000    -0.358941   0.000000   )
 ( -0.271469   0.000000    -0.196497   0.000000    -0.383844   0.000000   )
 ( -0.255235   0.000000     0.222692   0.000000    -0.400077   0.000000   )
 (  0.205091   0.000000    -0.237634   0.000000    -0.342707   0.000000   )
 (  0.011063   0.000000    -0.004366   0.000000     0.123797   0.000000   )
     freq (   10) =      43.474606 [THz] =    1450.156776 [cm-1]
 (  0.232129   0.000000     0.174774   0.000000    -0.406903   0.000000   )
 ( -0.232129   0.000000    -0.174774   0.000000    -0.406903   0.000000   )
 (  0.232129   0.000000    -0.174774   0.000000     0.406903   0.000000   )
 ( -0.232129   0.000000     0.174774   0.000000     0.406903   0.000000   )
 (  0.000000   0.000000     0.000000   0.000000     0.000000   0.000000   )
     freq (   11) =      43.474606 [THz] =    1450.156776 [cm-1]
 ( -0.335832   0.000000     0.368945   0.000000    -0.033114   0.000000   )
 (  0.335832   0.000000    -0.368945   0.000000    -0.033114   0.000000   )
 ( -0.335832   0.000000    -0.368945   0.000000     0.033114   0.000000   )
 (  0.335832   0.000000     0.368945   0.000000     0.033114   0.000000   )
 ( -0.000000   0.000000     0.000000   0.000000     0.000000   0.000000   )
     freq (   12) =      87.786201 [THz] =    2928.232467 [cm-1]
 (  0.288675   0.000000     0.288675   0.000000     0.288675   0.000000   )
 ( -0.288675   0.000000    -0.288675   0.000000     0.288675   0.000000   )
 (  0.288675   0.000000    -0.288675   0.000000    -0.288675   0.000000   )
 ( -0.288675   0.000000     0.288675   0.000000    -0.288675   0.000000   )
 ( -0.000000   0.000000    -0.000000   0.000000    -0.000000   0.000000   )
     freq (   13) =      91.586090 [THz] =    3054.983113 [cm-1]
 (  0.392632   0.000000     0.385403   0.000000     0.403212   0.000000   )
 (  0.392632   0.000000     0.385403   0.000000    -0.403212   0.000000   )
 ( -0.113252   0.000000     0.084864   0.000000     0.102673   0.000000   )
 ( -0.113252   0.000000     0.084864   0.000000    -0.102673   0.000000   )
 ( -0.046563   0.000000    -0.078378   0.000000    -0.000000   0.000000   )
     freq (   14) =      91.586090 [THz] =    3054.983113 [cm-1]
 ( -0.294212   0.000000    -0.294212   0.000000    -0.273498   0.000000   )
 (  0.294212   0.000000     0.294212   0.000000    -0.273498   0.000000   )
 (  0.294212   0.000000    -0.294212   0.000000    -0.273498   0.000000   )
 ( -0.294212   0.000000     0.294212   0.000000    -0.273498   0.000000   )
 ( -0.000000   0.000000    -0.000000   0.000000     0.091166   0.000000   )
     freq (   15) =      91.586090 [THz] =    3054.983113 [cm-1]
 ( -0.084864   0.000000    -0.113252   0.000000    -0.102673   0.000000   )
 ( -0.084864   0.000000    -0.113252   0.000000     0.102673   0.000000   )
 ( -0.385403   0.000000     0.392632   0.000000     0.403212   0.000000   )
 ( -0.385403   0.000000     0.392632   0.000000    -0.403212   0.000000   )
 (  0.078378   0.000000    -0.046563   0.000000    -0.000000   0.000000   )
 **************************************************************************
