
     Program D3TOTEN v.5.4.0 (svn rev. 12620M) starts on 28Jul2016 at 11:21:19 

     This program is part of the open-source Quantum ESPRESSO suite
     for quantum simulation of materials; please cite
         "P. Giannozzi et al., J. Phys.:Condens. Matter 21 395502 (2009);
          URL http://www.quantum-espresso.org", 
     in publications or presentations arising from this work. More details at
     http://www.quantum-espresso.org/quote
 
           HOST :    x86_64-pc-linux-gnu
           ARCH :    x86_64
             CC :    icc
            CPP :    cpp
            F90 :    ifort
            F77 :    ifort
         DFLAGS :    -D__INTEL -D__FFTW -D__MPI -D__PARA -D__HDF5
      BLAS LIBS :    -lmkl_intel_lp64  -lmkl_sequential -lmkl_core
    LAPACK LIBS :    
       FFT LIBS :    
      MASS LIBS :    

     Parallel version (MPI), running on     2 processors
     R & G space division:  proc/nbgrp/npool/nimage =       2

     Reading data from directory:
     /home/nvarini/espresso_hdf5/espresso/tempdir/silicon.save

   Info: using nr1, nr2, nr3 values from input

   Info: using nr1, nr2, nr3 values from input

     IMPORTANT: XC functional enforced from input :
     Exchange-correlation      =  SLA  PZ   NOGX NOGC ( 1  1  0  0 0 0)
     Any further DFT definition will be discarded
     Please, verify this is what you really want

 
     Parallelization info
     --------------------
     sticks:   dense  smooth     PW     G-vecs:    dense   smooth      PW
     Min         174     174     60                 2139     2139     434
     Max         175     175     61                 2140     2140     435
     Sum         349     349    121                 4279     4279     869
 

                                                                                

bravais-lattice index     =            2
     lattice parameter (a_0)   =      10.2000  a.u.
     unit-cell volume          =     265.3020 (a.u.)^3
     number of atoms/cell      =            2
     number of atomic types    =            1
     kinetic-energy cut-off    =      24.0000  Ry
     charge density cut-off    =      96.0000  Ry


     celldm(1)=   10.20000  celldm(2)=    0.00000  celldm(3)=    0.00000
     celldm(4)=    0.00000  celldm(5)=    0.00000  celldm(6)=    0.00000

     crystal axes: (cart. coord. in units of a_0)
               a(1) = ( -0.5000  0.0000  0.5000 )  
               a(2) = (  0.0000  0.5000  0.5000 )  
               a(3) = ( -0.5000  0.5000  0.0000 )  

     reciprocal axes: (cart. coord. in units 2 pi/a_0)
               b(1) = ( -1.0000 -1.0000  1.0000 )  
               b(2) = (  1.0000  1.0000  1.0000 )  
               b(3) = ( -1.0000  1.0000 -1.0000 )  


     Atoms inside the unit cell: 

   Cartesian axes

     site n.  atom      mass           positions (a_0 units)
        1        Si   0.0308   tau( 1) = (    0.00000    0.00000    0.00000  )
        2        Si   0.0308   tau( 2) = (    0.25000    0.25000    0.25000  )

     Computing dynamical matrix for 
                    q = (    0.00000    0.00000    0.00000 )

     Computing all the modes 
 
     48 + 1 = 49 q=0 Sym.Ops. 


     G cutoff =  252.9949  (   2139 G-vectors)     FFT grid: ( 24, 24, 24)
     number of k points=   10
                       cart. coord. in units 2pi/a_0
        k(    1) = (  -0.1250000   0.1250000   0.1250000), wk =   0.0625000
        k(    2) = (  -0.3750000   0.3750000  -0.1250000), wk =   0.1875000
        k(    3) = (   0.3750000  -0.3750000   0.6250000), wk =   0.1875000
        k(    4) = (   0.1250000  -0.1250000   0.3750000), wk =   0.1875000
        k(    5) = (  -0.1250000   0.6250000   0.1250000), wk =   0.1875000
        k(    6) = (   0.6250000  -0.1250000   0.8750000), wk =   0.3750000
        k(    7) = (   0.3750000   0.1250000   0.6250000), wk =   0.3750000
        k(    8) = (  -0.1250000  -0.8750000   0.1250000), wk =   0.1875000
        k(    9) = (  -0.3750000   0.3750000   0.3750000), wk =   0.0625000
        k(   10) = (   0.3750000  -0.3750000   1.1250000), wk =   0.1875000

     PseudoPot. # 1 for Si read from file:
     /home/nvarini/espresso_hdf5/espresso/pseudo/Si.pz-vbc.UPF
     MD5 check sum: 6dfa03ddd5817404712e03e4d12deb78
     Pseudo is Norm-conserving, Zval =  4.0
     Generated by new atomic code, or converted to UPF format
     Using radial grid of  431 points,  2 beta functions with: 
                l(1) =   0
                l(2) =   1


     Atomic displacements:
     There are     2 irreducible representations

     Representation     1      3 modes - To be done

     Representation     2      3 modes - To be done

                    **   Complex  Version    **
     D3TOTEN      :     0.52s CPU         0.52s WALL


     Nscf calculating of the perturbed wavefunctions

     Calculating for the wavevector q=0 at the original k-points


     Representation #  1 modes #   1  2  3


      thresh= 0.100E-04 total cpu time :      0.9 s   av.# it.:  12.1


     Representation #  2 modes #   4  5  6


      thresh= 0.100E-04 total cpu time :      1.2 s   av.# it.:  12.1
     gen_dwfc(3)   cpu time:     0.67 sec    Total time:        1.19 sec

     Finished the ncf calculation of the perturbed wavefunctions

     calling gen_dpdvp
     gen_dpdvp     cpu time:     0.00 sec    Total time:        1.19 sec

     Calculating the matrix elements <dpsi |dH |dpsi>

     calling dpsidvdpsi:  1
     dpsidvdpsi  1 cpu time:     0.05 sec    Total time:        1.24 sec

     calling dpsidvdpsi:  2
     dpsidvdpsi  2 cpu time:     0.05 sec    Total time:        1.30 sec

     calling dpsidvdpsi:  3
     dpsidvdpsi  3 cpu time:     0.05 sec    Total time:        1.35 sec

     calling dpsidvdpsi:  4
     dpsidvdpsi  4 cpu time:     0.05 sec    Total time:        1.41 sec

     calling dpsidvdpsi:  5
     dpsidvdpsi  5 cpu time:     0.05 sec    Total time:        1.46 sec

     calling dpsidvdpsi:  6
     dpsidvdpsi  6 cpu time:     0.05 sec    Total time:        1.52 sec

     Calculating the matrix elements <dpsi|dpsi>< psi|dH|psi> 

     calling dpsidpsidv
     dpsidpsidv    cpu time:     0.03 sec    Total time:        1.54 sec

     Calculating the matrix elements <psi |d^2 v |dpsi>

     calling drhod2v
           1
 -0.115892 -0.127439    0.306350  0.167712   -0.287607 -0.071336
  0.306350  0.167712   -0.104973  0.171906    0.313325 -0.192847
 -0.287607 -0.071336    0.313325 -0.192847   -0.262557  0.366012
           2
 -0.115892  0.127439    0.306350 -0.167712   -0.287607  0.071336
  0.306350 -0.167712   -0.104973 -0.171906    0.313325  0.192847
 -0.287607  0.071336    0.313325  0.192847   -0.262557 -0.366012
           1
 -0.265296 -0.120016   -0.163871  0.127660   -0.250722  0.048776
 -0.163871  0.127660   -0.194878 -0.118790   -0.206460 -0.007978
 -0.250722  0.048776   -0.206460 -0.007978   -0.187175 -0.257845
           2
 -0.265296  0.120016   -0.163871 -0.127660   -0.250722 -0.048776
 -0.163871 -0.127660   -0.194878  0.118790   -0.206460  0.007978
 -0.250722 -0.048776   -0.206460  0.007978   -0.187175  0.257845
           1
  0.155863 -0.287662    0.270219 -0.019605    0.205356  0.068863
  0.270219 -0.019605    0.161678 -0.296015    0.267868  0.146663
  0.205356  0.068863    0.267868  0.146663    0.194668 -0.080577
           2
  0.155863  0.287662    0.270219  0.019605    0.205356 -0.068863
  0.270219  0.019605    0.161678  0.296015    0.267868 -0.146663
  0.205356 -0.068863    0.267868 -0.146663    0.194668  0.080577
           1
 -0.340145 -0.428779   -0.204407 -0.154737   -0.541750  0.028612
 -0.204407 -0.154737   -0.401382 -0.103719   -0.429870  0.122012
 -0.541750  0.028612   -0.429870  0.122012   -0.277579 -0.074145
           2
  0.340145 -0.428779    0.204407 -0.154737    0.541750  0.028612
  0.204407 -0.154737    0.401382 -0.103719    0.429870  0.122012
  0.541750  0.028612    0.429870  0.122012    0.277579 -0.074145
           1
 -0.022897 -0.051665   -0.697654  0.002873    0.147304 -0.082853
 -0.697654  0.002873    0.052313  0.131865   -0.510672 -0.042549
  0.147304 -0.082853   -0.510672 -0.042549   -0.094600  0.269156
           2
  0.022897 -0.051665    0.697654  0.002873   -0.147304 -0.082853
  0.697654  0.002873   -0.052313  0.131865    0.510672 -0.042549
 -0.147304 -0.082853    0.510672 -0.042549    0.094600  0.269156
           1
  0.182236 -0.487083   -0.148695  0.084868    0.322246  0.086989
 -0.148695  0.084868    0.365755 -0.175422   -0.363547 -0.113514
  0.322246  0.086989   -0.363547 -0.113514    0.337995 -0.140194
           2
 -0.182236 -0.487083    0.148695  0.084868   -0.322246  0.086989
  0.148695  0.084868   -0.365755 -0.175422    0.363547 -0.113514
 -0.322246  0.086989    0.363547 -0.113514   -0.337995 -0.140194
     drhod2v       cpu time:     0.14 sec    Total time:        1.68 sec

     Calculating the matrix elements <psi |d^3v |psi>

     calling d3vrho
     d3vrho        cpu time:     0.06 sec    Total time:        1.75 sec

     Calculating the Ewald contribution

     calling d3ionq

     Alpha used in Ewald sum =   1.00
     d3ionq        cpu time:     0.05 sec    Total time:        1.80 sec

     Calculating the valence contribution

     calling d3_valence
     d3_valence    cpu time:     0.00 sec    Total time:        1.80 sec

     calling drho_cc(+1)
     drho_cc(+1)   cpu time:     0.00 sec    Total time:        1.80 sec

     Calculating the exchange-correlation contribution

     calling d3_exc
     d3_exc        cpu time:     0.03 sec    Total time:        1.83 sec

     Calculating the core-correction contribution

     calling d3dyn_cc
     d3dyn_cc      cpu time:     0.00 sec    Total time:        1.83 sec

     Symmetrizing and writing the tensor to disc

     calling d3matrix
 
     Number of q in the star =    1
     List of q in the star:
          1   0.000000000   0.000000000   0.000000000
     d3matrix      cpu time:     0.00 sec    Total time:        1.83 sec
 
     D3TOTEN      :     1.80s CPU         1.83s WALL

     d3_setup     :      0.00s CPU      0.00s WALL (       1 calls)
     phq_init     :      0.01s CPU      0.01s WALL (       1 calls)
 
     solve_linter :      0.65s CPU      0.67s WALL (       2 calls)
     ortho        :      0.00s CPU      0.00s WALL (      60 calls)
     cgsolve      :      0.58s CPU      0.59s WALL (      60 calls)
     psymd0rho    :      0.09s CPU      0.09s WALL (       2 calls)
 
     cgsolve      :      0.58s CPU      0.59s WALL (      60 calls)
     ch_psi       :      0.57s CPU      0.57s WALL (     798 calls)
 
     ch_psi       :      0.57s CPU      0.57s WALL (     798 calls)
     h_psiq       :      0.52s CPU      0.53s WALL (     798 calls)
     last         :      0.04s CPU      0.04s WALL (     798 calls)
 
     h_psiq       :      0.52s CPU      0.53s WALL (     798 calls)
     firstfft     :      0.27s CPU      0.24s WALL (    2990 calls)
     secondfft    :      0.19s CPU      0.21s WALL (    2990 calls)
 
      General routines
     calbec       :      0.04s CPU      0.03s WALL (    1636 calls)
     fft          :      0.01s CPU      0.01s WALL (      34 calls)
     fftw         :      0.68s CPU      0.67s WALL (    9340 calls)
     davcio       :      0.02s CPU      0.03s WALL (    5568 calls)
 
      Parallel routines
