
     Program D3TOTEN v.5.4.0 (svn rev. 12590M) starts on 21Jul2016 at 16: 7:31 

     This program is part of the open-source Quantum ESPRESSO suite
     for quantum simulation of materials; please cite
         "P. Giannozzi et al., J. Phys.:Condens. Matter 21 395502 (2009);
          URL http://www.quantum-espresso.org", 
     in publications or presentations arising from this work. More details at
     http://www.quantum-espresso.org/quote
 
           HOST :    x86_64-pc-linux-gnu
           ARCH :    x86_64
             CC :    icc
            CPP :    cpp
            F90 :    gfortran
            F77 :    gfortran
         DFLAGS :    -D__GFORTRAN -D__STD_F95 -D__DFTI -D__MPI -D__PARA -D__HDF5
      BLAS LIBS :    -lmkl_gf_lp64  -lmkl_sequential -lmkl_core
    LAPACK LIBS :    
       FFT LIBS :    
      MASS LIBS :    

     Parallel version (MPI), running on     2 processors
     R & G space division:  proc/nbgrp/npool/nimage =       2

     Reading data from directory:
     /home/nvarini/espresso_hdf5/espresso/tempdir/_ph0/silicon.save

   Info: using nr1, nr2, nr3 values from input

   Info: using nr1, nr2, nr3 values from input

     IMPORTANT: XC functional enforced from input :
     Exchange-correlation      =  SLA  PZ   NOGX NOGC ( 1  1  0  0 0 0)
     Any further DFT definition will be discarded
     Please, verify this is what you really want

 
     Parallelization info
     --------------------
     sticks:   dense  smooth     PW     G-vecs:    dense   smooth      PW
     Min         174     174     69                 2139     2139     533
     Max         175     175     70                 2140     2140     534
     Sum         349     349    139                 4279     4279    1067
 

                                                                                

bravais-lattice index     =            2
     lattice parameter (a_0)   =      10.2000  a.u.
     unit-cell volume          =     265.3020 (a.u.)^3
     number of atoms/cell      =            2
     number of atomic types    =            1
     kinetic-energy cut-off    =      24.0000  Ry
     charge density cut-off    =      96.0000  Ry


     celldm(1)=   10.20000  celldm(2)=    0.00000  celldm(3)=    0.00000
     celldm(4)=    0.00000  celldm(5)=    0.00000  celldm(6)=    0.00000

     crystal axes: (cart. coord. in units of a_0)
               a(1) = ( -0.5000  0.0000  0.5000 )  
               a(2) = (  0.0000  0.5000  0.5000 )  
               a(3) = ( -0.5000  0.5000  0.0000 )  

     reciprocal axes: (cart. coord. in units 2 pi/a_0)
               b(1) = ( -1.0000 -1.0000  1.0000 )  
               b(2) = (  1.0000  1.0000  1.0000 )  
               b(3) = ( -1.0000  1.0000 -1.0000 )  


     Atoms inside the unit cell: 

   Cartesian axes

     site n.  atom      mass           positions (a_0 units)
        1        Si   0.0308   tau( 1) = (    0.00000    0.00000    0.00000  )
        2        Si   0.0308   tau( 2) = (    0.25000    0.25000    0.25000  )

     Computing dynamical matrix for 
                    q = (    0.00000    0.00000    1.00000 )

     Computing all the modes 
 
     48 + 1 = 49 q=0 Sym.Ops. 

 
     17 Sym.Ops. (with q -> -q+G )


     G cutoff =  252.9949  (   2139 G-vectors)     FFT grid: ( 24, 24, 24)
     number of k points=   40
                       cart. coord. in units 2pi/a_0
        k(    1) = (  -0.1250000   0.1250000   0.1250000), wk =   0.0625000
        k(    2) = (  -0.1250000   0.1250000   1.1250000), wk =   0.0000000
        k(    3) = (  -0.3750000   0.3750000  -0.1250000), wk =   0.0625000
        k(    4) = (  -0.3750000   0.3750000   0.8750000), wk =   0.0000000
        k(    5) = (   0.3750000  -0.3750000   0.6250000), wk =   0.0625000
        k(    6) = (   0.3750000  -0.3750000   1.6250000), wk =   0.0000000
        k(    7) = (   0.1250000  -0.1250000   0.3750000), wk =   0.0625000
        k(    8) = (   0.1250000  -0.1250000   1.3750000), wk =   0.0000000
        k(    9) = (  -0.1250000   0.6250000   0.1250000), wk =   0.1250000
        k(   10) = (  -0.1250000   0.6250000   1.1250000), wk =   0.0000000
        k(   11) = (   0.6250000  -0.1250000   0.8750000), wk =   0.1250000
        k(   12) = (   0.6250000  -0.1250000   1.8750000), wk =   0.0000000
        k(   13) = (   0.3750000   0.1250000   0.6250000), wk =   0.1250000
        k(   14) = (   0.3750000   0.1250000   1.6250000), wk =   0.0000000
        k(   15) = (  -0.1250000  -0.8750000   0.1250000), wk =   0.1250000
        k(   16) = (  -0.1250000  -0.8750000   1.1250000), wk =   0.0000000
        k(   17) = (  -0.3750000   0.3750000   0.3750000), wk =   0.0625000
        k(   18) = (  -0.3750000   0.3750000   1.3750000), wk =   0.0000000
        k(   19) = (   0.3750000  -0.3750000   1.1250000), wk =   0.0625000
        k(   20) = (   0.3750000  -0.3750000   2.1250000), wk =   0.0000000
        k(   21) = (   0.3750000  -0.1250000  -0.3750000), wk =   0.1250000
        k(   22) = (   0.3750000  -0.1250000   0.6250000), wk =   0.0000000
        k(   23) = (  -0.3750000   0.6250000   0.3750000), wk =   0.1250000
        k(   24) = (  -0.3750000   0.6250000   1.3750000), wk =   0.0000000
        k(   25) = (  -0.1250000   0.3750000   0.1250000), wk =   0.1250000
        k(   26) = (  -0.1250000   0.3750000   1.1250000), wk =   0.0000000
        k(   27) = (   0.1250000  -0.1250000   0.6250000), wk =   0.0625000
        k(   28) = (   0.1250000  -0.1250000   1.6250000), wk =   0.0000000
        k(   29) = (  -0.1250000   0.8750000   0.6250000), wk =   0.1250000
        k(   30) = (  -0.1250000   0.8750000   1.6250000), wk =   0.0000000
        k(   31) = (   0.8750000   0.6250000  -0.1250000), wk =   0.1250000
        k(   32) = (   0.8750000   0.6250000   0.8750000), wk =   0.0000000
        k(   33) = (   0.1250000   0.6250000   0.3750000), wk =   0.1250000
        k(   34) = (   0.1250000   0.6250000   1.3750000), wk =   0.0000000
        k(   35) = (   0.6250000   0.3750000   0.1250000), wk =   0.1250000
        k(   36) = (   0.6250000   0.3750000   1.1250000), wk =   0.0000000
        k(   37) = (   0.1250000  -0.1250000  -0.8750000), wk =   0.0625000
        k(   38) = (   0.1250000  -0.1250000   0.1250000), wk =   0.0000000
        k(   39) = (  -0.3750000   1.1250000   0.3750000), wk =   0.1250000
        k(   40) = (  -0.3750000   1.1250000   1.3750000), wk =   0.0000000

     PseudoPot. # 1 for Si read from file:
     /home/nvarini/espresso_hdf5/espresso/pseudo/Si.pz-vbc.UPF
     MD5 check sum: 6dfa03ddd5817404712e03e4d12deb78
     Pseudo is Norm-conserving, Zval =  4.0
     Generated by new atomic code, or converted to UPF format
     Using radial grid of  431 points,  2 beta functions with: 
                l(1) =   0
                l(2) =   1


     Atomic displacements (q=0 Repr):
     There are     2 irreducible representations

     Representation     1      3 modes - To be done

     Representation     2      3 modes - To be done


     Atomic displacements:
     There are     3 irreducible representations

     Representation     1      2 modes - To be done

     Representation     2      2 modes - To be done

     Representation     3      2 modes - To be done

                    **   Complex  Version    **
     D3TOTEN      :     0.75s CPU         0.77s WALL


     Nscf calculating of the perturbed wavefunctions

     Calculating for the wavevector q


     Representation #  1 modes #   1  2


      thresh= 0.100E-04 total cpu time :      1.2 s   av.# it.:  11.9


     Representation #  2 modes #   3  4


      thresh= 0.100E-04 total cpu time :      1.7 s   av.# it.:  11.9


     Representation #  3 modes #   5  6


      thresh= 0.100E-04 total cpu time :      2.2 s   av.# it.:  12.2
     gen_dwfc(1)   cpu time:     1.40 sec    Total time:        2.17 sec

     Calculating for the wavevector q=0 at the original k-points


     Representation #  1 modes #   1  2  3


      thresh= 0.100E-04 total cpu time :      2.9 s   av.# it.:  12.1


     Representation #  2 modes #   4  5  6


      thresh= 0.100E-04 total cpu time :      3.7 s   av.# it.:  12.1
     gen_dwfc(3)   cpu time:     1.48 sec    Total time:        3.65 sec

     Calculating for the wavevector q=0 at the (k+q)-points

     calling gen_dwfc(2)


     Representation #  1 modes #   1  2  3


      thresh= 0.100E-04 total cpu time :      4.3 s   av.# it.:  12.1


     Representation #  2 modes #   4  5  6


      thresh= 0.100E-04 total cpu time :      5.0 s   av.# it.:  12.1
     gen_dwfc(2)   cpu time:     1.38 sec    Total time:        5.04 sec

     Finished the ncf calculation of the perturbed wavefunctions

     calling gen_dpdvp
     gen_dpdvp     cpu time:     0.00 sec    Total time:        5.04 sec

     Calculating the matrix elements <dpsi |dH |dpsi>

     calling dpsidvdpsi:  1
     dpsidvdpsi  1 cpu time:     0.28 sec    Total time:        5.32 sec

     calling dpsidvdpsi:  2
     dpsidvdpsi  2 cpu time:     0.27 sec    Total time:        5.59 sec

     calling dpsidvdpsi:  3
     dpsidvdpsi  3 cpu time:     0.27 sec    Total time:        5.87 sec

     calling dpsidvdpsi:  4
     dpsidvdpsi  4 cpu time:     0.27 sec    Total time:        6.14 sec

     calling dpsidvdpsi:  5
     dpsidvdpsi  5 cpu time:     0.27 sec    Total time:        6.42 sec

     calling dpsidvdpsi:  6
     dpsidvdpsi  6 cpu time:     0.27 sec    Total time:        6.69 sec

     Calculating the matrix elements <dpsi|dpsi>< psi|dH|psi> 

     calling dpsidpsidv
     dpsidpsidv    cpu time:     0.10 sec    Total time:        6.79 sec

     Calculating the matrix elements <psi |d^2 v |dpsi>

     calling drhod2v
           1
 -0.082275 -0.232623    0.404582  0.179940   -0.321069 -0.096489
  0.404582  0.179940   -0.240349  0.101727    0.235743 -0.207959
 -0.321069 -0.096489    0.235743 -0.207959    0.047281  0.310307
           2
 -0.082275  0.232623    0.404582 -0.179940   -0.321069  0.096489
  0.404582 -0.179940   -0.240349 -0.101727    0.235743  0.207959
 -0.321069  0.096489    0.235743  0.207959    0.047281 -0.310307
           1
 -0.348011 -0.277253   -0.165889  0.033209   -0.251894 -0.002309
 -0.165889  0.033209   -0.267770 -0.216058   -0.072131  0.027160
 -0.251894 -0.002309   -0.072131  0.027160   -0.264839 -0.130350
           2
 -0.348011  0.277253   -0.165889 -0.033209   -0.251894  0.002309
 -0.165889 -0.033209   -0.267770  0.216058   -0.072131 -0.027160
 -0.251894  0.002309   -0.072131 -0.027160   -0.264839  0.130350
           1
  0.050761 -0.597698    0.129855  0.071463    0.334299  0.109879
  0.129855  0.071463   -0.057166 -0.141064    0.415980  0.229394
  0.334299  0.109879    0.415980  0.229394    0.088007 -0.053346
           2
  0.050761  0.597698    0.129855 -0.071463    0.334299 -0.109879
  0.129855 -0.071463   -0.057166  0.141064    0.415980 -0.229394
  0.334299 -0.109879    0.415980 -0.229394    0.088007  0.053346
           1
 -0.068314 -0.412036    0.048687 -0.226119   -0.529133  0.202962
  0.048687 -0.226119   -0.061188 -0.081199   -0.336261  0.181112
 -0.529133  0.202962   -0.336261  0.181112   -0.051025 -0.131126
           2
  0.068314 -0.412036   -0.048687 -0.226119    0.529133  0.202962
 -0.048687 -0.226119    0.061188 -0.081199    0.336261  0.181112
  0.529133  0.202962    0.336261  0.181112    0.051025 -0.131126
           1
  0.093082  0.164880   -0.757856  0.064141    0.163757 -0.082024
 -0.757856  0.064141    0.212174  0.134581   -0.257511 -0.083162
  0.163757 -0.082024   -0.257511 -0.083162    0.004878  0.279849
           2
 -0.093082  0.164880    0.757856  0.064141   -0.163757 -0.082024
  0.757856  0.064141   -0.212174  0.134581    0.257511 -0.083162
 -0.163757 -0.082024    0.257511 -0.083162   -0.004878  0.279849
           1
  0.167955 -0.298414   -0.074052 -0.048607    0.460792  0.159904
 -0.074052 -0.048607    0.258406 -0.173732   -0.605107 -0.030881
  0.460792  0.159904   -0.605107 -0.030881    0.103029 -0.118177
           2
 -0.167955 -0.298414    0.074052 -0.048607   -0.460792  0.159904
  0.074052 -0.048607   -0.258406 -0.173732    0.605107 -0.030881
 -0.460792  0.159904    0.605107 -0.030881   -0.103029 -0.118177
     drhod2v       cpu time:     0.53 sec    Total time:        7.32 sec

     Calculating the matrix elements <psi |d^3v |psi>

     calling d3vrho
     d3vrho        cpu time:     0.12 sec    Total time:        7.44 sec

     Calculating the Ewald contribution

     calling d3ionq

     Alpha used in Ewald sum =   1.00
     d3ionq        cpu time:     0.05 sec    Total time:        7.49 sec

     Calculating the valence contribution

     calling d3_valence
     d3_valence    cpu time:     0.00 sec    Total time:        7.49 sec

     calling drho_cc(+1)
     drho_cc(+1)   cpu time:     0.00 sec    Total time:        7.49 sec

     Calculating the exchange-correlation contribution

     calling d3_exc
     d3_exc        cpu time:     0.03 sec    Total time:        7.52 sec

     Calculating the core-correction contribution

     calling d3dyn_cc
     d3dyn_cc      cpu time:     0.00 sec    Total time:        7.52 sec

     Symmetrizing and writing the tensor to disc

     calling d3matrix
 
     Number of q in the star =    3
     List of q in the star:
          1   0.000000000   0.000000000   1.000000000
          2   0.000000000   1.000000000   0.000000000
          3   1.000000000   0.000000000   0.000000000
     d3matrix      cpu time:     0.00 sec    Total time:        7.52 sec
 
     D3TOTEN      :     7.20s CPU         7.52s WALL

     d3_setup     :      0.00s CPU      0.00s WALL (       1 calls)
     phq_init     :      0.02s CPU      0.03s WALL (       1 calls)
 
     solve_linter :      4.05s CPU      4.27s WALL (       7 calls)
     ortho        :      0.00s CPU      0.01s WALL (     360 calls)
     cgsolve      :      3.57s CPU      3.68s WALL (     360 calls)
     psymdvscf    :      0.06s CPU      0.06s WALL (       3 calls)
     psymd0rho    :      0.09s CPU      0.09s WALL (       2 calls)
 
     cgsolve      :      3.57s CPU      3.68s WALL (     360 calls)
     ch_psi       :      3.44s CPU      3.56s WALL (    4749 calls)
 
     ch_psi       :      3.44s CPU      3.56s WALL (    4749 calls)
     h_psiq       :      3.16s CPU      3.27s WALL (    4749 calls)
     last         :      0.25s CPU      0.26s WALL (    4749 calls)
 
     h_psiq       :      3.16s CPU      3.27s WALL (    4749 calls)
     firstfft     :      1.57s CPU      1.51s WALL (   17859 calls)
     secondfft    :      1.22s CPU      1.31s WALL (   17859 calls)
 
      General routines
     calbec       :      0.19s CPU      0.20s WALL (    9578 calls)
     fft          :      0.14s CPU      0.16s WALL (    1504 calls)
     fftw         :      3.77s CPU      3.80s WALL (   50118 calls)
     davcio       :      0.09s CPU      0.22s WALL (   22278 calls)
 
      Parallel routines
