     diagonalizing the dynamical matrix ...

 q =       0.0000      0.0000      0.0000
 **************************************************************************
     freq (    1) =      -0.000000 [THz] =      -0.000010 [cm-1]
 (  0.021640   0.000000    -0.146287   0.000000    -0.092063   0.000000   )
 (  0.003435   0.000000     0.131149   0.000000     0.039816   0.000000   )
 (  0.021742   0.000000     0.745173   0.000000     0.387697   0.000000   )
 (  0.004011   0.000000    -0.422456   0.000000    -0.257508   0.000000   )
     freq (    2) =      -0.000000 [THz] =      -0.000005 [cm-1]
 (  0.292120   0.000000     0.194272   0.000000     0.118950   0.000000   )
 (  0.481891   0.000000    -0.318381   0.000000     0.117811   0.000000   )
 (  0.291932   0.000000     0.025837   0.000000     0.386107   0.000000   )
 (  0.481964   0.000000    -0.213971   0.000000    -0.047607   0.000000   )
     freq (    3) =      -0.000000 [THz] =      -0.000003 [cm-1]
 ( -0.289547   0.000000     0.661732   0.000000    -0.081332   0.000000   )
 ( -0.065583   0.000000    -0.065512   0.000000    -0.153231   0.000000   )
 ( -0.289773   0.000000     0.430677   0.000000     0.215352   0.000000   )
 ( -0.065518   0.000000     0.077704   0.000000    -0.336790   0.000000   )
     freq (    4) =      -0.000000 [THz] =      -0.000001 [cm-1]
 (  0.142861   0.000000     0.214418   0.000000     0.455852   0.000000   )
 ( -0.059313   0.000000     0.417763   0.000000     0.259162   0.000000   )
 (  0.143054   0.000000     0.318827   0.000000     0.127968   0.000000   )
 ( -0.059441   0.000000     0.352994   0.000000     0.462577   0.000000   )
     freq (    5) =       0.000000 [THz] =       0.000004 [cm-1]
 ( -0.184583   0.000000    -0.099689   0.000000     0.428801   0.000000   )
 ( -0.277612   0.000000    -0.419941   0.000000     0.099402   0.000000   )
 ( -0.184485   0.000000     0.043974   0.000000     0.333217   0.000000   )
 ( -0.277608   0.000000    -0.509308   0.000000     0.159245   0.000000   )
     freq (    6) =       0.000000 [THz] =       0.000008 [cm-1]
 ( -0.333660   0.000000    -0.043860   0.000000    -0.212212   0.000000   )
 (  0.119628   0.000000     0.036547   0.000000     0.538389   0.000000   )
 ( -0.334100   0.000000    -0.335646   0.000000     0.489513   0.000000   )
 (  0.119877   0.000000     0.217820   0.000000     0.102392   0.000000   )
     freq (    7) =       1.276556 [THz] =      42.581339 [cm-1]
 (  0.057594   0.000000     0.053715   0.000000     0.048162   0.000000   )
 ( -0.059225   0.000000    -0.028257   0.000000     0.275997   0.000000   )
 (  0.079901   0.000000     0.022496   0.000000    -0.614895   0.000000   )
 ( -0.073234   0.000000    -0.126576   0.000000    -0.710371   0.000000   )
     freq (    8) =       3.111988 [THz] =     103.804733 [cm-1]
 (  0.014391   0.000000    -0.106017   0.000000    -0.028050   0.000000   )
 ( -0.013421   0.000000    -0.221793   0.000000     0.043041   0.000000   )
 (  0.002686   0.000000     0.570184   0.000000    -0.121729   0.000000   )
 ( -0.006649   0.000000     0.770006   0.000000     0.060442   0.000000   )
     freq (    9) =       4.734019 [THz] =     157.909877 [cm-1]
 ( -0.271076   0.000000    -0.185811   0.000000     0.339970   0.000000   )
 (  0.274099   0.000000     0.130159   0.000000    -0.196840   0.000000   )
 ( -0.266791   0.000000    -0.073908   0.000000     0.055377   0.000000   )
 (  0.254432   0.000000     0.301432   0.000000    -0.640540   0.000000   )
     freq (   10) =       6.425618 [THz] =     214.335539 [cm-1]
 ( -0.193445   0.000000    -0.001406   0.000000     0.001170   0.000000   )
 ( -0.140045   0.000000    -0.000191   0.000000    -0.002024   0.000000   )
 (  0.762666   0.000000     0.009087   0.000000    -0.010591   0.000000   )
 (  0.600750   0.000000    -0.002559   0.000000     0.014081   0.000000   )
     freq (   11) =       8.273280 [THz] =     275.966929 [cm-1]
 ( -0.217250   0.000000     0.002651   0.000000     0.010221   0.000000   )
 (  0.237944   0.000000     0.002305   0.000000     0.020210   0.000000   )
 ( -0.014678   0.000000     0.329858   0.000000    -0.632919   0.000000   )
 ( -0.069925   0.000000    -0.350118   0.000000     0.508508   0.000000   )
     freq (   12) =      10.120311 [THz] =     337.577228 [cm-1]
 (  0.085254   0.000000     0.001250   0.000000     0.006903   0.000000   )
 ( -0.121833   0.000000     0.003429   0.000000     0.008439   0.000000   )
 ( -0.597212   0.000000     0.082523   0.000000    -0.180251   0.000000   )
 (  0.746759   0.000000    -0.101652   0.000000     0.117525   0.000000   )
 **************************************************************************
