This file contains any messages produced by compilers while
running configure, to aid debugging if configure makes a mistake.

It was created by ESPRESSO configure 5.4.0, which was
generated by GNU Autoconf 2.63.  Invocation command line was

  $ ./install/configure --enable-parallel --with-scalapack=intel

## --------- ##
## Platform. ##
## --------- ##

hostname = theospc12
uname -m = x86_64
uname -r = 3.13.0-86-generic
uname -s = Linux
uname -v = #131-Ubuntu SMP Thu May 12 23:33:13 UTC 2016

/usr/bin/uname -p = unknown
/bin/uname -X     = unknown

/bin/arch              = unknown
/usr/bin/arch -k       = unknown
/usr/convex/getsysinfo = unknown
/usr/bin/hostinfo      = unknown
/bin/machine           = unknown
/usr/bin/oslevel       = unknown
/bin/universe          = unknown

PATH: /home/nvarini/sofware/hdf5-1.8.16/bin
PATH: /home/nvarini/bin
PATH: /home/nvarini/profiling/bin
PATH: /opt/cube/bin
PATH: /home/nvarini/aiida_epfl/bin
PATH: /opt/intel/vtune_amplifier_xe_2015.2.0.393444/bin64
PATH: /opt/intel/impi/5.0.3.048/intel64/bin
PATH: /opt/intel/composer_xe_2015.2.164/bin/intel64
PATH: /opt/intel/composer_xe_2015.2.164/debugger/gdb/intel64_mic/bin
PATH: /opt/intel/composer_xe_2015.2.164/bin/intel64
PATH: /opt/intel/composer_xe_2015.2.164/debugger/gdb/intel64_mic/bin
PATH: /usr/local/sbin
PATH: /usr/local/bin
PATH: /usr/sbin
PATH: /usr/bin
PATH: /sbin
PATH: /bin
PATH: /usr/games
PATH: /usr/local/games


## ----------- ##
## Core tests. ##
## ----------- ##

configure:1975: checking build system type
configure:1993: result: x86_64-pc-linux-gnu
configure:2019: checking ARCH
configure:2064: result: x86_64
configure:2084: checking setting AR... 
configure:2090: result: ar
configure:2094: checking setting ARFLAGS... 
configure:2109: result: ruv
configure:2294: checking for ifort
configure:2310: found /opt/intel/composer_xe_2015.2.164/bin/intel64/ifort
configure:2321: result: ifort
configure:2337: WARNING: using cross tools not prefixed with host triplet
configure:2347: checking for Fortran compiler version
configure:2355: ifort --version >&5
ifort (IFORT) 15.0.2 20150121
Copyright (C) 1985-2015 Intel Corporation.  All rights reserved.

configure:2359: $? = 0
configure:2366: ifort -v >&5
ifort version 15.0.2
configure:2370: $? = 0
configure:2377: ifort -V >&5
Intel(R) Fortran Intel(R) 64 Compiler XE for applications running on Intel(R) 64, Version 15.0.2.164 Build 20150121
Copyright (C) 1985-2015 Intel Corporation.  All rights reserved.

configure:2381: $? = 0
configure:2395: checking for Fortran compiler default output file name
configure:2417: ifort    conftest.f  >&5
configure:2421: $? = 0
configure:2459: result: a.out
configure:2478: checking whether the Fortran compiler works
configure:2511: result: yes
configure:2518: checking whether we are cross compiling
configure:2520: result: yes
configure:2523: checking for suffix of executables
configure:2530: ifort -o conftest    conftest.f  >&5
configure:2534: $? = 0
configure:2560: result: 
configure:2566: checking for suffix of object files
configure:2582: ifort -c   conftest.f >&5
configure:2586: $? = 0
configure:2611: result: o
configure:2619: checking whether we are using the GNU Fortran compiler
configure:2638: ifort -c   conftest.F >&5
conftest.F(3): error #5082: Syntax error, found END-OF-STATEMENT when expecting one of: ( % [ : . = =>
       choke me
---------------^
conftest.F(3): error #6218: This statement is positioned incorrectly and/or has syntax errors.
       choke me
---------------^
compilation aborted for conftest.F (code 1)
configure:2645: $? = 1
configure: failed program was:
|       program main
| #ifndef __GNUC__
|        choke me
| #endif
| 
|       end
configure:2662: result: no
configure:2668: checking whether ifort accepts -g
configure:2685: ifort -c -g  conftest.f >&5
configure:2692: $? = 0
configure:2708: result: yes
configure:2737: checking for Fortran flag to compile .f90 files
configure:2759: ifort -c -g  conftest.f90 >&5
configure:2766: $? = 0
configure:2785: result: none
configure:2872: checking for mpif90
configure:2888: found /opt/intel/impi/5.0.3.048/intel64/bin/mpif90
configure:2899: result: mpif90
configure:2925: checking for Fortran compiler version
configure:2933: mpif90 --version >&5
GNU Fortran (Ubuntu 4.8.4-2ubuntu1~14.04.3) 4.8.4
Copyright (C) 2013 Free Software Foundation, Inc.

GNU Fortran comes with NO WARRANTY, to the extent permitted by law.
You may redistribute copies of GNU Fortran
under the terms of the GNU General Public License.
For more information about these matters, see the file named COPYING

configure:2937: $? = 0
configure:2944: mpif90 -v >&5
mpif90 for the Intel(R) MPI Library 5.0 Update 3 for Linux*
Copyright(C) 2003-2015, Intel Corporation.  All rights reserved.
Using built-in specs.
COLLECT_GCC=gfortran
COLLECT_LTO_WRAPPER=/usr/lib/gcc/x86_64-linux-gnu/4.8/lto-wrapper
Target: x86_64-linux-gnu
Configured with: ../src/configure -v --with-pkgversion='Ubuntu 4.8.4-2ubuntu1~14.04.3' --with-bugurl=file:///usr/share/doc/gcc-4.8/README.Bugs --enable-languages=c,c++,java,go,d,fortran,objc,obj-c++ --prefix=/usr --program-suffix=-4.8 --enable-shared --enable-linker-build-id --libexecdir=/usr/lib --without-included-gettext --enable-threads=posix --with-gxx-include-dir=/usr/include/c++/4.8 --libdir=/usr/lib --enable-nls --with-sysroot=/ --enable-clocale=gnu --enable-libstdcxx-debug --enable-libstdcxx-time=yes --enable-gnu-unique-object --disable-libmudflap --enable-plugin --with-system-zlib --disable-browser-plugin --enable-java-awt=gtk --enable-gtk-cairo --with-java-home=/usr/lib/jvm/java-1.5.0-gcj-4.8-amd64/jre --enable-java-home --with-jvm-root-dir=/usr/lib/jvm/java-1.5.0-gcj-4.8-amd64 --with-jvm-jar-dir=/usr/lib/jvm-exports/java-1.5.0-gcj-4.8-amd64 --with-arch-directory=amd64 --with-ecj-jar=/usr/share/java/eclipse-ecj.jar --enable-objc-gc --enable-multiarch --disable-werror --with-arch-32=i686 --with-abi=m64 --with-multilib-list=m32,m64,mx32 --with-tune=generic --enable-checking=release --build=x86_64-linux-gnu --host=x86_64-linux-gnu --target=x86_64-linux-gnu
Thread model: posix
gcc version 4.8.4 (Ubuntu 4.8.4-2ubuntu1~14.04.3) 
configure:2948: $? = 0
configure:2955: mpif90 -V >&5
gfortran: error: unrecognized command line option '-V'
configure:2959: $? = 1
configure:2967: checking whether we are using the GNU Fortran compiler
configure:2986: mpif90 -c -g  conftest.F >&5
configure:2993: $? = 0
configure:3010: result: yes
configure:3016: checking whether mpif90 accepts -g
configure:3033: mpif90 -c -g  conftest.f90 >&5
configure:3040: $? = 0
configure:3056: result: yes
configure:3433: WARNING: parallel compiler mpif90 uses gfortran, but serial compiler ifort was detected
configure:3435: WARNING: assuming F90=gfortran, discarding ifort
configure:3611: checking for cc
configure:3627: found /usr/bin/cc
configure:3638: result: cc
configure:3672: checking for C compiler version
configure:3680: cc --version >&5
cc (Ubuntu 4.8.4-2ubuntu1~14.04.3) 4.8.4
Copyright (C) 2013 Free Software Foundation, Inc.
This is free software; see the source for copying conditions.  There is NO
warranty; not even for MERCHANTABILITY or FITNESS FOR A PARTICULAR PURPOSE.

configure:3684: $? = 0
configure:3691: cc -v >&5
Using built-in specs.
COLLECT_GCC=cc
COLLECT_LTO_WRAPPER=/usr/lib/gcc/x86_64-linux-gnu/4.8/lto-wrapper
Target: x86_64-linux-gnu
Configured with: ../src/configure -v --with-pkgversion='Ubuntu 4.8.4-2ubuntu1~14.04.3' --with-bugurl=file:///usr/share/doc/gcc-4.8/README.Bugs --enable-languages=c,c++,java,go,d,fortran,objc,obj-c++ --prefix=/usr --program-suffix=-4.8 --enable-shared --enable-linker-build-id --libexecdir=/usr/lib --without-included-gettext --enable-threads=posix --with-gxx-include-dir=/usr/include/c++/4.8 --libdir=/usr/lib --enable-nls --with-sysroot=/ --enable-clocale=gnu --enable-libstdcxx-debug --enable-libstdcxx-time=yes --enable-gnu-unique-object --disable-libmudflap --enable-plugin --with-system-zlib --disable-browser-plugin --enable-java-awt=gtk --enable-gtk-cairo --with-java-home=/usr/lib/jvm/java-1.5.0-gcj-4.8-amd64/jre --enable-java-home --with-jvm-root-dir=/usr/lib/jvm/java-1.5.0-gcj-4.8-amd64 --with-jvm-jar-dir=/usr/lib/jvm-exports/java-1.5.0-gcj-4.8-amd64 --with-arch-directory=amd64 --with-ecj-jar=/usr/share/java/eclipse-ecj.jar --enable-objc-gc --enable-multiarch --disable-werror --with-arch-32=i686 --with-abi=m64 --with-multilib-list=m32,m64,mx32 --with-tune=generic --enable-checking=release --build=x86_64-linux-gnu --host=x86_64-linux-gnu --target=x86_64-linux-gnu
Thread model: posix
gcc version 4.8.4 (Ubuntu 4.8.4-2ubuntu1~14.04.3) 
configure:3695: $? = 0
configure:3702: cc -V >&5
cc: error: unrecognized command line option '-V'
cc: fatal error: no input files
compilation terminated.
configure:3706: $? = 4
configure:3709: checking whether we are using the GNU C compiler
configure:3738: cc -c   conftest.c >&5
configure:3745: $? = 0
configure:3762: result: yes
configure:3771: checking whether cc accepts -g
configure:3801: cc -c -g  conftest.c >&5
configure:3808: $? = 0
configure:3909: result: yes
configure:3926: checking for cc option to accept ISO C89
configure:4000: cc  -c -g -O2  conftest.c >&5
configure:4007: $? = 0
configure:4030: result: none needed
configure:4119: checking how to run the C preprocessor
configure:4159: cc -E  conftest.c
configure:4166: $? = 0
configure:4197: cc -E  conftest.c
conftest.c:8:28: fatal error: ac_nonexistent.h: No such file or directory
 #include <ac_nonexistent.h>
                            ^
compilation terminated.
configure:4204: $? = 1
configure: failed program was:
| /* confdefs.h.  */
| #define PACKAGE_NAME "ESPRESSO"
| #define PACKAGE_TARNAME "espresso"
| #define PACKAGE_VERSION "5.4.0"
| #define PACKAGE_STRING "ESPRESSO 5.4.0"
| #define PACKAGE_BUGREPORT ""
| /* end confdefs.h.  */
| #include <ac_nonexistent.h>
configure:4237: result: cc -E
configure:4266: cc -E  conftest.c
configure:4273: $? = 0
configure:4304: cc -E  conftest.c
conftest.c:8:28: fatal error: ac_nonexistent.h: No such file or directory
 #include <ac_nonexistent.h>
                            ^
compilation terminated.
configure:4311: $? = 1
configure: failed program was:
| /* confdefs.h.  */
| #define PACKAGE_NAME "ESPRESSO"
| #define PACKAGE_TARNAME "espresso"
| #define PACKAGE_VERSION "5.4.0"
| #define PACKAGE_STRING "ESPRESSO 5.4.0"
| #define PACKAGE_BUGREPORT ""
| /* end confdefs.h.  */
| #include <ac_nonexistent.h>
configure:4351: checking for grep that handles long lines and -e
configure:4411: result: /bin/grep
configure:4416: checking for egrep
configure:4480: result: /bin/grep -E
configure:4485: checking for ANSI C header files
configure:4515: cc -c -g -O2  conftest.c >&5
configure:4522: $? = 0
configure:4653: result: yes
configure:4677: checking for sys/types.h
configure:4698: cc -c -g -O2  conftest.c >&5
configure:4705: $? = 0
configure:4722: result: yes
configure:4677: checking for sys/stat.h
configure:4698: cc -c -g -O2  conftest.c >&5
configure:4705: $? = 0
configure:4722: result: yes
configure:4677: checking for stdlib.h
configure:4698: cc -c -g -O2  conftest.c >&5
configure:4705: $? = 0
configure:4722: result: yes
configure:4677: checking for string.h
configure:4698: cc -c -g -O2  conftest.c >&5
configure:4705: $? = 0
configure:4722: result: yes
configure:4677: checking for memory.h
configure:4698: cc -c -g -O2  conftest.c >&5
configure:4705: $? = 0
configure:4722: result: yes
configure:4677: checking for strings.h
configure:4698: cc -c -g -O2  conftest.c >&5
configure:4705: $? = 0
configure:4722: result: yes
configure:4677: checking for inttypes.h
configure:4698: cc -c -g -O2  conftest.c >&5
configure:4705: $? = 0
configure:4722: result: yes
configure:4677: checking for stdint.h
configure:4698: cc -c -g -O2  conftest.c >&5
configure:4705: $? = 0
configure:4722: result: yes
configure:4677: checking for unistd.h
configure:4698: cc -c -g -O2  conftest.c >&5
configure:4705: $? = 0
configure:4722: result: yes
configure:4745: checking size of int *
configure:4775: cc -c -g -O2  conftest.c >&5
configure:4782: $? = 0
configure:4812: cc -c -g -O2  conftest.c >&5
conftest.c: In function 'main':
conftest.c:54:12: error: size of array 'test_array' is negative
 static int test_array [1 - 2 * !(((long int) (sizeof (int *))) <= 0)];
            ^
configure:4819: $? = 1
configure: failed program was:
| /* confdefs.h.  */
| #define PACKAGE_NAME "ESPRESSO"
| #define PACKAGE_TARNAME "espresso"
| #define PACKAGE_VERSION "5.4.0"
| #define PACKAGE_STRING "ESPRESSO 5.4.0"
| #define PACKAGE_BUGREPORT ""
| #define STDC_HEADERS 1
| #define HAVE_SYS_TYPES_H 1
| #define HAVE_SYS_STAT_H 1
| #define HAVE_STDLIB_H 1
| #define HAVE_STRING_H 1
| #define HAVE_MEMORY_H 1
| #define HAVE_STRINGS_H 1
| #define HAVE_INTTYPES_H 1
| #define HAVE_STDINT_H 1
| #define HAVE_UNISTD_H 1
| /* end confdefs.h.  */
| #include <stdio.h>
| #ifdef HAVE_SYS_TYPES_H
| # include <sys/types.h>
| #endif
| #ifdef HAVE_SYS_STAT_H
| # include <sys/stat.h>
| #endif
| #ifdef STDC_HEADERS
| # include <stdlib.h>
| # include <stddef.h>
| #else
| # ifdef HAVE_STDLIB_H
| #  include <stdlib.h>
| # endif
| #endif
| #ifdef HAVE_STRING_H
| # if !defined STDC_HEADERS && defined HAVE_MEMORY_H
| #  include <memory.h>
| # endif
| # include <string.h>
| #endif
| #ifdef HAVE_STRINGS_H
| # include <strings.h>
| #endif
| #ifdef HAVE_INTTYPES_H
| # include <inttypes.h>
| #endif
| #ifdef HAVE_STDINT_H
| # include <stdint.h>
| #endif
| #ifdef HAVE_UNISTD_H
| # include <unistd.h>
| #endif
| int
| main ()
| {
| static int test_array [1 - 2 * !(((long int) (sizeof (int *))) <= 0)];
| test_array [0] = 0
| 
|   ;
|   return 0;
| }
configure:4812: cc -c -g -O2  conftest.c >&5
conftest.c: In function 'main':
conftest.c:54:12: error: size of array 'test_array' is negative
 static int test_array [1 - 2 * !(((long int) (sizeof (int *))) <= 1)];
            ^
configure:4819: $? = 1
configure: failed program was:
| /* confdefs.h.  */
| #define PACKAGE_NAME "ESPRESSO"
| #define PACKAGE_TARNAME "espresso"
| #define PACKAGE_VERSION "5.4.0"
| #define PACKAGE_STRING "ESPRESSO 5.4.0"
| #define PACKAGE_BUGREPORT ""
| #define STDC_HEADERS 1
| #define HAVE_SYS_TYPES_H 1
| #define HAVE_SYS_STAT_H 1
| #define HAVE_STDLIB_H 1
| #define HAVE_STRING_H 1
| #define HAVE_MEMORY_H 1
| #define HAVE_STRINGS_H 1
| #define HAVE_INTTYPES_H 1
| #define HAVE_STDINT_H 1
| #define HAVE_UNISTD_H 1
| /* end confdefs.h.  */
| #include <stdio.h>
| #ifdef HAVE_SYS_TYPES_H
| # include <sys/types.h>
| #endif
| #ifdef HAVE_SYS_STAT_H
| # include <sys/stat.h>
| #endif
| #ifdef STDC_HEADERS
| # include <stdlib.h>
| # include <stddef.h>
| #else
| # ifdef HAVE_STDLIB_H
| #  include <stdlib.h>
| # endif
| #endif
| #ifdef HAVE_STRING_H
| # if !defined STDC_HEADERS && defined HAVE_MEMORY_H
| #  include <memory.h>
| # endif
| # include <string.h>
| #endif
| #ifdef HAVE_STRINGS_H
| # include <strings.h>
| #endif
| #ifdef HAVE_INTTYPES_H
| # include <inttypes.h>
| #endif
| #ifdef HAVE_STDINT_H
| # include <stdint.h>
| #endif
| #ifdef HAVE_UNISTD_H
| # include <unistd.h>
| #endif
| int
| main ()
| {
| static int test_array [1 - 2 * !(((long int) (sizeof (int *))) <= 1)];
| test_array [0] = 0
| 
|   ;
|   return 0;
| }
configure:4812: cc -c -g -O2  conftest.c >&5
conftest.c: In function 'main':
conftest.c:54:12: error: size of array 'test_array' is negative
 static int test_array [1 - 2 * !(((long int) (sizeof (int *))) <= 3)];
            ^
configure:4819: $? = 1
configure: failed program was:
| /* confdefs.h.  */
| #define PACKAGE_NAME "ESPRESSO"
| #define PACKAGE_TARNAME "espresso"
| #define PACKAGE_VERSION "5.4.0"
| #define PACKAGE_STRING "ESPRESSO 5.4.0"
| #define PACKAGE_BUGREPORT ""
| #define STDC_HEADERS 1
| #define HAVE_SYS_TYPES_H 1
| #define HAVE_SYS_STAT_H 1
| #define HAVE_STDLIB_H 1
| #define HAVE_STRING_H 1
| #define HAVE_MEMORY_H 1
| #define HAVE_STRINGS_H 1
| #define HAVE_INTTYPES_H 1
| #define HAVE_STDINT_H 1
| #define HAVE_UNISTD_H 1
| /* end confdefs.h.  */
| #include <stdio.h>
| #ifdef HAVE_SYS_TYPES_H
| # include <sys/types.h>
| #endif
| #ifdef HAVE_SYS_STAT_H
| # include <sys/stat.h>
| #endif
| #ifdef STDC_HEADERS
| # include <stdlib.h>
| # include <stddef.h>
| #else
| # ifdef HAVE_STDLIB_H
| #  include <stdlib.h>
| # endif
| #endif
| #ifdef HAVE_STRING_H
| # if !defined STDC_HEADERS && defined HAVE_MEMORY_H
| #  include <memory.h>
| # endif
| # include <string.h>
| #endif
| #ifdef HAVE_STRINGS_H
| # include <strings.h>
| #endif
| #ifdef HAVE_INTTYPES_H
| # include <inttypes.h>
| #endif
| #ifdef HAVE_STDINT_H
| # include <stdint.h>
| #endif
| #ifdef HAVE_UNISTD_H
| # include <unistd.h>
| #endif
| int
| main ()
| {
| static int test_array [1 - 2 * !(((long int) (sizeof (int *))) <= 3)];
| test_array [0] = 0
| 
|   ;
|   return 0;
| }
configure:4812: cc -c -g -O2  conftest.c >&5
conftest.c: In function 'main':
conftest.c:54:12: error: size of array 'test_array' is negative
 static int test_array [1 - 2 * !(((long int) (sizeof (int *))) <= 7)];
            ^
configure:4819: $? = 1
configure: failed program was:
| /* confdefs.h.  */
| #define PACKAGE_NAME "ESPRESSO"
| #define PACKAGE_TARNAME "espresso"
| #define PACKAGE_VERSION "5.4.0"
| #define PACKAGE_STRING "ESPRESSO 5.4.0"
| #define PACKAGE_BUGREPORT ""
| #define STDC_HEADERS 1
| #define HAVE_SYS_TYPES_H 1
| #define HAVE_SYS_STAT_H 1
| #define HAVE_STDLIB_H 1
| #define HAVE_STRING_H 1
| #define HAVE_MEMORY_H 1
| #define HAVE_STRINGS_H 1
| #define HAVE_INTTYPES_H 1
| #define HAVE_STDINT_H 1
| #define HAVE_UNISTD_H 1
| /* end confdefs.h.  */
| #include <stdio.h>
| #ifdef HAVE_SYS_TYPES_H
| # include <sys/types.h>
| #endif
| #ifdef HAVE_SYS_STAT_H
| # include <sys/stat.h>
| #endif
| #ifdef STDC_HEADERS
| # include <stdlib.h>
| # include <stddef.h>
| #else
| # ifdef HAVE_STDLIB_H
| #  include <stdlib.h>
| # endif
| #endif
| #ifdef HAVE_STRING_H
| # if !defined STDC_HEADERS && defined HAVE_MEMORY_H
| #  include <memory.h>
| # endif
| # include <string.h>
| #endif
| #ifdef HAVE_STRINGS_H
| # include <strings.h>
| #endif
| #ifdef HAVE_INTTYPES_H
| # include <inttypes.h>
| #endif
| #ifdef HAVE_STDINT_H
| # include <stdint.h>
| #endif
| #ifdef HAVE_UNISTD_H
| # include <unistd.h>
| #endif
| int
| main ()
| {
| static int test_array [1 - 2 * !(((long int) (sizeof (int *))) <= 7)];
| test_array [0] = 0
| 
|   ;
|   return 0;
| }
configure:4812: cc -c -g -O2  conftest.c >&5
configure:4819: $? = 0
configure:4967: cc -c -g -O2  conftest.c >&5
configure:4974: $? = 0
configure:4967: cc -c -g -O2  conftest.c >&5
configure:4974: $? = 0
configure:4967: cc -c -g -O2  conftest.c >&5
configure:4974: $? = 0
configure:5090: result: 8
configure:5114: checking malloc.h usability
configure:5131: cc -c -g -O2  conftest.c >&5
configure:5138: $? = 0
configure:5152: result: yes
configure:5156: checking malloc.h presence
configure:5171: cc -E  conftest.c
configure:5178: $? = 0
configure:5192: result: yes
configure:5220: checking for malloc.h
configure:5227: result: yes
configure:5240: checking for struct mallinfo.arena
configure:5269: cc -c -g -O2  conftest.c >&5
configure:5276: $? = 0
configure:5335: result: yes
configure:5434: checking for gfortran
configure:5450: found /usr/bin/gfortran
configure:5461: result: gfortran
configure:5487: checking for Fortran 77 compiler version
configure:5495: gfortran --version >&5
GNU Fortran (Ubuntu 4.8.4-2ubuntu1~14.04.3) 4.8.4
Copyright (C) 2013 Free Software Foundation, Inc.

GNU Fortran comes with NO WARRANTY, to the extent permitted by law.
You may redistribute copies of GNU Fortran
under the terms of the GNU General Public License.
For more information about these matters, see the file named COPYING

configure:5499: $? = 0
configure:5506: gfortran -v >&5
Using built-in specs.
COLLECT_GCC=gfortran
COLLECT_LTO_WRAPPER=/usr/lib/gcc/x86_64-linux-gnu/4.8/lto-wrapper
Target: x86_64-linux-gnu
Configured with: ../src/configure -v --with-pkgversion='Ubuntu 4.8.4-2ubuntu1~14.04.3' --with-bugurl=file:///usr/share/doc/gcc-4.8/README.Bugs --enable-languages=c,c++,java,go,d,fortran,objc,obj-c++ --prefix=/usr --program-suffix=-4.8 --enable-shared --enable-linker-build-id --libexecdir=/usr/lib --without-included-gettext --enable-threads=posix --with-gxx-include-dir=/usr/include/c++/4.8 --libdir=/usr/lib --enable-nls --with-sysroot=/ --enable-clocale=gnu --enable-libstdcxx-debug --enable-libstdcxx-time=yes --enable-gnu-unique-object --disable-libmudflap --enable-plugin --with-system-zlib --disable-browser-plugin --enable-java-awt=gtk --enable-gtk-cairo --with-java-home=/usr/lib/jvm/java-1.5.0-gcj-4.8-amd64/jre --enable-java-home --with-jvm-root-dir=/usr/lib/jvm/java-1.5.0-gcj-4.8-amd64 --with-jvm-jar-dir=/usr/lib/jvm-exports/java-1.5.0-gcj-4.8-amd64 --with-arch-directory=amd64 --with-ecj-jar=/usr/share/java/eclipse-ecj.jar --enable-objc-gc --enable-multiarch --disable-werror --with-arch-32=i686 --with-abi=m64 --with-multilib-list=m32,m64,mx32 --with-tune=generic --enable-checking=release --build=x86_64-linux-gnu --host=x86_64-linux-gnu --target=x86_64-linux-gnu
Thread model: posix
gcc version 4.8.4 (Ubuntu 4.8.4-2ubuntu1~14.04.3) 
configure:5510: $? = 0
configure:5517: gfortran -V >&5
gfortran: error: unrecognized command line option '-V'
gfortran: fatal error: no input files
compilation terminated.
configure:5521: $? = 4
configure:5529: checking whether we are using the GNU Fortran 77 compiler
configure:5548: gfortran -c  conftest.F >&5
configure:5555: $? = 0
configure:5572: result: yes
configure:5578: checking whether gfortran accepts -g
configure:5595: gfortran -c -g conftest.f >&5
configure:5602: $? = 0
configure:5618: result: yes
configure:6023: checking whether make sets $(MAKE)
configure:6045: result: yes
configure:6075: checking how to get verbose linking output from gfortran
configure:6091: gfortran -c -g -O2 conftest.f >&5
configure:6098: $? = 0
configure:6120: gfortran -o conftest -g -O2 -v conftest.f
Using built-in specs.
Target: x86_64-linux-gnu
Configured with: ../src/configure -v --with-pkgversion='Ubuntu 4.8.4-2ubuntu1~14.04.3' --with-bugurl=file:///usr/share/doc/gcc-4.8/README.Bugs --enable-languages=c,c++,java,go,d,fortran,objc,obj-c++ --prefix=/usr --program-suffix=-4.8 --enable-shared --enable-linker-build-id --libexecdir=/usr/lib --without-included-gettext --enable-threads=posix --with-gxx-include-dir=/usr/include/c++/4.8 --libdir=/usr/lib --enable-nls --with-sysroot=/ --enable-clocale=gnu --enable-libstdcxx-debug --enable-libstdcxx-time=yes --enable-gnu-unique-object --disable-libmudflap --enable-plugin --with-system-zlib --disable-browser-plugin --enable-java-awt=gtk --enable-gtk-cairo --with-java-home=/usr/lib/jvm/java-1.5.0-gcj-4.8-amd64/jre --enable-java-home --with-jvm-root-dir=/usr/lib/jvm/java-1.5.0-gcj-4.8-amd64 --with-jvm-jar-dir=/usr/lib/jvm-exports/java-1.5.0-gcj-4.8-amd64 --with-arch-directory=amd64 --with-ecj-jar=/usr/share/java/eclipse-ecj.jar --enable-objc-gc --enable-multiarch --disable-werror --with-arch-32=i686 --with-abi=m64 --with-multilib-list=m32,m64,mx32 --with-tune=generic --enable-checking=release --build=x86_64-linux-gnu --host=x86_64-linux-gnu --target=x86_64-linux-gnu
Thread model: posix
gcc version 4.8.4 (Ubuntu 4.8.4-2ubuntu1~14.04.3) 
 /usr/lib/gcc/x86_64-linux-gnu/4.8/f951 conftest.f -ffixed-form -quiet -dumpbase conftest.f -mtune=generic -march=x86-64 -auxbase conftest -g -O2 -version -fintrinsic-modules-path /usr/lib/gcc/x86_64-linux-gnu/4.8/finclude -o /tmp/ccRAuxYr.s
GNU Fortran (Ubuntu 4.8.4-2ubuntu1~14.04.3) version 4.8.4 (x86_64-linux-gnu)
	compiled by GNU C version 4.8.4, GMP version 5.1.3, MPFR version 3.1.2-p3, MPC version 1.0.1
GGC heuristics: --param ggc-min-expand=100 --param ggc-min-heapsize=131072
GNU Fortran (Ubuntu 4.8.4-2ubuntu1~14.04.3) version 4.8.4 (x86_64-linux-gnu)
	compiled by GNU C version 4.8.4, GMP version 5.1.3, MPFR version 3.1.2-p3, MPC version 1.0.1
GGC heuristics: --param ggc-min-expand=100 --param ggc-min-heapsize=131072
 as -v --64 -o /tmp/ccGm2FUM.o /tmp/ccRAuxYr.s
GNU assembler version 2.24 (x86_64-linux-gnu) using BFD version (GNU Binutils for Ubuntu) 2.24
Reading specs from /usr/lib/gcc/x86_64-linux-gnu/4.8/libgfortran.spec
rename spec lib to liborig
 /usr/lib/gcc/x86_64-linux-gnu/4.8/collect2 --sysroot=/ --build-id --eh-frame-hdr -m elf_x86_64 --hash-style=gnu --as-needed -dynamic-linker /lib64/ld-linux-x86-64.so.2 -z relro -o conftest /usr/lib/gcc/x86_64-linux-gnu/4.8/../../../x86_64-linux-gnu/crt1.o /usr/lib/gcc/x86_64-linux-gnu/4.8/../../../x86_64-linux-gnu/crti.o /usr/lib/gcc/x86_64-linux-gnu/4.8/crtbegin.o -L/usr/lib/gcc/x86_64-linux-gnu/4.8 -L/usr/lib/gcc/x86_64-linux-gnu/4.8/../../../x86_64-linux-gnu -L/usr/lib/gcc/x86_64-linux-gnu/4.8/../../../../lib -L/lib/x86_64-linux-gnu -L/lib/../lib -L/usr/lib/x86_64-linux-gnu -L/usr/lib/../lib -L/opt/intel/composer_xe_2015.2.164/compiler/lib/intel64 -L/opt/intel/composer_xe_2015.2.164/ipp/../compiler/lib/intel64 -L/opt/intel/composer_xe_2015.2.164/ipp/lib/intel64 -L/opt/intel/composer_xe_2015.2.164/compiler/lib/intel64 -L/opt/intel/composer_xe_2015.2.164/mkl/lib/intel64 -L/opt/intel/composer_xe_2015.2.164/tbb/lib/intel64/gcc4.4 -L/opt/intel/composer_xe_2015.2.164/compiler/lib/intel64 -L/opt/intel/composer_xe_2015.2.164/ipp/../compiler/lib/intel64 -L/opt/intel/composer_xe_2015.2.164/ipp/lib/intel64 -L/opt/intel/composer_xe_2015.2.164/compiler/lib/intel64 -L/opt/intel/composer_xe_2015.2.164/mkl/lib/intel64 -L/opt/intel/composer_xe_2015.2.164/tbb/lib/intel64/gcc4.4 -L/usr/lib/gcc/x86_64-linux-gnu/4.8/../../.. /tmp/ccGm2FUM.o -lgfortran -lm -lgcc_s -lgcc -lquadmath -lm -lgcc_s -lgcc -lc -lgcc_s -lgcc /usr/lib/gcc/x86_64-linux-gnu/4.8/crtend.o /usr/lib/gcc/x86_64-linux-gnu/4.8/../../../x86_64-linux-gnu/crtn.o
configure:6189: result: -v
configure:6191: checking for Fortran 77 libraries of gfortran
configure:6214: gfortran -o conftest -g -O2 -v conftest.f
Using built-in specs.
Target: x86_64-linux-gnu
Configured with: ../src/configure -v --with-pkgversion='Ubuntu 4.8.4-2ubuntu1~14.04.3' --with-bugurl=file:///usr/share/doc/gcc-4.8/README.Bugs --enable-languages=c,c++,java,go,d,fortran,objc,obj-c++ --prefix=/usr --program-suffix=-4.8 --enable-shared --enable-linker-build-id --libexecdir=/usr/lib --without-included-gettext --enable-threads=posix --with-gxx-include-dir=/usr/include/c++/4.8 --libdir=/usr/lib --enable-nls --with-sysroot=/ --enable-clocale=gnu --enable-libstdcxx-debug --enable-libstdcxx-time=yes --enable-gnu-unique-object --disable-libmudflap --enable-plugin --with-system-zlib --disable-browser-plugin --enable-java-awt=gtk --enable-gtk-cairo --with-java-home=/usr/lib/jvm/java-1.5.0-gcj-4.8-amd64/jre --enable-java-home --with-jvm-root-dir=/usr/lib/jvm/java-1.5.0-gcj-4.8-amd64 --with-jvm-jar-dir=/usr/lib/jvm-exports/java-1.5.0-gcj-4.8-amd64 --with-arch-directory=amd64 --with-ecj-jar=/usr/share/java/eclipse-ecj.jar --enable-objc-gc --enable-multiarch --disable-werror --with-arch-32=i686 --with-abi=m64 --with-multilib-list=m32,m64,mx32 --with-tune=generic --enable-checking=release --build=x86_64-linux-gnu --host=x86_64-linux-gnu --target=x86_64-linux-gnu
Thread model: posix
gcc version 4.8.4 (Ubuntu 4.8.4-2ubuntu1~14.04.3) 
 /usr/lib/gcc/x86_64-linux-gnu/4.8/f951 conftest.f -ffixed-form -quiet -dumpbase conftest.f -mtune=generic -march=x86-64 -auxbase conftest -g -O2 -version -fintrinsic-modules-path /usr/lib/gcc/x86_64-linux-gnu/4.8/finclude -o /tmp/ccPp56CA.s
GNU Fortran (Ubuntu 4.8.4-2ubuntu1~14.04.3) version 4.8.4 (x86_64-linux-gnu)
	compiled by GNU C version 4.8.4, GMP version 5.1.3, MPFR version 3.1.2-p3, MPC version 1.0.1
GGC heuristics: --param ggc-min-expand=100 --param ggc-min-heapsize=131072
GNU Fortran (Ubuntu 4.8.4-2ubuntu1~14.04.3) version 4.8.4 (x86_64-linux-gnu)
	compiled by GNU C version 4.8.4, GMP version 5.1.3, MPFR version 3.1.2-p3, MPC version 1.0.1
GGC heuristics: --param ggc-min-expand=100 --param ggc-min-heapsize=131072
 as -v --64 -o /tmp/ccokRgMV.o /tmp/ccPp56CA.s
GNU assembler version 2.24 (x86_64-linux-gnu) using BFD version (GNU Binutils for Ubuntu) 2.24
Reading specs from /usr/lib/gcc/x86_64-linux-gnu/4.8/libgfortran.spec
rename spec lib to liborig
 /usr/lib/gcc/x86_64-linux-gnu/4.8/collect2 --sysroot=/ --build-id --eh-frame-hdr -m elf_x86_64 --hash-style=gnu --as-needed -dynamic-linker /lib64/ld-linux-x86-64.so.2 -z relro -o conftest /usr/lib/gcc/x86_64-linux-gnu/4.8/../../../x86_64-linux-gnu/crt1.o /usr/lib/gcc/x86_64-linux-gnu/4.8/../../../x86_64-linux-gnu/crti.o /usr/lib/gcc/x86_64-linux-gnu/4.8/crtbegin.o -L/usr/lib/gcc/x86_64-linux-gnu/4.8 -L/usr/lib/gcc/x86_64-linux-gnu/4.8/../../../x86_64-linux-gnu -L/usr/lib/gcc/x86_64-linux-gnu/4.8/../../../../lib -L/lib/x86_64-linux-gnu -L/lib/../lib -L/usr/lib/x86_64-linux-gnu -L/usr/lib/../lib -L/opt/intel/composer_xe_2015.2.164/compiler/lib/intel64 -L/opt/intel/composer_xe_2015.2.164/ipp/../compiler/lib/intel64 -L/opt/intel/composer_xe_2015.2.164/ipp/lib/intel64 -L/opt/intel/composer_xe_2015.2.164/compiler/lib/intel64 -L/opt/intel/composer_xe_2015.2.164/mkl/lib/intel64 -L/opt/intel/composer_xe_2015.2.164/tbb/lib/intel64/gcc4.4 -L/opt/intel/composer_xe_2015.2.164/compiler/lib/intel64 -L/opt/intel/composer_xe_2015.2.164/ipp/../compiler/lib/intel64 -L/opt/intel/composer_xe_2015.2.164/ipp/lib/intel64 -L/opt/intel/composer_xe_2015.2.164/compiler/lib/intel64 -L/opt/intel/composer_xe_2015.2.164/mkl/lib/intel64 -L/opt/intel/composer_xe_2015.2.164/tbb/lib/intel64/gcc4.4 -L/usr/lib/gcc/x86_64-linux-gnu/4.8/../../.. /tmp/ccokRgMV.o -lgfortran -lm -lgcc_s -lgcc -lquadmath -lm -lgcc_s -lgcc -lc -lgcc_s -lgcc /usr/lib/gcc/x86_64-linux-gnu/4.8/crtend.o /usr/lib/gcc/x86_64-linux-gnu/4.8/../../../x86_64-linux-gnu/crtn.o
configure:6391: result:  -L/usr/lib/gcc/x86_64-linux-gnu/4.8 -L/usr/lib/gcc/x86_64-linux-gnu/4.8/../../../x86_64-linux-gnu -L/usr/lib/gcc/x86_64-linux-gnu/4.8/../../../../lib -L/lib/x86_64-linux-gnu -L/lib/../lib -L/usr/lib/x86_64-linux-gnu -L/usr/lib/../lib -L/opt/intel/composer_xe_2015.2.164/compiler/lib/intel64 -L/opt/intel/composer_xe_2015.2.164/ipp/../compiler/lib/intel64 -L/opt/intel/composer_xe_2015.2.164/ipp/lib/intel64 -L/opt/intel/composer_xe_2015.2.164/mkl/lib/intel64 -L/opt/intel/composer_xe_2015.2.164/tbb/lib/intel64/gcc4.4 -L/usr/lib/gcc/x86_64-linux-gnu/4.8/../../.. -lgfortran -lm -lquadmath
configure:6407: checking for dummy main to link with Fortran 77 libraries
configure:6451: cc -o conftest -g -O2   conftest.c   -L/usr/lib/gcc/x86_64-linux-gnu/4.8 -L/usr/lib/gcc/x86_64-linux-gnu/4.8/../../../x86_64-linux-gnu -L/usr/lib/gcc/x86_64-linux-gnu/4.8/../../../../lib -L/lib/x86_64-linux-gnu -L/lib/../lib -L/usr/lib/x86_64-linux-gnu -L/usr/lib/../lib -L/opt/intel/composer_xe_2015.2.164/compiler/lib/intel64 -L/opt/intel/composer_xe_2015.2.164/ipp/../compiler/lib/intel64 -L/opt/intel/composer_xe_2015.2.164/ipp/lib/intel64 -L/opt/intel/composer_xe_2015.2.164/mkl/lib/intel64 -L/opt/intel/composer_xe_2015.2.164/tbb/lib/intel64/gcc4.4 -L/usr/lib/gcc/x86_64-linux-gnu/4.8/../../.. -lgfortran -lm -lquadmath >&5
configure:6458: $? = 0
configure:6546: result: none
configure:6585: checking for Fortran 77 name-mangling scheme
configure:6604: gfortran -c -g -O2 conftest.f >&5
configure:6611: $? = 0
configure:6666: cc -o conftest -g -O2   conftest.c cfortran_test.o   -L/usr/lib/gcc/x86_64-linux-gnu/4.8 -L/usr/lib/gcc/x86_64-linux-gnu/4.8/../../../x86_64-linux-gnu -L/usr/lib/gcc/x86_64-linux-gnu/4.8/../../../../lib -L/lib/x86_64-linux-gnu -L/lib/../lib -L/usr/lib/x86_64-linux-gnu -L/usr/lib/../lib -L/opt/intel/composer_xe_2015.2.164/compiler/lib/intel64 -L/opt/intel/composer_xe_2015.2.164/ipp/../compiler/lib/intel64 -L/opt/intel/composer_xe_2015.2.164/ipp/lib/intel64 -L/opt/intel/composer_xe_2015.2.164/mkl/lib/intel64 -L/opt/intel/composer_xe_2015.2.164/tbb/lib/intel64/gcc4.4 -L/usr/lib/gcc/x86_64-linux-gnu/4.8/../../.. -lgfortran -lm -lquadmath >&5
/tmp/cc7Porn0.o: In function `main':
/home/nvarini/espresso_hdf5/espresso/conftest.c:39: undefined reference to `foobar'
collect2: error: ld returned 1 exit status
configure:6673: $? = 1
configure: failed program was:
| /* confdefs.h.  */
| #define PACKAGE_NAME "ESPRESSO"
| #define PACKAGE_TARNAME "espresso"
| #define PACKAGE_VERSION "5.4.0"
| #define PACKAGE_STRING "ESPRESSO 5.4.0"
| #define PACKAGE_BUGREPORT ""
| #define STDC_HEADERS 1
| #define HAVE_SYS_TYPES_H 1
| #define HAVE_SYS_STAT_H 1
| #define HAVE_STDLIB_H 1
| #define HAVE_STRING_H 1
| #define HAVE_MEMORY_H 1
| #define HAVE_STRINGS_H 1
| #define HAVE_INTTYPES_H 1
| #define HAVE_STDINT_H 1
| #define HAVE_UNISTD_H 1
| #define SIZEOF_INT_P 8
| #define HAVE_MALLINFO 1
| /* end confdefs.h.  */
| 
| /* Override any GCC internal prototype to avoid an error.
|    Use char because int might match the return type of a GCC
|    builtin and then its argument prototype would still apply.  */
| #ifdef __cplusplus
| extern "C"
| #endif
| char foobar ();
| #ifdef F77_DUMMY_MAIN
| 
| #  ifdef __cplusplus
|      extern "C"
| #  endif
|    int F77_DUMMY_MAIN() { return 1; }
| 
| #endif
| int
| main ()
| {
| return foobar ();
|   ;
|   return 0;
| }
configure:6666: cc -o conftest -g -O2   conftest.c cfortran_test.o   -L/usr/lib/gcc/x86_64-linux-gnu/4.8 -L/usr/lib/gcc/x86_64-linux-gnu/4.8/../../../x86_64-linux-gnu -L/usr/lib/gcc/x86_64-linux-gnu/4.8/../../../../lib -L/lib/x86_64-linux-gnu -L/lib/../lib -L/usr/lib/x86_64-linux-gnu -L/usr/lib/../lib -L/opt/intel/composer_xe_2015.2.164/compiler/lib/intel64 -L/opt/intel/composer_xe_2015.2.164/ipp/../compiler/lib/intel64 -L/opt/intel/composer_xe_2015.2.164/ipp/lib/intel64 -L/opt/intel/composer_xe_2015.2.164/mkl/lib/intel64 -L/opt/intel/composer_xe_2015.2.164/tbb/lib/intel64/gcc4.4 -L/usr/lib/gcc/x86_64-linux-gnu/4.8/../../.. -lgfortran -lm -lquadmath >&5
configure:6673: $? = 0
configure:6755: cc -o conftest -g -O2   conftest.c cfortran_test.o   -L/usr/lib/gcc/x86_64-linux-gnu/4.8 -L/usr/lib/gcc/x86_64-linux-gnu/4.8/../../../x86_64-linux-gnu -L/usr/lib/gcc/x86_64-linux-gnu/4.8/../../../../lib -L/lib/x86_64-linux-gnu -L/lib/../lib -L/usr/lib/x86_64-linux-gnu -L/usr/lib/../lib -L/opt/intel/composer_xe_2015.2.164/compiler/lib/intel64 -L/opt/intel/composer_xe_2015.2.164/ipp/../compiler/lib/intel64 -L/opt/intel/composer_xe_2015.2.164/ipp/lib/intel64 -L/opt/intel/composer_xe_2015.2.164/mkl/lib/intel64 -L/opt/intel/composer_xe_2015.2.164/tbb/lib/intel64/gcc4.4 -L/usr/lib/gcc/x86_64-linux-gnu/4.8/../../.. -lgfortran -lm -lquadmath >&5
configure:6762: $? = 0
configure:6825: result: lower case, underscore, no extra underscore
configure:7970: checking for library containing dgemm
configure:7994: gfortran -o conftest -O3 -g  -x f95-cpp-input  -g -pthread   conftest.f  >&5
/tmp/cc6qB5RD.o: In function `MAIN__':
/home/nvarini/espresso_hdf5/espresso/conftest.f:2: undefined reference to `dgemm_'
collect2: error: ld returned 1 exit status
configure:8001: $? = 1
configure: failed program was:
|       program main
|       call dgemm
|       end
configure:7994: gfortran -o conftest -O3 -g  -x f95-cpp-input  -g -pthread   conftest.f -lmkl_gf_lp64 -lmkl_sequential -lmkl_core  >&5
configure:8001: $? = 0
configure:8032: result: -lmkl_gf_lp64
configure:9543: checking for library containing dspev
configure:9567: gfortran -o conftest -O3 -g  -x f95-cpp-input  -g -pthread conftest.f    -lmkl_gf_lp64  -lmkl_sequential -lmkl_core >&5
configure:9574: $? = 0
configure:9605: result: none required
configure:10094: checking FFT
configure:10661: checking for DftiComputeForward in -lmkl_intel_lp64
configure:10704: cc -o conftest -O3 -O3  -g -pthread  conftest.c -lmkl_intel_lp64   -lmkl_gf_lp64  -lmkl_sequential -lmkl_core -lm  >&5
configure:10711: $? = 0
configure:10732: result: yes
configure:10763: checking /opt/intel/composer_xe_2015.2.164/mkl/include/mkl_dfti.f90 usability
configure:10780: cc -c -O3 -O3 conftest.c >&5
In file included from conftest.c:55:0:
/opt/intel/composer_xe_2015.2.164/mkl/include/mkl_dfti.f90:1:1: error: expected identifier or '(' before '!' token
 !*****************************************************************************
 ^
/opt/intel/composer_xe_2015.2.164/mkl/include/mkl_dfti.f90:11:28: warning: missing terminating ' character [enabled by default]
 ! in any way  without Intel's  prior  express written  permission. No  license
                            ^
/opt/intel/composer_xe_2015.2.164/mkl/include/mkl_dfti.f90:11:1: error: missing terminating ' character
 ! in any way  without Intel's  prior  express written  permission. No  license
 ^
/opt/intel/composer_xe_2015.2.164/mkl/include/mkl_dfti.f90:21:77: warning: missing terminating ' character [enabled by default]
 ! this  notice or  any other notice embedded  in Materials by Intel or Intel's
                                                                             ^
/opt/intel/composer_xe_2015.2.164/mkl/include/mkl_dfti.f90:21:1: error: missing terminating ' character
 ! this  notice or  any other notice embedded  in Materials by Intel or Intel's
 ^
/opt/intel/composer_xe_2015.2.164/mkl/include/mkl_dfti.f90:137:65: warning: missing terminating ' character [enabled by default]
   ! Limit the number of threads used by this descriptor [0 = don't care]
                                                                 ^
/opt/intel/composer_xe_2015.2.164/mkl/include/mkl_dfti.f90:137:3: error: missing terminating ' character
   ! Limit the number of threads used by this descriptor [0 = don't care]
   ^
/opt/intel/composer_xe_2015.2.164/mkl/include/mkl_dfti.f90:158:39: warning: character constant too long for its type [enabled by default]
   ! Recommended use: modify statement 'USE MKL_DFTI' in your program,
                                       ^
/opt/intel/composer_xe_2015.2.164/mkl/include/mkl_dfti.f90:162:16: warning: character constant too long for its type [enabled by default]
   ! where word 'FORGET' can be any name not used in the program.
                ^
configure:10787: $? = 1
configure: failed program was:
| /* confdefs.h.  */
| #define PACKAGE_NAME "ESPRESSO"
| #define PACKAGE_TARNAME "espresso"
| #define PACKAGE_VERSION "5.4.0"
| #define PACKAGE_STRING "ESPRESSO 5.4.0"
| #define PACKAGE_BUGREPORT ""
| #define STDC_HEADERS 1
| #define HAVE_SYS_TYPES_H 1
| #define HAVE_SYS_STAT_H 1
| #define HAVE_STDLIB_H 1
| #define HAVE_STRING_H 1
| #define HAVE_MEMORY_H 1
| #define HAVE_STRINGS_H 1
| #define HAVE_INTTYPES_H 1
| #define HAVE_STDINT_H 1
| #define HAVE_UNISTD_H 1
| #define SIZEOF_INT_P 8
| #define HAVE_MALLINFO 1
| #define F77_FUNC(name,NAME) name ## _
| #define F77_FUNC_(name,NAME) name ## _
| /* end confdefs.h.  */
| #include <stdio.h>
| #ifdef HAVE_SYS_TYPES_H
| # include <sys/types.h>
| #endif
| #ifdef HAVE_SYS_STAT_H
| # include <sys/stat.h>
| #endif
| #ifdef STDC_HEADERS
| # include <stdlib.h>
| # include <stddef.h>
| #else
| # ifdef HAVE_STDLIB_H
| #  include <stdlib.h>
| # endif
| #endif
| #ifdef HAVE_STRING_H
| # if !defined STDC_HEADERS && defined HAVE_MEMORY_H
| #  include <memory.h>
| # endif
| # include <string.h>
| #endif
| #ifdef HAVE_STRINGS_H
| # include <strings.h>
| #endif
| #ifdef HAVE_INTTYPES_H
| # include <inttypes.h>
| #endif
| #ifdef HAVE_STDINT_H
| # include <stdint.h>
| #endif
| #ifdef HAVE_UNISTD_H
| # include <unistd.h>
| #endif
| #include </opt/intel/composer_xe_2015.2.164/mkl/include/mkl_dfti.f90>
configure:10801: result: no
configure:10805: checking /opt/intel/composer_xe_2015.2.164/mkl/include/mkl_dfti.f90 presence
configure:10820: cc -E -O3 conftest.c
In file included from conftest.c:22:0:
/opt/intel/composer_xe_2015.2.164/mkl/include/mkl_dfti.f90:11:28: warning: missing terminating ' character [enabled by default]
 ! in any way  without Intel's  prior  express written  permission. No  license
                            ^
/opt/intel/composer_xe_2015.2.164/mkl/include/mkl_dfti.f90:21:77: warning: missing terminating ' character [enabled by default]
 ! this  notice or  any other notice embedded  in Materials by Intel or Intel's
                                                                             ^
/opt/intel/composer_xe_2015.2.164/mkl/include/mkl_dfti.f90:137:65: warning: missing terminating ' character [enabled by default]
   ! Limit the number of threads used by this descriptor [0 = don't care]
                                                                 ^
configure:10827: $? = 0
configure:10841: result: yes
configure:10854: WARNING: /opt/intel/composer_xe_2015.2.164/mkl/include/mkl_dfti.f90: present but cannot be compiled
configure:10856: WARNING: /opt/intel/composer_xe_2015.2.164/mkl/include/mkl_dfti.f90:     check for missing prerequisite headers?
configure:10858: WARNING: /opt/intel/composer_xe_2015.2.164/mkl/include/mkl_dfti.f90: see the Autoconf documentation
configure:10860: WARNING: /opt/intel/composer_xe_2015.2.164/mkl/include/mkl_dfti.f90:     section "Present But Cannot Be Compiled"
configure:10862: WARNING: /opt/intel/composer_xe_2015.2.164/mkl/include/mkl_dfti.f90: proceeding with the preprocessor's result
configure:10864: WARNING: /opt/intel/composer_xe_2015.2.164/mkl/include/mkl_dfti.f90: in the future, the compiler will take precedence
configure:10869: checking for /opt/intel/composer_xe_2015.2.164/mkl/include/mkl_dfti.f90
configure:10878: result: yes
configure:11139: result: 
configure:11167: checking MASS
configure:11485: result: 
configure:11515: checking for library containing mpi_init
configure:11539: mpif90 -o conftest -O3 -g  -x f95-cpp-input -g -pthread conftest.f  >&5
configure:11546: $? = 0
configure:11577: result: none required
configure:11651: checking for library containing pdgemr2d
configure:11675: mpif90 -o conftest -O3 -g  -x f95-cpp-input -g -pthread conftest.f  >&5
/tmp/ccRHSuFv.o: In function `MAIN__':
/home/nvarini/espresso_hdf5/espresso/conftest.f:2: undefined reference to `pdgemr2d_'
collect2: error: ld returned 1 exit status
configure:11682: $? = 1
configure: failed program was:
|       program main
|       call pdgemr2d
|       end
configure:11675: mpif90 -o conftest -O3 -g  -x f95-cpp-input -g -pthread conftest.f  >&5
/tmp/ccZMozVG.o: In function `MAIN__':
/home/nvarini/espresso_hdf5/espresso/conftest.f:2: undefined reference to `pdgemr2d_'
collect2: error: ld returned 1 exit status
configure:11682: $? = 1
configure: failed program was:
|       program main
|       call pdgemr2d
|       end
configure:11713: result: no
configure:11733: checking for library containing pdgemr2d
configure:11757: mpif90 -o conftest -O3 -g  -x f95-cpp-input -g -pthread conftest.f -lmkl_blacs_lp64    -lmkl_gf_lp64  -lmkl_sequential -lmkl_core >&5
/usr/bin/ld: cannot find -lmkl_blacs_lp64
collect2: error: ld returned 1 exit status
configure:11764: $? = 1
configure: failed program was:
|       program main
|       call pdgemr2d
|       end
configure:11757: mpif90 -o conftest -O3 -g  -x f95-cpp-input -g -pthread conftest.f -lmkl_scalapack_lp64  -lmkl_blacs_lp64    -lmkl_gf_lp64  -lmkl_sequential -lmkl_core >&5
/usr/bin/ld: cannot find -lmkl_scalapack_lp64
/usr/bin/ld: cannot find -lmkl_blacs_lp64
collect2: error: ld returned 1 exit status
configure:11764: $? = 1
configure: failed program was:
|       program main
|       call pdgemr2d
|       end
configure:11795: result: no
configure:11812: checking for library containing pdgemr2d
configure:11836: mpif90 -o conftest -O3 -g  -x f95-cpp-input -g -pthread conftest.f  -lsci >&5
/usr/bin/ld: cannot find -lsci
collect2: error: ld returned 1 exit status
configure:11843: $? = 1
configure: failed program was:
|       program main
|       call pdgemr2d
|       end
configure:11836: mpif90 -o conftest -O3 -g  -x f95-cpp-input -g -pthread conftest.f  -lsci >&5
/usr/bin/ld: cannot find -lsci
collect2: error: ld returned 1 exit status
configure:11843: $? = 1
configure: failed program was:
|       program main
|       call pdgemr2d
|       end
configure:11874: result: no
configure:11889: checking for library containing pdgemr2d
configure:11913: mpif90 -o conftest -O3 -g  -x f95-cpp-input  conftest.f  -lscalapack >&5
/usr/bin/ld: cannot find -lscalapack
collect2: error: ld returned 1 exit status
configure:11920: $? = 1
configure: failed program was:
|       program main
|       call pdgemr2d
|       end
configure:11913: mpif90 -o conftest -O3 -g  -x f95-cpp-input  conftest.f  -lscalapack >&5
/usr/bin/ld: cannot find -lscalapack
collect2: error: ld returned 1 exit status
configure:11920: $? = 1
configure: failed program was:
|       program main
|       call pdgemr2d
|       end
configure:11951: result: no
configure:11967: checking for library containing pdgemr2d
configure:11991: mpif90 -o conftest -O3 -g  -x f95-cpp-input  conftest.f  -lscalapack -lblacs -lblacsF77init -lblacs >&5
/usr/bin/ld: cannot find -lscalapack
/usr/bin/ld: cannot find -lblacs
/usr/bin/ld: cannot find -lblacsF77init
/usr/bin/ld: cannot find -lblacs
collect2: error: ld returned 1 exit status
configure:11998: $? = 1
configure: failed program was:
|       program main
|       call pdgemr2d
|       end
configure:11991: mpif90 -o conftest -O3 -g  -x f95-cpp-input  conftest.f  -lscalapack -lblacs -lblacsF77init -lblacs >&5
/usr/bin/ld: cannot find -lscalapack
/usr/bin/ld: cannot find -lblacs
/usr/bin/ld: cannot find -lblacsF77init
/usr/bin/ld: cannot find -lblacs
collect2: error: ld returned 1 exit status
configure:11998: $? = 1
configure: failed program was:
|       program main
|       call pdgemr2d
|       end
configure:12029: result: no
configure:12047: checking for library containing pdgemr2d
configure:12071: mpif90 -o conftest -O3 -g  -x f95-cpp-input  conftest.f  -L/bgsys/local/scalapack/lib -lscalapack -L/bgsys/local/blacs/lib -lblacs -lblacsF77init -lblacs >&5
/usr/bin/ld: cannot find -lscalapack
/usr/bin/ld: cannot find -lblacs
/usr/bin/ld: cannot find -lblacsF77init
/usr/bin/ld: cannot find -lblacs
collect2: error: ld returned 1 exit status
configure:12078: $? = 1
configure: failed program was:
|       program main
|       call pdgemr2d
|       end
configure:12071: mpif90 -o conftest -O3 -g  -x f95-cpp-input  conftest.f  -L/bgsys/local/scalapack/lib -lscalapack -L/bgsys/local/blacs/lib -lblacs -lblacsF77init -lblacs >&5
/usr/bin/ld: cannot find -lscalapack
/usr/bin/ld: cannot find -lblacs
/usr/bin/ld: cannot find -lblacsF77init
/usr/bin/ld: cannot find -lblacs
collect2: error: ld returned 1 exit status
configure:12078: $? = 1
configure: failed program was:
|       program main
|       call pdgemr2d
|       end
configure:12109: result: no
configure:12142: checking ELPA
configure:12185: result: 
configure:12224: checking for ranlib
configure:12240: found /usr/bin/ranlib
configure:12252: result: ranlib
configure:12278: checking for wget
configure:12294: found /usr/bin/wget
configure:12305: result: wget -O
configure:12507: creating ./config.status

## ---------------------- ##
## Running config.status. ##
## ---------------------- ##

This file was extended by ESPRESSO config.status 5.4.0, which was
generated by GNU Autoconf 2.63.  Invocation command line was

  CONFIG_FILES    = 
  CONFIG_HEADERS  = 
  CONFIG_LINKS    = 
  CONFIG_COMMANDS = 
  $ ./config.status 

on theospc12

config.status:796: creating install/make_blas.inc
config.status:796: creating install/make_lapack.inc
config.status:796: creating include/fft_defs.h
config.status:796: creating include/configure.h
config.status:796: creating make.sys
config.status:796: creating configure.msg
config.status:796: creating install/make_wannier90.sys
config.status:796: creating include/c_defs.h

## ---------------- ##
## Cache variables. ##
## ---------------- ##

ac_cv_build=x86_64-pc-linux-gnu
ac_cv_c_compiler_gnu=yes
ac_cv_env_CC_set=
ac_cv_env_CC_value=
ac_cv_env_CFLAGS_set=
ac_cv_env_CFLAGS_value=
ac_cv_env_CPPFLAGS_set=
ac_cv_env_CPPFLAGS_value=
ac_cv_env_CPP_set=
ac_cv_env_CPP_value=
ac_cv_env_EXTLIB_FLAGS_set=
ac_cv_env_EXTLIB_FLAGS_value=
ac_cv_env_F77_set=
ac_cv_env_F77_value=
ac_cv_env_FCFLAGS_set=
ac_cv_env_FCFLAGS_value=
ac_cv_env_FC_set=
ac_cv_env_FC_value=
ac_cv_env_FFLAGS_set=
ac_cv_env_FFLAGS_value=
ac_cv_env_LDFLAGS_set=
ac_cv_env_LDFLAGS_value=
ac_cv_env_LIBS_set=
ac_cv_env_LIBS_value=
ac_cv_env_build_alias_set=
ac_cv_env_build_alias_value=
ac_cv_env_host_alias_set=
ac_cv_env_host_alias_value=
ac_cv_env_target_alias_set=
ac_cv_env_target_alias_value=
ac_cv_f77_compiler_gnu=yes
ac_cv_f77_dummy_main=none
ac_cv_f77_libs=' -L/usr/lib/gcc/x86_64-linux-gnu/4.8 -L/usr/lib/gcc/x86_64-linux-gnu/4.8/../../../x86_64-linux-gnu -L/usr/lib/gcc/x86_64-linux-gnu/4.8/../../../../lib -L/lib/x86_64-linux-gnu -L/lib/../lib -L/usr/lib/x86_64-linux-gnu -L/usr/lib/../lib -L/opt/intel/composer_xe_2015.2.164/compiler/lib/intel64 -L/opt/intel/composer_xe_2015.2.164/ipp/../compiler/lib/intel64 -L/opt/intel/composer_xe_2015.2.164/ipp/lib/intel64 -L/opt/intel/composer_xe_2015.2.164/mkl/lib/intel64 -L/opt/intel/composer_xe_2015.2.164/tbb/lib/intel64/gcc4.4 -L/usr/lib/gcc/x86_64-linux-gnu/4.8/../../.. -lgfortran -lm -lquadmath'
ac_cv_f77_mangling='lower case, underscore, no extra underscore'
ac_cv_fc_compiler_gnu=yes
ac_cv_fc_srcext_f90=none
ac_cv_fortran_dummy_main=none
ac_cv_header__opt_intel_composer_xe_2015_2_164_mkl_include_mkl_dfti_f90=yes
ac_cv_header_inttypes_h=yes
ac_cv_header_malloc_h=yes
ac_cv_header_memory_h=yes
ac_cv_header_stdc=yes
ac_cv_header_stdint_h=yes
ac_cv_header_stdlib_h=yes
ac_cv_header_string_h=yes
ac_cv_header_strings_h=yes
ac_cv_header_sys_stat_h=yes
ac_cv_header_sys_types_h=yes
ac_cv_header_unistd_h=yes
ac_cv_lib_mkl_intel_lp64_DftiComputeForward=yes
ac_cv_member_struct_mallinfo_arena=yes
ac_cv_objext=o
ac_cv_path_EGREP='/bin/grep -E'
ac_cv_path_GREP=/bin/grep
ac_cv_prog_CPP='cc -E'
ac_cv_prog_ac_ct_CC=cc
ac_cv_prog_ac_ct_F77=gfortran
ac_cv_prog_ac_ct_FC=mpif90
ac_cv_prog_cc_c89=
ac_cv_prog_cc_g=yes
ac_cv_prog_f77_g=yes
ac_cv_prog_f77_v=-v
ac_cv_prog_fc_g=yes
ac_cv_prog_make_make_set=yes
ac_cv_prog_ranlib=ranlib
ac_cv_prog_wget='wget -O'
ac_cv_search_dgemm=-lmkl_gf_lp64
ac_cv_search_dspev='none required'
ac_cv_search_mpi_init='none required'
ac_cv_search_pdgemr2d=no
ac_cv_sizeof_int_p=8

## ----------------- ##
## Output variables. ##
## ----------------- ##

CC='cc'
CFLAGS='-O3'
CPP='cc -E'
CPPFLAGS='-O3'
Configured for compilation of parallel executables.'
DEFS='-DHAVE_CONFIG_H'
ECHO_C=''
ECHO_N='-n'
ECHO_T=''
EGREP='/bin/grep -E'
EXEEXT=''
EXTLIB_FLAGS=''
F77='mpif90'
FC='mpif90'
FCFLAGS='-g'
FCFLAGS_f90=''
FFLAGS='-O3 -g  -x f95-cpp-input'
FLIBS=' -L/usr/lib/gcc/x86_64-linux-gnu/4.8 -L/usr/lib/gcc/x86_64-linux-gnu/4.8/../../../x86_64-linux-gnu -L/usr/lib/gcc/x86_64-linux-gnu/4.8/../../../../lib -L/lib/x86_64-linux-gnu -L/lib/../lib -L/usr/lib/x86_64-linux-gnu -L/usr/lib/../lib -L/opt/intel/composer_xe_2015.2.164/compiler/lib/intel64 -L/opt/intel/composer_xe_2015.2.164/ipp/../compiler/lib/intel64 -L/opt/intel/composer_xe_2015.2.164/ipp/lib/intel64 -L/opt/intel/composer_xe_2015.2.164/mkl/lib/intel64 -L/opt/intel/composer_xe_2015.2.164/tbb/lib/intel64/gcc4.4 -L/usr/lib/gcc/x86_64-linux-gnu/4.8/../../.. -lgfortran -lm -lquadmath'
GREP='/bin/grep'
LDFLAGS=''
LIBOBJS=''
LIBS=' -L/bgsys/local/scalapack/lib -lscalapack -L/bgsys/local/blacs/lib -lblacs -lblacsF77init -lblacs'
LTLIBOBJS=''
OBJEXT='o'
PACKAGE_BUGREPORT=''
PACKAGE_NAME='ESPRESSO'
PACKAGE_STRING='ESPRESSO 5.4.0'
PACKAGE_TARNAME='espresso'
PACKAGE_VERSION='5.4.0'
PATH_SEPARATOR=':'
SET_MAKE=''
SHELL='/bin/bash'
SIZEOF_INT_P='8'
ac_ct_CC='cc'
ac_ct_F77='gfortran'
ac_ct_FC='mpif90'
ar='ar'
arch='x86_64'
arflags='ruv'
bindir='${exec_prefix}/bin'
blas_libs='  -lmkl_gf_lp64  -lmkl_sequential -lmkl_core'
blas_libs_switch='external'
blas_line='BLAS_LIBS=  -lmkl_gf_lp64  -lmkl_sequential -lmkl_core'
build='x86_64-pc-linux-gnu'
build_alias=''
build_cpu='x86_64'
build_os='linux-gnu'
build_vendor='pc'
cc='cc'
cflags='-O3'
cpp='cpp'
cppflags='-P -C -traditional'
datadir='${datarootdir}'
datarootdir='${prefix}/share'
dflags=' -D__GFORTRAN -D__STD_F95 -D__DFTI -D__MPI -D__PARA'
docdir='${datarootdir}/doc/${PACKAGE_TARNAME}'
dvidir='${docdir}'
elpa_libs_switch='disabled'
exec_prefix='${prefix}'
extlib_flags='-O2'
f77='gfortran'
f90='gfortran'
f90flags='$(FFLAGS) -x f95-cpp-input'
f90rule='$(MPIF90) $(F90FLAGS) -c $<'
fdflags='$(DFLAGS) $(MANUAL_DFLAGS)'
fflags='-O3 -g'
fflags_nomain=''
fflags_noopt='-O0 -g'
fft_libs=''
fft_line='FFT_LIBS='
host_alias=''
htmldir='${docdir}'
iflags='-I../include -I/opt/intel/composer_xe_2015.2.164/mkl/include'
imod='-I'
includedir='${prefix}/include'
infodir='${datarootdir}/info'
lapack_libs=''
lapack_libs_switch='external'
lapack_line='LAPACK_LIBS='
ld='mpif90'
ld_libs=''
ldflags=' -g -pthread'
libdir='${exec_prefix}/lib'
libexecdir='${exec_prefix}/libexec'
localedir='${datarootdir}/locale'
localstatedir='${prefix}/var'
mandir='${datarootdir}/man'
mass_libs=''
mass_line='@delete@'
mpi_libs=''
mpi_line='@delete@'
mpif90='mpif90'
oldincludedir='/usr/include'
parallel_report='Parallel environment detected successfully.\
pdfdir='${docdir}'
pre_fdflags=''
prefix='/usr/local'
program_transform_name='s,x,x,'
psdir='${docdir}'
ranlib='ranlib'
sbindir='${exec_prefix}/sbin'
scalapack_libs=''
scalapack_line='@delete@'
sharedstatedir='${prefix}/com'
sysconfdir='${prefix}/etc'
target_alias=''
topdir='/home/nvarini/espresso_hdf5/espresso'
wget='wget -O'

## ----------- ##
## confdefs.h. ##
## ----------- ##

#define PACKAGE_NAME "ESPRESSO"
#define PACKAGE_TARNAME "espresso"
#define PACKAGE_VERSION "5.4.0"
#define PACKAGE_STRING "ESPRESSO 5.4.0"
#define PACKAGE_BUGREPORT ""
#define STDC_HEADERS 1
#define HAVE_SYS_TYPES_H 1
#define HAVE_SYS_STAT_H 1
#define HAVE_STDLIB_H 1
#define HAVE_STRING_H 1
#define HAVE_MEMORY_H 1
#define HAVE_STRINGS_H 1
#define HAVE_INTTYPES_H 1
#define HAVE_STDINT_H 1
#define HAVE_UNISTD_H 1
#define SIZEOF_INT_P 8
#define HAVE_MALLINFO 1
#define F77_FUNC(name,NAME) name ## _
#define F77_FUNC_(name,NAME) name ## _
#define HAVE__OPT_INTEL_COMPOSER_XE_2015_2_164_MKL_INCLUDE_MKL_DFTI_F90 1

configure: exit 0
