     diagonalizing the dynamical matrix ...

 q =       0.0000      0.0000      0.0000
 **************************************************************************
     freq (    1) =      -0.000001 [THz] =      -0.000045 [cm-1]
 ( -0.002812   0.000000     0.002939   0.000000    -0.046918   0.000000   )
 (  0.196572   0.000000    -0.229773   0.000000    -0.013590   0.000000   )
 (  0.258633   0.000000    -0.291834   0.000000    -0.080246   0.000000   )
 ( -0.264257   0.000000     0.235651   0.000000     0.447239   0.000000   )
 ( -0.202196   0.000000     0.297712   0.000000    -0.541075   0.000000   )
     freq (    2) =      -0.000001 [THz] =      -0.000018 [cm-1]
 ( -0.127541   0.000000    -0.008931   0.000000     0.029568   0.000000   )
 ( -0.471541   0.000000    -0.119143   0.000000     0.483780   0.000000   )
 ( -0.264389   0.000000    -0.326295   0.000000    -0.424644   0.000000   )
 (  0.009308   0.000000     0.101280   0.000000     0.002931   0.000000   )
 (  0.216460   0.000000     0.308432   0.000000     0.056205   0.000000   )
     freq (    3) =      -0.000000 [THz] =      -0.000009 [cm-1]
 ( -0.046139   0.000000    -0.316640   0.000000    -0.185560   0.000000   )
 ( -0.195430   0.000000    -0.035919   0.000000    -0.316991   0.000000   )
 (  0.097613   0.000000    -0.328961   0.000000    -0.054129   0.000000   )
 ( -0.189890   0.000000    -0.597362   0.000000    -0.322530   0.000000   )
 (  0.103152   0.000000    -0.304320   0.000000    -0.048590   0.000000   )
     freq (    4) =      -0.000000 [THz] =      -0.000004 [cm-1]
 (  0.084757   0.000000    -0.121559   0.000000     0.227804   0.000000   )
 ( -0.066830   0.000000     0.085367   0.000000     0.172465   0.000000   )
 (  0.445156   0.000000    -0.426619   0.000000     0.283143   0.000000   )
 ( -0.275642   0.000000    -0.328484   0.000000     0.381278   0.000000   )
 (  0.236343   0.000000     0.183502   0.000000     0.074330   0.000000   )
     freq (    5) =       0.000001 [THz] =       0.000018 [cm-1]
 ( -0.080010   0.000000     0.070119   0.000000    -0.016391   0.000000   )
 ( -0.229259   0.000000     0.506544   0.000000    -0.303566   0.000000   )
 (  0.321832   0.000000    -0.044547   0.000000     0.270784   0.000000   )
 ( -0.481852   0.000000    -0.366305   0.000000    -0.050973   0.000000   )
 (  0.069239   0.000000     0.184786   0.000000     0.018191   0.000000   )
     freq (    6) =       0.000001 [THz] =       0.000021 [cm-1]
 ( -0.153399   0.000000    -0.047031   0.000000     0.083968   0.000000   )
 (  0.284868   0.000000    -0.210039   0.000000    -0.191290   0.000000   )
 ( -0.208106   0.000000     0.282934   0.000000     0.359226   0.000000   )
 ( -0.098692   0.000000     0.115978   0.000000     0.192270   0.000000   )
 ( -0.591666   0.000000    -0.376996   0.000000    -0.024333   0.000000   )
     freq (    7) =      22.212497 [THz] =     740.929160 [cm-1]
 (  0.000000   0.000000     0.000000   0.000000     0.000000   0.000000   )
 ( -0.098392   0.000000     0.392328   0.000000    -0.293935   0.000000   )
 (  0.098392   0.000000    -0.392328   0.000000    -0.293935   0.000000   )
 (  0.098392   0.000000     0.392328   0.000000     0.293935   0.000000   )
 ( -0.098392   0.000000    -0.392328   0.000000     0.293935   0.000000   )
     freq (    8) =      22.212516 [THz] =     740.929787 [cm-1]
 ( -0.000000   0.000000    -0.000000   0.000000     0.000000   0.000000   )
 (  0.396214   0.000000    -0.112897   0.000000    -0.283317   0.000000   )
 ( -0.396214   0.000000     0.112897   0.000000    -0.283317   0.000000   )
 ( -0.396214   0.000000    -0.112897   0.000000     0.283317   0.000000   )
 (  0.396214   0.000000     0.112897   0.000000     0.283317   0.000000   )
     freq (    9) =      27.099339 [THz] =     903.936663 [cm-1]
 (  0.000000   0.000000     0.055439   0.000000     0.000000   0.000000   )
 (  0.223718   0.000000    -0.386177   0.000000     0.223718   0.000000   )
 (  0.223718   0.000000    -0.386177   0.000000    -0.223718   0.000000   )
 ( -0.223718   0.000000    -0.386177   0.000000    -0.223718   0.000000   )
 ( -0.223718   0.000000    -0.386177   0.000000     0.223718   0.000000   )
     freq (   10) =      27.099344 [THz] =     903.936800 [cm-1]
 ( -0.000000   0.000000     0.000000   0.000000    -0.055439   0.000000   )
 ( -0.223718   0.000000    -0.223718   0.000000     0.386177   0.000000   )
 (  0.223718   0.000000     0.223718   0.000000     0.386177   0.000000   )
 ( -0.223718   0.000000     0.223718   0.000000     0.386177   0.000000   )
 (  0.223718   0.000000    -0.223718   0.000000     0.386177   0.000000   )
     freq (   11) =      27.099348 [THz] =     903.936937 [cm-1]
 ( -0.055439   0.000000     0.000000   0.000000     0.000000   0.000000   )
 (  0.386177   0.000000    -0.223718   0.000000    -0.223718   0.000000   )
 (  0.386177   0.000000    -0.223718   0.000000     0.223718   0.000000   )
 (  0.386177   0.000000     0.223718   0.000000    -0.223718   0.000000   )
 (  0.386177   0.000000     0.223718   0.000000     0.223718   0.000000   )
     freq (   12) =      75.527776 [THz] =    2519.335420 [cm-1]
 (  0.000000   0.000000    -0.041767   0.000000     0.000000   0.000000   )
 (  0.287156   0.000000     0.290941   0.000000     0.287156   0.000000   )
 (  0.287156   0.000000     0.290941   0.000000    -0.287156   0.000000   )
 ( -0.287156   0.000000     0.290941   0.000000    -0.287156   0.000000   )
 ( -0.287156   0.000000     0.290941   0.000000     0.287156   0.000000   )
     freq (   13) =      75.527776 [THz] =    2519.335439 [cm-1]
 (  0.041767   0.000000     0.000000   0.000000    -0.000000   0.000000   )
 ( -0.290941   0.000000    -0.287156   0.000000    -0.287156   0.000000   )
 ( -0.290941   0.000000    -0.287156   0.000000     0.287156   0.000000   )
 ( -0.290941   0.000000     0.287156   0.000000    -0.287156   0.000000   )
 ( -0.290941   0.000000     0.287156   0.000000     0.287156   0.000000   )
     freq (   14) =      75.527777 [THz] =    2519.335456 [cm-1]
 (  0.000000   0.000000     0.000000   0.000000     0.041767   0.000000   )
 ( -0.287156   0.000000    -0.287156   0.000000    -0.290941   0.000000   )
 (  0.287156   0.000000     0.287156   0.000000    -0.290941   0.000000   )
 ( -0.287156   0.000000     0.287156   0.000000    -0.290941   0.000000   )
 (  0.287156   0.000000    -0.287156   0.000000    -0.290941   0.000000   )
     freq (   15) =      82.471835 [THz] =    2750.964312 [cm-1]
 (  0.000000   0.000000    -0.000000   0.000000    -0.000000   0.000000   )
 ( -0.288675   0.000000    -0.288675   0.000000    -0.288675   0.000000   )
 (  0.288675   0.000000     0.288675   0.000000    -0.288675   0.000000   )
 (  0.288675   0.000000    -0.288675   0.000000     0.288675   0.000000   )
 ( -0.288675   0.000000     0.288675   0.000000     0.288675   0.000000   )
 **************************************************************************
